DEBUG:root:Initiating Main program
DEBUG:root:GUI is built
DEBUG:root:Open File...
DEBUG:root:Calculate Called
INFO:root:Reading watermaze
DEBUG:root:Running through columns: 0.007.1242.94
DEBUG:root:Running through columns: 0.086.6742.94
DEBUG:root:Running through columns: 0.186.9042.27
DEBUG:root:Running through columns: 0.288.0142.05
DEBUG:root:Running through columns: 0.388.6841.60
DEBUG:root:Running through columns: 0.488.6841.60
DEBUG:root:Running through columns: 0.589.3441.38
DEBUG:root:Running through columns: 0.689.7940.71
DEBUG:root:Running through columns: 0.7810.9039.82
DEBUG:root:Running through columns: 0.8812.4639.15
DEBUG:root:Running through columns: 0.9814.2439.38
DEBUG:root:Running through columns: 1.0815.7939.82
DEBUG:root:Running through columns: 1.1817.3540.93
DEBUG:root:Running through columns: 1.2818.0242.27
DEBUG:root:Running through columns: 1.3818.4643.83
DEBUG:root:Running through columns: 1.4818.2445.38
DEBUG:root:Running through columns: 1.5818.2446.49
DEBUG:root:Running through columns: 1.6818.4647.38
DEBUG:root:Running through columns: 1.7818.9148.27
DEBUG:root:Running through columns: 1.8819.5849.16
DEBUG:root:Running through columns: 1.9820.6950.50
DEBUG:root:Running through columns: 2.0822.4751.39
DEBUG:root:Running through columns: 2.1824.2552.06
DEBUG:root:Running through columns: 2.2825.5852.95
DEBUG:root:Running through columns: 2.3826.7053.39
DEBUG:root:Running through columns: 2.4827.3654.73
DEBUG:root:Running through columns: 2.5827.3656.28
DEBUG:root:Running through columns: 2.6828.0357.84
DEBUG:root:Running through columns: 2.7828.7059.84
DEBUG:root:Running through columns: 2.8828.9261.62
DEBUG:root:Running through columns: 2.9828.7063.85
DEBUG:root:Running through columns: 3.0828.7066.29
DEBUG:root:Running through columns: 3.1828.2567.41
DEBUG:root:Running through columns: 3.2827.8167.41
DEBUG:root:Running through columns: 3.3827.8168.52
DEBUG:root:Running through columns: 3.4828.2569.63
DEBUG:root:Running through columns: 3.5828.7070.52
DEBUG:root:Running through columns: 3.6828.9270.97
DEBUG:root:Running through columns: 3.7829.1471.19
DEBUG:root:Running through columns: 3.8829.3771.41
DEBUG:root:Running through columns: 
DEBUG:root:Goal position set manually: 0,0
DEBUG:root:Maze centre set manually: 0,0
DEBUG:root:Maze diameter set manually: 300
DEBUG:root:Calculating search strategies
DEBUG:root:Open File...
DEBUG:root:Calculate Called
INFO:root:Reading watermaze
DEBUG:root:Running through columns: 0.016.9046.94
DEBUG:root:Running through columns: 0.086.6746.72
DEBUG:root:Running through columns: 0.186.6746.49
DEBUG:root:Running through columns: 0.286.4546.27
DEBUG:root:Running through columns: 0.387.1245.83
DEBUG:root:Running through columns: 0.487.3446.05
DEBUG:root:Running through columns: 0.588.4546.27
DEBUG:root:Running through columns: 0.689.7947.38
DEBUG:root:Running through columns: 0.7810.4648.05
DEBUG:root:Running through columns: 0.8810.0149.16
DEBUG:root:Running through columns: 0.989.5750.05
DEBUG:root:Running through columns: 1.088.4550.50
DEBUG:root:Running through columns: 1.187.3450.28
DEBUG:root:Running through columns: 1.286.2349.61
DEBUG:root:Running through columns: 1.386.2349.16
DEBUG:root:Running through columns: 1.486.9049.39
DEBUG:root:Running through columns: 1.587.3448.72
DEBUG:root:Running through columns: 1.688.0148.27
DEBUG:root:Running through columns: 1.788.2347.16
DEBUG:root:Running through columns: 1.889.1246.05
DEBUG:root:Running through columns: 1.9810.4644.49
DEBUG:root:Running through columns: 2.0811.7943.16
DEBUG:root:Running through columns: 2.1812.9041.82
DEBUG:root:Running through columns: 2.2814.0240.04
DEBUG:root:Running through columns: 2.3814.9138.26
DEBUG:root:Running through columns: 2.4816.0236.26
DEBUG:root:Running through columns: 2.5817.1334.48
DEBUG:root:Running through columns: 2.6818.2432.70
DEBUG:root:Running through columns: 2.7819.3530.70
DEBUG:root:Running through columns: 2.8820.6928.70
DEBUG:root:Running through columns: 2.9821.5827.14
DEBUG:root:Running through columns: 3.0822.2525.58
DEBUG:root:Running through columns: 3.1822.2524.03
DEBUG:root:Running through columns: 3.2822.0222.47
DEBUG:root:Running through columns: 3.3821.8021.36
DEBUG:root:Running through columns: 3.4822.0220.69
DEBUG:root:Running through columns: 3.5822.0219.80
DEBUG:root:Running through columns: 3.6822.2518.91
DEBUG:root:Running through columns: 3.7822.9118.02
DEBUG:root:Running through columns: 3.8824.0317.35
DEBUG:root:Running through columns: 3.9825.1417.13
DEBUG:root:Running through columns: 4.0826.9217.80
DEBUG:root:Running through columns: 4.1828.2518.69
DEBUG:root:Running through columns: 4.2829.1419.58
DEBUG:root:Running through columns: 4.3830.0320.47
DEBUG:root:Running through columns: 4.4830.2621.58
DEBUG:root:Running through columns: 4.5830.0322.91
DEBUG:root:Running through columns: 4.6829.5924.25
DEBUG:root:Running through columns: 4.7828.9225.58
DEBUG:root:Running through columns: 4.8828.0326.70
DEBUG:root:Running through columns: 4.9826.9227.81
DEBUG:root:Running through columns: 5.0825.3629.14
DEBUG:root:Running through columns: 5.1824.0330.03
DEBUG:root:Running through columns: 5.2822.9130.70
DEBUG:root:Running through columns: 5.3822.0231.37
DEBUG:root:Running through columns: 5.4821.3632.03
DEBUG:root:Running through columns: 5.5820.6932.92
DEBUG:root:Running through columns: 5.6820.2433.81
DEBUG:root:Running through columns: 5.7819.5834.70
DEBUG:root:Running through columns: 5.8818.9134.93
DEBUG:root:Running through columns: 5.9818.4635.82
DEBUG:root:Running through columns: 6.0817.5736.26
DEBUG:root:Running through columns: 6.1816.4636.48
DEBUG:root:Running through columns: 6.2816.0236.48
DEBUG:root:Running through columns: 6.3815.3536.26
DEBUG:root:Running through columns: 6.4814.9135.82
DEBUG:root:Running through columns: 6.5814.4635.15
DEBUG:root:Running through columns: 6.6814.4634.26
DEBUG:root:Running through columns: 6.7814.4633.15
DEBUG:root:Running through columns: 6.8814.4631.81
DEBUG:root:Running through columns: 6.9814.2430.70
DEBUG:root:Running through columns: 7.0814.6829.37
DEBUG:root:Running through columns: 7.1815.3528.03
DEBUG:root:Running through columns: 7.2815.7926.92
DEBUG:root:Running through columns: 7.3816.6826.03
DEBUG:root:Running through columns: 7.4817.5725.58
DEBUG:root:Running through columns: 7.5818.6925.14
DEBUG:root:Running through columns: 7.6820.0225.14
DEBUG:root:Running through columns: 7.7821.5825.14
DEBUG:root:Running through columns: 7.8822.9125.14
DEBUG:root:Running through columns: 7.9824.4725.36
DEBUG:root:Running through columns: 8.0825.5825.81
DEBUG:root:Running through columns: 8.1826.9226.25
DEBUG:root:Running through columns: 8.2828.2527.14
DEBUG:root:Running through columns: 8.3829.3728.03
DEBUG:root:Running through columns: 8.4830.2629.14
DEBUG:root:Running through columns: 8.5830.7030.48
DEBUG:root:Running through columns: 8.6831.1431.59
DEBUG:root:Running through columns: 8.7830.9233.15
DEBUG:root:Running through columns: 8.8830.2634.26
DEBUG:root:Running through columns: 8.9829.5935.15
DEBUG:root:Running through columns: 9.0828.2536.04
DEBUG:root:Running through columns: 9.1826.9236.71
DEBUG:root:Running through columns: 9.2825.3637.15
DEBUG:root:Running through columns: 9.3823.5837.82
DEBUG:root:Running through columns: 9.4822.2538.49
DEBUG:root:Running through columns: 9.5820.4739.38
DEBUG:root:Running through columns: 9.6819.1340.27
DEBUG:root:Running through columns: 9.7817.5741.38
DEBUG:root:Running through columns: 9.8816.0242.27
DEBUG:root:Running through columns: 9.9815.1342.49
DEBUG:root:Running through columns: 10.0814.4642.71
DEBUG:root:Running through columns: 10.1813.5742.27
DEBUG:root:Running through columns: 10.2812.9042.05
DEBUG:root:Running through columns: 10.3812.6841.16
DEBUG:root:Running through columns: 10.4812.4640.27
DEBUG:root:Running through columns: 10.5812.9039.82
DEBUG:root:Running through columns: 10.6813.3539.82
DEBUG:root:Running through columns: 10.7814.0239.38
DEBUG:root:Running through columns: 10.8814.6839.60
DEBUG:root:Running through columns: 10.9815.3539.82
DEBUG:root:Running through columns: 11.0816.2440.27
DEBUG:root:Running through columns: 11.1817.3541.16
DEBUG:root:Running through columns: 11.2818.4642.05
DEBUG:root:Running through columns: 11.3819.8042.94
DEBUG:root:Running through columns: 11.4821.5843.83
DEBUG:root:Running through columns: 11.5823.1445.38
DEBUG:root:Running through columns: 11.6824.6946.72
DEBUG:root:Running through columns: 11.7825.8148.50
DEBUG:root:Running through columns: 11.8826.7050.28
DEBUG:root:Running through columns: 11.9827.1451.83
DEBUG:root:Running through columns: 12.0826.7052.95
DEBUG:root:Running through columns: 12.1826.2554.06
DEBUG:root:Running through columns: 12.2825.5854.28
DEBUG:root:Running through columns: 12.3825.1454.73
DEBUG:root:Running through columns: 12.4824.6954.73
DEBUG:root:Running through columns: 12.5824.4754.28
DEBUG:root:Running through columns: 12.6824.4753.84
DEBUG:root:Running through columns: 12.7824.0353.39
DEBUG:root:Running through columns: 12.8824.4752.28
DEBUG:root:Running through columns: 12.9824.9251.83
DEBUG:root:Running through columns: 13.0825.8150.94
DEBUG:root:Running through columns: 13.1826.7050.28
DEBUG:root:Running through columns: 13.2828.0349.83
DEBUG:root:Running through columns: 13.3829.3749.16
DEBUG:root:Running through columns: 13.4831.3748.72
DEBUG:root:Running through columns: 13.5833.3748.27
DEBUG:root:Running through columns: 13.6835.5948.05
DEBUG:root:Running through columns: 13.7838.0447.38
DEBUG:root:Running through columns: 13.8840.4946.94
DEBUG:root:Running through columns: 13.9842.7146.05
DEBUG:root:Running through columns: 14.0844.9444.94
DEBUG:root:Running through columns: 14.1847.1643.83
DEBUG:root:Running through columns: 14.2849.3942.49
DEBUG:root:Running through columns: 14.3851.1741.38
DEBUG:root:Running through columns: 14.4852.7239.60
DEBUG:root:Running through columns: 14.5854.2838.04
DEBUG:root:Running through columns: 14.6855.3936.26
DEBUG:root:Running through columns: 14.7856.9534.04
DEBUG:root:Running through columns: 14.8858.5132.03
DEBUG:root:Running through columns: 14.9859.8430.70
DEBUG:root:Running through columns: 15.0861.4029.37
DEBUG:root:Running through columns: 15.1863.4028.25
DEBUG:root:Running through columns: 15.2865.6327.59
DEBUG:root:Running through columns: 15.3867.8527.14
DEBUG:root:Running through columns: 15.4870.0827.14
DEBUG:root:Running through columns: 15.5872.3027.36
DEBUG:root:Running through columns: 15.6874.0828.03
DEBUG:root:Running through columns: 15.7875.4229.14
DEBUG:root:Running through columns: 15.8876.5330.26
DEBUG:root:Running through columns: 15.9876.9731.59
DEBUG:root:Running through columns: 16.0876.9732.92
DEBUG:root:Running through columns: 16.1876.0834.26
DEBUG:root:Running through columns: 16.2874.9735.82
DEBUG:root:Running through columns: 16.3873.8637.15
DEBUG:root:Running through columns: 16.4872.5238.49
DEBUG:root:Running through columns: 16.5870.9740.04
DEBUG:root:Running through columns: 16.6869.4141.60
DEBUG:root:Running through columns: 16.7867.6342.94
DEBUG:root:Running through columns: 16.8865.6344.27
DEBUG:root:Running through columns: 16.9863.6245.38
DEBUG:root:Running through columns: 17.0861.1846.49
DEBUG:root:Running through columns: 17.1858.7347.38
DEBUG:root:Running through columns: 17.2856.5147.83
DEBUG:root:Running through columns: 17.3854.0648.27
DEBUG:root:Running through columns: 17.4851.6149.16
DEBUG:root:Running through columns: 17.5848.9449.83
DEBUG:root:Running through columns: 17.6846.9450.72
DEBUG:root:Running through columns: 17.7844.9451.83
DEBUG:root:Running through columns: 17.8842.9452.95
DEBUG:root:Running through columns: 17.9841.1654.06
DEBUG:root:Running through columns: 18.0839.1555.39
DEBUG:root:Running through columns: 18.1837.3756.73
DEBUG:root:Running through columns: 18.2835.3757.84
DEBUG:root:Running through columns: 18.3833.5959.62
DEBUG:root:Running through columns: 18.4831.8161.18
DEBUG:root:Running through columns: 18.5829.5962.73
DEBUG:root:Running through columns: 18.6827.5964.07
DEBUG:root:Running through columns: 18.7825.5865.63
DEBUG:root:Running through columns: 18.8823.3666.96
DEBUG:root:Running through columns: 18.9820.9168.30
DEBUG:root:Running through columns: 19.0819.1368.96
DEBUG:root:Running through columns: 19.1817.5769.19
DEBUG:root:Running through columns: 19.2816.0268.74
DEBUG:root:Running through columns: 19.3814.9168.07
DEBUG:root:Running through columns: 19.4814.2467.18
DEBUG:root:Running through columns: 19.5814.0266.29
DEBUG:root:Running through columns: 19.6814.2465.63
DEBUG:root:Running through columns: 19.7814.9164.96
DEBUG:root:Running through columns: 19.8815.7964.29
DEBUG:root:Running through columns: 19.9816.9163.85
DEBUG:root:Running through columns: 20.0818.6963.62
DEBUG:root:Running through columns: 20.1820.0263.18
DEBUG:root:Running through columns: 20.2821.5862.73
DEBUG:root:Running through columns: 20.3823.1462.07
DEBUG:root:Running through columns: 20.4824.4761.18
DEBUG:root:Running through columns: 20.5826.2560.29
DEBUG:root:Running through columns: 20.6828.2558.95
DEBUG:root:Running through columns: 20.7830.2657.84
DEBUG:root:Running through columns: 20.8832.2656.73
DEBUG:root:Running through columns: 20.9834.2655.62
DEBUG:root:Running through columns: 21.0836.4854.95
DEBUG:root:Running through columns: 21.1838.7153.84
DEBUG:root:Running through columns: 21.2840.9353.17
DEBUG:root:Running through columns: 21.3843.1652.06
DEBUG:root:Running through columns: 21.4845.3851.61
DEBUG:root:Running through columns: 21.5847.6151.17
DEBUG:root:Running through columns: 21.6850.0551.39
DEBUG:root:Running through columns: 21.7852.0651.61
DEBUG:root:Running through columns: 21.8854.2851.83
DEBUG:root:Running through columns: 21.9856.2852.06
DEBUG:root:Running through columns: 22.0858.5152.06
DEBUG:root:Running through columns: 22.1860.7352.06
DEBUG:root:Running through columns: 22.2862.7352.06
DEBUG:root:Running through columns: 22.3864.7452.72
DEBUG:root:Running through columns: 22.4866.7453.61
DEBUG:root:Running through columns: 22.5868.7454.95
DEBUG:root:Running through columns: 22.6870.0856.51
DEBUG:root:Running through columns: 22.7871.1958.29
DEBUG:root:Running through columns: 22.8871.8660.29
DEBUG:root:Running through columns: 22.9872.3062.29
DEBUG:root:Running through columns: 23.0872.0864.07
DEBUG:root:Running through columns: 23.1871.6366.29
DEBUG:root:Running through columns: 23.2871.1968.07
DEBUG:root:Running through columns: 23.3870.7470.08
DEBUG:root:Running through columns: 23.4870.5271.86
DEBUG:root:Running through columns: 23.5870.0873.86
DEBUG:root:Running through columns: 23.6869.8576.30
DEBUG:root:Running through columns: 23.7869.6378.53
DEBUG:root:Running through columns: 23.8869.4180.98
DEBUG:root:Running through columns: 23.9869.4183.42
DEBUG:root:Running through columns: 24.0869.4185.87
DEBUG:root:Running through columns: 24.1869.6388.10
DEBUG:root:Running through columns: 24.2870.3090.32
DEBUG:root:Running through columns: 24.3871.1992.77
DEBUG:root:Running through columns: 24.4871.8694.55
DEBUG:root:Running through columns: 24.5872.5296.33
DEBUG:root:Running through columns: 24.6872.7597.22
DEBUG:root:Running through columns: 24.7872.7597.66
DEBUG:root:Running through columns: 24.8872.7597.22
DEBUG:root:Running through columns: 24.9872.0897.22
DEBUG:root:Running through columns: 25.0871.4197.22
DEBUG:root:Running through columns: 25.1870.3097.22
DEBUG:root:Running through columns: 25.2869.1996.99
DEBUG:root:Running through columns: 25.3867.6396.99
DEBUG:root:Running through columns: 25.4865.8596.55
DEBUG:root:Running through columns: 25.5863.8596.10
DEBUG:root:Running through columns: 25.6861.8495.88
DEBUG:root:Running through columns: 25.7859.6295.66
DEBUG:root:Running through columns: 25.8857.6294.77
DEBUG:root:Running through columns: 25.9855.6294.10
DEBUG:root:Running through columns: 26.0853.3993.21
DEBUG:root:Running through columns: 26.1851.1792.32
DEBUG:root:Running through columns: 26.2848.9491.88
DEBUG:root:Running through columns: 26.3846.9491.21
DEBUG:root:Running through columns: 26.4844.2790.54
DEBUG:root:Running through columns: 26.5842.0590.10
DEBUG:root:Running through columns: 26.6839.6089.88
DEBUG:root:Running through columns: 26.7836.9389.43
DEBUG:root:Running through columns: 26.8834.2688.99
DEBUG:root:Running through columns: 26.9831.8188.54
DEBUG:root:Running through columns: 27.0829.1487.87
DEBUG:root:Running through columns: 27.1826.4787.21
DEBUG:root:Running through columns: 27.2824.0386.54
DEBUG:root:Running through columns: 27.3821.5885.65
DEBUG:root:Running through columns: 27.4819.3584.54
DEBUG:root:Running through columns: 27.5817.3583.20
DEBUG:root:Running through columns: 27.6815.7981.42
DEBUG:root:Running through columns: 27.7814.0279.64
DEBUG:root:Running through columns: 27.8812.9077.86
DEBUG:root:Running through columns: 27.9811.5775.86
DEBUG:root:Running through columns: 28.0810.4674.08
DEBUG:root:Running through columns: 28.189.3472.08
DEBUG:root:Running through columns: 28.288.9070.08
DEBUG:root:Running through columns: 28.388.2367.85
DEBUG:root:Running through columns: 28.487.7966.07
DEBUG:root:Running through columns: 28.587.3464.29
DEBUG:root:Running through columns: 28.686.4562.73
DEBUG:root:Running through columns: 28.785.7860.96
DEBUG:root:Running through columns: 28.885.3458.95
DEBUG:root:Running through columns: 28.985.1257.17
DEBUG:root:Running through columns: 29.085.1255.17
DEBUG:root:Running through columns: 29.185.3453.17
DEBUG:root:Running through columns: 29.286.0150.72
DEBUG:root:Running through columns: 29.386.6748.50
DEBUG:root:Running through columns: 29.487.3446.72
DEBUG:root:Running through columns: 29.587.7944.72
DEBUG:root:Running through columns: 29.688.2342.49
DEBUG:root:Running through columns: 29.788.6840.49
DEBUG:root:Running through columns: 29.888.9038.26
DEBUG:root:Running through columns: 29.988.9036.48
DEBUG:root:Running through columns: 30.088.6834.70
DEBUG:root:Running through columns: 30.189.1232.70
DEBUG:root:Running through columns: 30.289.7930.92
DEBUG:root:Running through columns: 30.3810.6829.59
DEBUG:root:Running through columns: 30.4811.5728.03
DEBUG:root:Running through columns: 30.5812.6827.14
DEBUG:root:Running through columns: 30.6813.5725.58
DEBUG:root:Running through columns: 30.7815.1324.69
DEBUG:root:Running through columns: 30.8816.4623.36
DEBUG:root:Running through columns: 30.9817.8022.02
DEBUG:root:Running through columns: 31.0819.3520.47
DEBUG:root:Running through columns: 31.1820.9119.35
DEBUG:root:Running through columns: 31.2822.4717.80
DEBUG:root:Running through columns: 31.3923.8016.24
DEBUG:root:Running through columns: 31.5226.0314.24
DEBUG:root:Running through columns: 31.5826.9213.13
DEBUG:root:Running through columns: 31.6828.2512.01
DEBUG:root:Running through columns: 31.8130.7010.46
DEBUG:root:Running through columns: 31.9032.269.79
DEBUG:root:Running through columns: 31.9833.598.90
DEBUG:root:Running through columns: 32.0835.378.45
DEBUG:root:Running through columns: 32.1837.377.79
DEBUG:root:Running through columns: 32.2839.157.12
DEBUG:root:Running through columns: 32.3841.386.90
DEBUG:root:Running through columns: 32.4843.386.45
DEBUG:root:Running through columns: 32.5844.946.01
DEBUG:root:Running through columns: 32.6846.945.12
DEBUG:root:Running through columns: 32.7848.944.89
DEBUG:root:Running through columns: 32.8851.174.67
DEBUG:root:Running through columns: 32.9852.954.67
DEBUG:root:Running through columns: 33.0854.734.67
DEBUG:root:Running through columns: 33.1856.514.67
DEBUG:root:Running through columns: 33.2858.295.12
DEBUG:root:Running through columns: 33.3860.075.34
DEBUG:root:Running through columns: 33.4861.625.56
DEBUG:root:Running through columns: 33.5862.966.01
DEBUG:root:Running through columns: 33.6863.856.45
DEBUG:root:Running through columns: 33.7864.746.67
DEBUG:root:Running through columns: 33.8865.187.12
DEBUG:root:Running through columns: 33.9865.637.56
DEBUG:root:Running through columns: 34.0866.747.56
DEBUG:root:Running through columns: 34.1867.417.56
DEBUG:root:Running through columns: 34.2868.077.79
DEBUG:root:Running through columns: 34.3869.197.56
DEBUG:root:Running through columns: 34.4870.307.56
DEBUG:root:Running through columns: 34.5872.087.56
DEBUG:root:Running through columns: 34.6873.868.23
DEBUG:root:Running through columns: 34.7875.649.12
DEBUG:root:Running through columns: 34.8877.4210.01
DEBUG:root:Running through columns: 34.9878.9710.90
DEBUG:root:Running through columns: 35.0881.6412.24
DEBUG:root:Running through columns: 35.1883.8713.79
DEBUG:root:Running through columns: 35.2885.6515.79
DEBUG:root:Running through columns: 35.3887.8717.80
DEBUG:root:Running through columns: 35.4889.4319.58
DEBUG:root:Running through columns: 35.5891.2121.36
DEBUG:root:Running through columns: 35.6892.5423.36
DEBUG:root:Running through columns: 35.7893.8825.14
DEBUG:root:Running through columns: 35.8895.2127.36
DEBUG:root:Running through columns: 35.9896.5529.14
DEBUG:root:Running through columns: 36.0897.6631.14
DEBUG:root:Running through columns: 36.1898.5533.15
DEBUG:root:Running through columns: 36.2899.8935.15
DEBUG:root:Running through columns: 36.38100.3337.37
DEBUG:root:Running through columns: 36.48100.7839.60
DEBUG:root:Running through columns: 36.58101.2241.82
DEBUG:root:Running through columns: 36.68101.6744.05
DEBUG:root:Running through columns: 36.78101.8946.27
DEBUG:root:Running through columns: 36.88102.3348.72
DEBUG:root:Running through columns: 36.98102.7850.94
DEBUG:root:Running through columns: 37.08103.0053.17
DEBUG:root:Running through columns: 37.18102.7855.84
DEBUG:root:Running through columns: 37.28102.5657.84
DEBUG:root:Running through columns: 37.38101.8960.29
DEBUG:root:Running through columns: 37.48101.4462.29
DEBUG:root:Running through columns: 37.58100.7864.51
DEBUG:root:Running through columns: 37.6899.8966.74
DEBUG:root:Running through columns: 37.7899.2268.96
DEBUG:root:Running through columns: 37.8898.3371.19
DEBUG:root:Running through columns: 37.9897.6673.19
DEBUG:root:Running through columns: 38.0896.5575.19
DEBUG:root:Running through columns: 38.1895.6677.42
DEBUG:root:Running through columns: 38.2894.5579.42
DEBUG:root:Running through columns: 38.3893.4381.42
DEBUG:root:Running through columns: 38.4891.6582.98
DEBUG:root:Running through columns: 38.5890.1084.54
DEBUG:root:Running through columns: 38.6888.1085.87
DEBUG:root:Running through columns: 38.7886.3286.76
DEBUG:root:Running through columns: 38.8884.5488.10
DEBUG:root:Running through columns: 38.9882.3188.10
DEBUG:root:Running through columns: 39.0880.5388.10
DEBUG:root:Running through columns: 39.1878.7587.65
DEBUG:root:Running through columns: 39.2876.9787.43
DEBUG:root:Running through columns: 39.3875.4286.76
DEBUG:root:Running through columns: 39.4874.0885.87
DEBUG:root:Running through columns: 39.5872.9784.76
DEBUG:root:Running through columns: 39.6871.4183.42
DEBUG:root:Running through columns: 39.7869.8582.09
DEBUG:root:Running through columns: 39.8868.3080.75
DEBUG:root:Running through columns: 39.9866.9679.64
DEBUG:root:Running through columns: 40.0865.4078.75
DEBUG:root:Running through columns: 40.1863.6278.31
DEBUG:root:Running through columns: 40.2861.8478.08
DEBUG:root:Running through columns: 40.3860.0778.53
DEBUG:root:Running through columns: 40.4858.0678.75
DEBUG:root:Running through columns: 40.5856.0679.20
DEBUG:root:Running through columns: 40.6853.8479.86
DEBUG:root:Running through columns: 40.7851.6180.98
DEBUG:root:Running through columns: 40.8849.3981.87
DEBUG:root:Running through columns: 40.9847.3882.98
DEBUG:root:Running through columns: 41.0845.3884.31
DEBUG:root:Running through columns: 41.1843.1685.43
DEBUG:root:Running through columns: 41.2841.1686.98
DEBUG:root:Running through columns: 41.3839.3888.10
DEBUG:root:Running through columns: 41.4837.1589.65
DEBUG:root:Running through columns: 41.5834.9390.99
DEBUG:root:Running through columns: 41.6832.7092.10
DEBUG:root:Running through columns: 41.7830.9293.21
DEBUG:root:Running through columns: 41.8828.7093.88
DEBUG:root:Running through columns: 41.9826.2594.10
DEBUG:root:Running through columns: 42.0824.6993.43
DEBUG:root:Running through columns: 42.1822.6992.54
DEBUG:root:Running through columns: 42.2821.3691.21
DEBUG:root:Running through columns: 42.3820.4789.88
DEBUG:root:Running through columns: 42.4819.1387.87
DEBUG:root:Running through columns: 42.5817.8085.43
DEBUG:root:Running through columns: 42.6816.6882.98
DEBUG:root:Running through columns: 42.7815.7980.75
DEBUG:root:Running through columns: 42.8815.3578.53
DEBUG:root:Running through columns: 42.9815.1376.53
DEBUG:root:Running through columns: 43.0815.3574.30
DEBUG:root:Running through columns: 43.1815.7972.30
DEBUG:root:Running through columns: 43.2816.2470.52
DEBUG:root:Running through columns: 43.3816.6868.74
DEBUG:root:Running through columns: 43.4816.9166.74
DEBUG:root:Running through columns: 43.5816.4664.96
DEBUG:root:Running through columns: 43.6816.0263.18
DEBUG:root:Running through columns: 43.7815.5761.40
DEBUG:root:Running through columns: 43.8814.4659.62
DEBUG:root:Running through columns: 43.9814.0257.62
DEBUG:root:Running through columns: 44.0813.1355.84
DEBUG:root:Running through columns: 44.1812.2453.84
DEBUG:root:Running through columns: 44.2812.0152.06
DEBUG:root:Running through columns: 44.3812.4650.72
DEBUG:root:Running through columns: 44.4812.6849.16
DEBUG:root:Running through columns: 44.5813.7948.05
DEBUG:root:Running through columns: 44.6814.9146.94
DEBUG:root:Running through columns: 44.7816.2446.27
DEBUG:root:Running through columns: 44.8817.8045.61
DEBUG:root:Running through columns: 44.9819.8045.16
DEBUG:root:Running through columns: 45.0821.5844.94
DEBUG:root:Running through columns: 45.1823.3644.72
DEBUG:root:Running through columns: 45.2825.3644.49
DEBUG:root:Running through columns: 45.3827.3644.27
DEBUG:root:Running through columns: 45.4829.5944.05
DEBUG:root:Running through columns: 45.5831.8143.60
DEBUG:root:Running through columns: 45.6834.0443.38
DEBUG:root:Running through columns: 45.7836.2643.16
DEBUG:root:Running through columns: 45.8838.4942.94
DEBUG:root:Running through columns: 45.9840.7142.71
DEBUG:root:Running through columns: 46.0843.3842.94
DEBUG:root:Running through columns: 46.1845.6142.94
DEBUG:root:Running through columns: 46.2847.8342.94
DEBUG:root:Running through columns: 46.3850.0542.94
DEBUG:root:Running through columns: 46.4852.5042.71
DEBUG:root:Running through columns: 46.5854.9542.71
DEBUG:root:Running through columns: 46.6857.1742.27
DEBUG:root:Running through columns: 46.7859.4041.82
DEBUG:root:Running through columns: 46.8861.6241.60
DEBUG:root:Running through columns: 46.9863.8541.38
DEBUG:root:Running through columns: 47.0866.2941.60
DEBUG:root:Running through columns: 47.1868.3041.82
DEBUG:root:Running through columns: 47.2870.3042.49
DEBUG:root:Running through columns: 47.3872.5243.38
DEBUG:root:Running through columns: 47.4874.5344.49
DEBUG:root:Running through columns: 47.5876.3045.61
DEBUG:root:Running through columns: 47.6878.0846.72
DEBUG:root:Running through columns: 47.7880.3148.05
DEBUG:root:Running through columns: 47.8882.0949.16
DEBUG:root:Running through columns: 47.9883.8750.50
DEBUG:root:Running through columns: 48.0885.8751.83
DEBUG:root:Running through columns: 48.1887.4353.39
DEBUG:root:Running through columns: 48.2889.2154.73
DEBUG:root:Running through columns: 48.3890.9956.51
DEBUG:root:Running through columns: 48.4892.3258.51
DEBUG:root:Running through columns: 48.5893.6660.51
DEBUG:root:Running through columns: 48.6894.7762.29
DEBUG:root:Running through columns: 48.7895.8864.51
DEBUG:root:Running through columns: 48.8897.2266.52
DEBUG:root:Running through columns: 48.9898.3368.30
DEBUG:root:Running through columns: 49.0899.0069.85
DEBUG:root:Running through columns: 49.1899.6670.74
DEBUG:root:Running through columns: 49.2899.6670.74
DEBUG:root:Running through columns: 49.3899.4470.52
DEBUG:root:Running through columns: 49.4899.2270.52
DEBUG:root:Running through columns: 49.5899.0070.74
DEBUG:root:Running through columns: 49.6898.3371.19
DEBUG:root:Running through columns: 49.7897.8871.86
DEBUG:root:Running through columns: 49.8897.2273.19
DEBUG:root:Running through columns: 49.9896.1074.30
DEBUG:root:Running through columns: 50.0894.9975.86
DEBUG:root:Running through columns: 50.1893.8876.75
DEBUG:root:Running through columns: 50.2892.5478.31
DEBUG:root:Running through columns: 50.3890.9979.86
DEBUG:root:Running through columns: 50.4889.8881.42
DEBUG:root:Running through columns: 50.5888.3282.98
DEBUG:root:Running through columns: 50.6886.7684.54
DEBUG:root:Running through columns: 50.7885.4386.32
DEBUG:root:Running through columns: 50.8884.0987.87
DEBUG:root:Running through columns: 50.9882.3189.43
DEBUG:root:Running through columns: 51.0880.7590.99
DEBUG:root:Running through columns: 51.1878.7592.32
DEBUG:root:Running through columns: 51.2876.9793.88
DEBUG:root:Running through columns: 51.3875.1994.99
DEBUG:root:Running through columns: 51.4873.1996.33
DEBUG:root:Running through columns: 51.5870.9797.66
DEBUG:root:Running through columns: 51.6868.9698.55
DEBUG:root:Running through columns: 51.7866.7499.66
DEBUG:root:Running through columns: 51.8864.51100.33
DEBUG:root:Running through columns: 51.9862.29101.00
DEBUG:root:Running through columns: 52.0860.07101.00
DEBUG:root:Running through columns: 52.1857.84101.00
DEBUG:root:Running through columns: 52.2856.06101.00
DEBUG:root:Running through columns: 52.3853.84100.55
DEBUG:root:Running through columns: 52.4852.06100.11
DEBUG:root:Running through columns: 52.5850.0599.66
DEBUG:root:Running through columns: 52.6848.0599.22
DEBUG:root:Running through columns: 52.7846.2799.22
DEBUG:root:Running through columns: 52.8844.4999.22
DEBUG:root:Running through columns: 52.9842.4999.22
DEBUG:root:Running through columns: 53.0840.7199.22
DEBUG:root:Running through columns: 53.1838.7199.22
DEBUG:root:Running through columns: 53.2837.6099.22
DEBUG:root:Running through columns: 53.3836.2698.55
DEBUG:root:Running through columns: 53.4835.1597.88
DEBUG:root:Running through columns: 53.5834.4897.22
DEBUG:root:Running through columns: 53.6833.8196.33
DEBUG:root:Running through columns: 53.7833.8195.21
DEBUG:root:Running through columns: 53.8833.8193.88
DEBUG:root:Running through columns: 53.9834.0492.54
DEBUG:root:Running through columns: 54.0834.4891.21
DEBUG:root:Running through columns: 54.1835.3789.88
DEBUG:root:Running through columns: 54.2836.4888.76
DEBUG:root:Running through columns: 54.3837.8287.87
DEBUG:root:Running through columns: 54.4839.3887.21
DEBUG:root:Running through columns: 54.5840.9386.32
DEBUG:root:Running through columns: 54.6842.7185.65
DEBUG:root:Running through columns: 54.7844.4984.98
DEBUG:root:Running through columns: 54.8846.4984.09
DEBUG:root:Running through columns: 54.9848.5083.42
DEBUG:root:Running through columns: 55.0850.2882.53
DEBUG:root:Running through columns: 55.1852.2881.42
DEBUG:root:Running through columns: 55.2854.2880.75
DEBUG:root:Running through columns: 55.3856.2879.64
DEBUG:root:Running through columns: 55.4858.5178.75
DEBUG:root:Running through columns: 55.5860.2977.64
DEBUG:root:Running through columns: 55.6862.5176.53
DEBUG:root:Running through columns: 55.7864.2975.19
DEBUG:root:Running through columns: 55.8866.0774.08
DEBUG:root:Running through columns: 55.9868.0772.75
DEBUG:root:Running through columns: 56.0870.3071.41
DEBUG:root:Running through columns: 56.1872.0870.52
DEBUG:root:Running through columns: 56.2874.3069.41
DEBUG:root:Running through columns: 56.3876.5368.74
DEBUG:root:Running through columns: 56.4878.5368.52
DEBUG:root:Running through columns: 56.5880.7568.52
DEBUG:root:Running through columns: 56.6882.9868.96
DEBUG:root:Running through columns: 56.7884.7669.19
DEBUG:root:Running through columns: 56.8886.7669.41
DEBUG:root:Running through columns: 56.9888.7670.08
DEBUG:root:Running through columns: 57.0890.3270.97
DEBUG:root:Running through columns: 57.1892.1072.08
DEBUG:root:Running through columns: 57.2893.6673.41
DEBUG:root:Running through columns: 57.3894.7774.75
DEBUG:root:Running through columns: 57.4895.6676.53
DEBUG:root:Running through columns: 57.5896.1077.42
DEBUG:root:Running through columns: 57.6896.3377.42
DEBUG:root:Running through columns: 57.7896.3377.64
DEBUG:root:Running through columns: 57.8896.3378.08
DEBUG:root:Running through columns: 57.9895.8878.75
DEBUG:root:Running through columns: 58.0895.2179.42
DEBUG:root:Running through columns: 58.1894.3280.53
DEBUG:root:Running through columns: 58.2893.4381.42
DEBUG:root:Running through columns: 58.3892.3282.31
DEBUG:root:Running through columns: 58.4890.9983.20
DEBUG:root:Running through columns: 58.5889.4384.31
DEBUG:root:Running through columns: 58.6888.1085.20
DEBUG:root:Running through columns: 58.7886.7685.87
DEBUG:root:Running through columns: 58.8884.9886.98
DEBUG:root:Running through columns: 58.9883.4287.87
DEBUG:root:Running through columns: 59.0882.0988.76
DEBUG:root:Running through columns: 59.1880.7589.65
DEBUG:root:Running through columns: 59.2879.4290.99
DEBUG:root:Running through columns: 59.3878.3192.54
DEBUG:root:Running through columns: 59.4877.1994.10
DEBUG:root:Running through columns: 59.5876.3095.44
DEBUG:root:Running through columns: 59.6875.4296.99
DEBUG:root:Running through columns: 59.7874.3098.11
DEBUG:root:Running through columns: 59.8872.9798.77
DEBUG:root:Running through columns: 59.9871.6399.44
DEBUG:root:Goal position set manually: 0,0
DEBUG:root:Maze centre set manually: 0,0
DEBUG:root:Maze diameter set manually: 300
DEBUG:root:Calculating search strategies
DEBUG:root:Open File...
DEBUG:root:Calculate Called
INFO:root:Reading watermaze
DEBUG:root:Running through columns: 0.0055.179.57
DEBUG:root:Running through columns: 0.0854.5010.46
DEBUG:root:Running through columns: 0.1554.5011.12
DEBUG:root:Running through columns: 0.2553.6111.35
DEBUG:root:Running through columns: 0.3552.9511.12
DEBUG:root:Running through columns: 0.4552.0610.01
DEBUG:root:Running through columns: 0.5551.838.90
DEBUG:root:Running through columns: 0.6551.837.56
DEBUG:root:Running through columns: 0.7552.506.23
DEBUG:root:Running through columns: 0.8553.395.34
DEBUG:root:Running through columns: 0.9553.616.01
DEBUG:root:Running through columns: 1.0553.846.45
DEBUG:root:Running through columns: 1.1554.287.12
DEBUG:root:Running through columns: 1.2555.627.79
DEBUG:root:Running through columns: 1.3557.178.45
DEBUG:root:Running through columns: 1.4558.738.68
DEBUG:root:Running through columns: 1.5560.518.45
DEBUG:root:Running through columns: 1.6562.518.45
DEBUG:root:Running through columns: 1.7564.748.23
DEBUG:root:Running through columns: 1.8566.528.23
DEBUG:root:Running through columns: 1.9568.748.68
DEBUG:root:Running through columns: 2.0569.859.57
DEBUG:root:Running through columns: 2.1570.3010.46
DEBUG:root:Running through columns: 2.2569.6311.79
DEBUG:root:Running through columns: 2.3568.7412.46
DEBUG:root:Running through columns: 2.4567.4113.13
DEBUG:root:Running through columns: 2.5565.6313.13
DEBUG:root:Running through columns: 2.6563.8512.90
DEBUG:root:Running through columns: 2.7562.2912.24
DEBUG:root:Running through columns: 2.8560.9611.12
DEBUG:root:Running through columns: 2.9560.299.79
DEBUG:root:Running through columns: 3.0559.848.23
DEBUG:root:Running through columns: 3.1559.847.12
DEBUG:root:Running through columns: 3.2560.296.45
DEBUG:root:Running through columns: 3.3560.296.67
DEBUG:root:Running through columns: 3.4560.517.34
DEBUG:root:Running through columns: 3.5560.517.56
DEBUG:root:Running through columns: 3.6561.188.01
DEBUG:root:Running through columns: 3.7562.298.68
DEBUG:root:Running through columns: 3.8563.629.12
DEBUG:root:Running through columns: 3.9565.4010.01
DEBUG:root:Running through columns: 4.0567.1810.46
DEBUG:root:Running through columns: 4.1569.1910.90
DEBUG:root:Running through columns: 4.2570.7410.68
DEBUG:root:Running through columns: 4.3571.8610.23
DEBUG:root:Running through columns: 4.4572.979.34
DEBUG:root:Running through columns: 4.5573.648.90
DEBUG:root:Running through columns: 4.6574.088.90
DEBUG:root:Running through columns: 4.7573.869.79
DEBUG:root:Running through columns: 4.8573.8610.46
DEBUG:root:Running through columns: 4.9574.0811.12
DEBUG:root:Running through columns: 5.0574.3012.01
DEBUG:root:Running through columns: 5.1574.9712.46
DEBUG:root:Running through columns: 5.2576.0813.79
DEBUG:root:Running through columns: 5.3576.7514.91
DEBUG:root:Running through columns: 5.4577.1916.02
DEBUG:root:Running through columns: 5.5576.7516.91
DEBUG:root:Running through columns: 5.6576.3017.80
DEBUG:root:Running through columns: 5.7575.1918.24
DEBUG:root:Running through columns: 5.8573.8618.24
DEBUG:root:Running through columns: 5.9572.0817.80
DEBUG:root:Running through columns: 6.0570.5217.13
DEBUG:root:Running through columns: 6.1568.5216.46
DEBUG:root:Running through columns: 6.2566.7415.57
DEBUG:root:Running through columns: 6.3564.9614.24
DEBUG:root:Running through columns: 6.4563.4012.90
DEBUG:root:Running through columns: 6.5562.2911.12
DEBUG:root:Running through columns: 6.6561.629.79
DEBUG:root:Running through columns: 6.7561.628.45
DEBUG:root:Running through columns: 6.8561.847.34
DEBUG:root:Running through columns: 6.9562.736.67
DEBUG:root:Running through columns: 7.0563.186.67
DEBUG:root:Running through columns: 7.1562.737.12
DEBUG:root:Running through columns: 7.2562.737.12
DEBUG:root:Running through columns: 7.3562.967.12
DEBUG:root:Running through columns: 7.4563.627.34
DEBUG:root:Running through columns: 7.5564.517.79
DEBUG:root:Running through columns: 7.6565.408.45
DEBUG:root:Running through columns: 7.7566.079.34
DEBUG:root:Running through columns: 7.8566.5210.46
DEBUG:root:Running through columns: 7.9566.5211.35
DEBUG:root:Running through columns: 8.0566.0712.24
DEBUG:root:Running through columns: 8.1565.6312.68
DEBUG:root:Running through columns: 8.2564.7413.13
DEBUG:root:Running through columns: 8.3564.2912.68
DEBUG:root:Running through columns: 8.4563.6212.46
DEBUG:root:Running through columns: 8.5563.1811.57
DEBUG:root:Running through columns: 8.6562.7310.23
DEBUG:root:Running through columns: 8.7562.519.12
DEBUG:root:Running through columns: 8.8562.518.01
DEBUG:root:Running through columns: 8.9562.736.90
DEBUG:root:Running through columns: 9.0563.186.67
DEBUG:root:Running through columns: 9.1563.186.90
DEBUG:root:Running through columns: 9.2562.967.12
DEBUG:root:Running through columns: 9.3563.187.56
DEBUG:root:Running through columns: 9.4563.407.79
DEBUG:root:Running through columns: 9.5564.298.45
DEBUG:root:Running through columns: 9.6565.188.90
DEBUG:root:Running through columns: 9.7566.529.57
DEBUG:root:Running through columns: 9.8567.6310.46
DEBUG:root:Running through columns: 9.9568.5211.57
DEBUG:root:Running through columns: 10.0569.4112.68
DEBUG:root:Running through columns: 10.1569.6313.79
DEBUG:root:Running through columns: 10.2569.6314.91
DEBUG:root:Running through columns: 10.3569.1915.79
DEBUG:root:Running through columns: 10.4568.0716.91
DEBUG:root:Running through columns: 10.5566.7418.02
DEBUG:root:Running through columns: 10.6565.1818.91
DEBUG:root:Running through columns: 10.7563.4019.58
DEBUG:root:Running through columns: 10.8561.6219.80
DEBUG:root:Running through columns: 10.9560.0719.58
DEBUG:root:Running through columns: 11.0558.5118.69
DEBUG:root:Running through columns: 11.1556.7317.57
DEBUG:root:Running through columns: 11.2555.1716.24
DEBUG:root:Running through columns: 11.3553.3915.13
DEBUG:root:Running through columns: 11.4551.6113.35
DEBUG:root:Running through columns: 11.5550.5011.79
DEBUG:root:Running through columns: 11.6549.399.57
DEBUG:root:Running through columns: 11.7548.728.01
DEBUG:root:Running through columns: 11.8548.726.45
DEBUG:root:Running through columns: 11.9548.725.56
DEBUG:root:Running through columns: 12.0548.725.78
DEBUG:root:Running through columns: 12.1549.166.01
DEBUG:root:Running through columns: 12.2549.166.23
DEBUG:root:Running through columns: 12.3549.396.45
DEBUG:root:Running through columns: 12.4550.056.23
DEBUG:root:Running through columns: 12.5550.725.78
DEBUG:root:Running through columns: 12.6551.615.56
DEBUG:root:Running through columns: 12.7552.065.34
DEBUG:root:Running through columns: 12.8552.725.34
DEBUG:root:Running through columns: 12.9553.614.89
DEBUG:root:Running through columns: 13.0554.505.12
DEBUG:root:Running through columns: 13.1554.505.56
DEBUG:root:Running through columns: 13.2554.956.67
DEBUG:root:Running through columns: 13.3555.177.34
DEBUG:root:Running through columns: 13.4555.628.01
DEBUG:root:Running through columns: 13.5555.848.45
DEBUG:root:Running through columns: 13.6556.288.68
DEBUG:root:Running through columns: 13.7556.958.90
DEBUG:root:Running through columns: 13.8557.629.57
DEBUG:root:Running through columns: 13.9557.8410.23
DEBUG:root:Running through columns: 14.0557.8410.68
DEBUG:root:Running through columns: 14.1557.4011.12
DEBUG:root:Running through columns: 14.2556.9511.57
DEBUG:root:Running through columns: 14.3556.2812.01
DEBUG:root:Running through columns: 14.4555.1711.57
DEBUG:root:Running through columns: 14.5553.8411.57
DEBUG:root:Running through columns: 14.6552.7211.57
DEBUG:root:Running through columns: 14.7551.1711.79
DEBUG:root:Running through columns: 14.8549.8312.24
DEBUG:root:Running through columns: 14.9548.0512.90
DEBUG:root:Running through columns: 15.0546.0513.35
DEBUG:root:Running through columns: 15.1544.2713.57
DEBUG:root:Running through columns: 15.2542.0513.57
DEBUG:root:Running through columns: 15.3540.0413.13
DEBUG:root:Running through columns: 15.4537.8212.24
DEBUG:root:Running through columns: 15.5536.0411.57
DEBUG:root:Running through columns: 15.6534.0411.57
DEBUG:root:Running through columns: 15.7532.0311.57
DEBUG:root:Running through columns: 15.8530.0312.24
DEBUG:root:Running through columns: 15.9527.8113.13
DEBUG:root:Running through columns: 16.0526.2514.24
DEBUG:root:Running through columns: 16.1524.6915.79
DEBUG:root:Running through columns: 16.2522.9117.13
DEBUG:root:Running through columns: 16.3521.1318.69
DEBUG:root:Running through columns: 16.4519.5820.24
DEBUG:root:Running through columns: 16.5518.0221.80
DEBUG:root:Running through columns: 16.6516.4623.80
DEBUG:root:Running through columns: 16.7514.9125.58
DEBUG:root:Running through columns: 16.8513.3527.36
DEBUG:root:Running through columns: 16.9512.0129.37
DEBUG:root:Running through columns: 17.0510.6831.14
DEBUG:root:Running through columns: 17.159.3433.37
DEBUG:root:Running through columns: 17.258.4535.15
DEBUG:root:Running through columns: 17.357.3437.37
DEBUG:root:Running through columns: 17.456.6739.38
DEBUG:root:Running through columns: 17.556.4541.16
DEBUG:root:Running through columns: 17.656.2343.38
DEBUG:root:Running through columns: 17.755.7845.61
DEBUG:root:Running through columns: 17.855.7847.61
DEBUG:root:Running through columns: 17.955.3449.83
DEBUG:root:Running through columns: 18.055.3452.28
DEBUG:root:Running through columns: 18.155.3454.50
DEBUG:root:Running through columns: 18.255.3456.73
DEBUG:root:Running through columns: 18.355.3458.95
DEBUG:root:Running through columns: 18.455.1261.18
DEBUG:root:Running through columns: 18.555.5663.62
DEBUG:root:Running through columns: 18.656.4565.85
DEBUG:root:Running through columns: 18.757.1268.07
DEBUG:root:Running through columns: 18.858.0170.30
DEBUG:root:Running through columns: 18.958.6872.30
DEBUG:root:Running through columns: 19.059.3474.97
DEBUG:root:Running through columns: 19.1510.4676.75
DEBUG:root:Running through columns: 19.2510.9077.86
DEBUG:root:Running through columns: 19.3511.5778.08
DEBUG:root:Running through columns: 19.4512.2478.08
DEBUG:root:Running through columns: 19.5512.4677.86
DEBUG:root:Running through columns: 19.6512.6877.86
DEBUG:root:Running through columns: 19.7512.4677.86
DEBUG:root:Running through columns: 19.8512.6877.64
DEBUG:root:Running through columns: 19.9512.2476.97
DEBUG:root:Running through columns: 20.0511.5776.75
DEBUG:root:Running through columns: 20.1510.4676.30
DEBUG:root:Running through columns: 20.259.5775.86
DEBUG:root:Running through columns: 20.358.6875.19
DEBUG:root:Running through columns: 20.458.0174.53
DEBUG:root:Running through columns: 20.557.3473.41
DEBUG:root:Running through columns: 20.657.3473.19
DEBUG:root:Running through columns: 20.757.5672.97
DEBUG:root:Running through columns: 20.857.7972.97
DEBUG:root:Running through columns: 20.958.0173.19
DEBUG:root:Running through columns: 21.057.7972.97
DEBUG:root:Running through columns: 21.157.7972.75
DEBUG:root:Running through columns: 21.258.2372.08
DEBUG:root:Running through columns: 21.358.4571.19
DEBUG:root:Running through columns: 21.458.4570.30
DEBUG:root:Running through columns: 21.558.2368.96
DEBUG:root:Running through columns: 21.657.7967.18
DEBUG:root:Running through columns: 21.757.1265.63
DEBUG:root:Running through columns: 21.856.4564.07
DEBUG:root:Running through columns: 21.955.5662.73
DEBUG:root:Running through columns: 22.054.6761.62
DEBUG:root:Running through columns: 22.154.4561.18
DEBUG:root:Running through columns: 22.254.4560.51
DEBUG:root:Running through columns: 22.354.8959.62
DEBUG:root:Running through columns: 22.455.3458.29
DEBUG:root:Running through columns: 22.555.5656.73
DEBUG:root:Running through columns: 22.656.0154.95
DEBUG:root:Running through columns: 22.756.4552.72
DEBUG:root:Running through columns: 22.856.4550.94
DEBUG:root:Running through columns: 22.956.4548.50
DEBUG:root:Running through columns: 23.056.2346.27
DEBUG:root:Running through columns: 23.156.0144.27
DEBUG:root:Running through columns: 23.256.0141.82
DEBUG:root:Running through columns: 23.356.2339.60
DEBUG:root:Running through columns: 23.457.1237.82
DEBUG:root:Running through columns: 23.557.7935.82
DEBUG:root:Running through columns: 23.658.9033.59
DEBUG:root:Running through columns: 23.7510.0132.26
DEBUG:root:Running through columns: 23.8511.3530.03
DEBUG:root:Running through columns: 23.9513.7928.25
DEBUG:root:Running through columns: 24.0516.2426.47
DEBUG:root:Running through columns: 24.1517.8024.69
DEBUG:root:Running through columns: 24.2519.8023.14
DEBUG:root:Running through columns: 24.3521.8021.13
DEBUG:root:Running through columns: 24.4523.5819.35
DEBUG:root:Running through columns: 24.5525.3617.35
DEBUG:root:Running through columns: 24.6526.9215.35
DEBUG:root:Running through columns: 24.7528.4813.57
DEBUG:root:Running through columns: 24.8530.0312.01
DEBUG:root:Running through columns: 24.9531.5910.68
DEBUG:root:Running through columns: 25.0533.599.34
DEBUG:root:Running through columns: 25.1535.828.68
DEBUG:root:Running through columns: 25.2537.828.01
DEBUG:root:Running through columns: 25.3540.277.79
DEBUG:root:Running through columns: 25.4542.498.01
DEBUG:root:Running through columns: 25.5544.499.12
DEBUG:root:Running through columns: 25.6546.0510.23
DEBUG:root:Running through columns: 25.7547.6111.57
DEBUG:root:Running through columns: 25.8548.9413.35
DEBUG:root:Running through columns: 25.9550.5014.91
DEBUG:root:Running through columns: 26.0552.0616.46
DEBUG:root:Running through columns: 26.1553.8418.02
DEBUG:root:Running through columns: 26.2555.8419.58
DEBUG:root:Running through columns: 26.3557.6221.36
DEBUG:root:Running through columns: 26.4559.8422.69
DEBUG:root:Running through columns: 26.5561.8424.25
DEBUG:root:Running through columns: 26.6563.6225.81
DEBUG:root:Running through columns: 26.7565.8527.59
DEBUG:root:Running through columns: 26.8567.8528.92
DEBUG:root:Running through columns: 26.9570.0830.26
DEBUG:root:Running through columns: 27.0572.5231.14
DEBUG:root:Running through columns: 27.1575.1932.03
DEBUG:root:Running through columns: 27.2577.1932.48
DEBUG:root:Running through columns: 27.3579.6432.92
DEBUG:root:Running through columns: 27.4582.3133.37
DEBUG:root:Running through columns: 27.5584.5433.59
DEBUG:root:Running through columns: 27.6586.9833.81
DEBUG:root:Running through columns: 27.7589.4334.26
DEBUG:root:Running through columns: 27.8591.8835.15
DEBUG:root:Running through columns: 27.9594.1036.26
DEBUG:root:Running through columns: 28.0596.3337.15
DEBUG:root:Running through columns: 28.1598.5538.26
DEBUG:root:Running through columns: 28.25100.3339.38
DEBUG:root:Running through columns: 28.35101.8940.71
DEBUG:root:Running through columns: 28.45103.0042.27
DEBUG:root:Running through columns: 28.55103.4543.83
DEBUG:root:Running through columns: 28.65103.6745.83
DEBUG:root:Running through columns: 28.75103.4547.38
DEBUG:root:Running through columns: 28.85103.0050.05
DEBUG:root:Running through columns: 28.95102.5652.28
DEBUG:root:Running through columns: 29.05102.1154.73
DEBUG:root:Running through columns: 29.15101.6757.17
DEBUG:root:Running through columns: 29.25101.2259.62
DEBUG:root:Running through columns: 29.35101.0062.07
DEBUG:root:Running through columns: 29.45100.7864.51
DEBUG:root:Running through columns: 29.55100.5566.52
DEBUG:root:Running through columns: 29.65100.5568.07
DEBUG:root:Running through columns: 29.75100.1168.30
DEBUG:root:Running through columns: 29.8599.6668.96
DEBUG:root:Running through columns: 29.9599.2269.63
DEBUG:root:Running through columns: 30.0598.7770.52
DEBUG:root:Running through columns: 30.1598.1171.86
DEBUG:root:Running through columns: 30.2597.6673.64
DEBUG:root:Running through columns: 30.3596.7775.19
DEBUG:root:Running through columns: 30.4595.8877.19
DEBUG:root:Running through columns: 30.5594.7779.20
DEBUG:root:Running through columns: 30.6593.8881.20
DEBUG:root:Running through columns: 30.7592.1082.98
DEBUG:root:Running through columns: 30.8590.5484.31
DEBUG:root:Running through columns: 30.9588.7686.09
DEBUG:root:Running through columns: 31.0586.9887.21
DEBUG:root:Running through columns: 31.1585.2088.76
DEBUG:root:Running through columns: 31.2583.4290.10
DEBUG:root:Running through columns: 31.3581.6491.65
DEBUG:root:Running through columns: 31.4579.6493.21
DEBUG:root:Running through columns: 31.5577.6494.77
DEBUG:root:Running through columns: 31.6575.6496.33
DEBUG:root:Running through columns: 31.7573.6497.44
DEBUG:root:Running through columns: 31.8571.4198.77
DEBUG:root:Running through columns: 31.9568.7499.89
DEBUG:root:Running through columns: 32.0566.07100.55
DEBUG:root:Running through columns: 32.1562.51100.78
DEBUG:root:Running through columns: 32.2559.62101.22
DEBUG:root:Running through columns: 32.3556.73101.89
DEBUG:root:Running through columns: 32.4554.50101.89
DEBUG:root:Running through columns: 32.5552.06101.89
DEBUG:root:Running through columns: 32.6549.39101.89
DEBUG:root:Running through columns: 32.7546.94101.44
DEBUG:root:Running through columns: 32.8544.72101.00
DEBUG:root:Running through columns: 32.9542.49100.33
DEBUG:root:Running through columns: 33.0540.2799.89
DEBUG:root:Running through columns: 33.1537.8299.00
DEBUG:root:Running through columns: 33.2535.8298.55
DEBUG:root:Running through columns: 33.3533.3797.88
DEBUG:root:Running through columns: 33.4531.1497.22
DEBUG:root:Running through columns: 33.5529.1496.33
DEBUG:root:Running through columns: 33.6526.9295.21
DEBUG:root:Running through columns: 33.7525.1494.10
DEBUG:root:Running through columns: 33.8523.3692.54
DEBUG:root:Running through columns: 33.9522.0290.99
DEBUG:root:Running through columns: 34.0520.6988.99
DEBUG:root:Running through columns: 34.1519.3586.98
DEBUG:root:Running through columns: 34.2518.2484.76
DEBUG:root:Running through columns: 34.3517.1382.76
DEBUG:root:Running through columns: 34.4515.7980.98
DEBUG:root:Running through columns: 34.5514.6879.20
DEBUG:root:Running through columns: 34.6513.1377.64
DEBUG:root:Running through columns: 34.7511.5776.30
DEBUG:root:Running through columns: 34.8510.0175.19
DEBUG:root:Running through columns: 34.958.4574.08
DEBUG:root:Running through columns: 35.057.3472.97
DEBUG:root:Running through columns: 35.156.9072.08
DEBUG:root:Running through columns: 35.256.9071.63
DEBUG:root:Running through columns: 35.356.9070.52
DEBUG:root:Running through columns: 35.457.1269.41
DEBUG:root:Running through columns: 35.557.1268.30
DEBUG:root:Running through columns: 35.657.3466.74
DEBUG:root:Running through columns: 35.757.3465.18
DEBUG:root:Running through columns: 35.857.5663.62
DEBUG:root:Running through columns: 35.957.3461.62
DEBUG:root:Running through columns: 36.057.1260.07
DEBUG:root:Running through columns: 36.156.6758.51
DEBUG:root:Running through columns: 36.255.7856.95
DEBUG:root:Running through columns: 36.355.3455.17
DEBUG:root:Running through columns: 36.454.8953.61
DEBUG:root:Running through columns: 36.554.8951.39
DEBUG:root:Running through columns: 36.655.1250.05
DEBUG:root:Running through columns: 36.755.7848.50
DEBUG:root:Running through columns: 36.856.6747.16
DEBUG:root:Running through columns: 36.957.7946.27
DEBUG:root:Running through columns: 37.058.9045.83
DEBUG:root:Running through columns: 37.1510.2345.38
DEBUG:root:Running through columns: 37.2511.7945.38
DEBUG:root:Running through columns: 37.3513.5745.61
DEBUG:root:Running through columns: 37.4515.3545.83
DEBUG:root:Running through columns: 37.5517.1346.27
DEBUG:root:Running through columns: 37.6519.3546.94
DEBUG:root:Running through columns: 37.7521.1347.38
DEBUG:root:Running through columns: 37.8523.3648.50
DEBUG:root:Running through columns: 37.9525.5849.61
DEBUG:root:Running through columns: 38.0527.5950.94
DEBUG:root:Running through columns: 38.1529.5952.28
DEBUG:root:Running through columns: 38.2531.5953.61
DEBUG:root:Running through columns: 38.3533.3755.39
DEBUG:root:Running through columns: 38.4535.1557.17
DEBUG:root:Running through columns: 38.5536.4859.18
DEBUG:root:Running through columns: 38.6537.6061.62
DEBUG:root:Running through columns: 38.7538.4963.85
DEBUG:root:Running through columns: 38.8538.4966.07
DEBUG:root:Running through columns: 38.9538.4968.52
DEBUG:root:Running through columns: 39.0537.8270.97
DEBUG:root:Running through columns: 39.1536.9373.19
DEBUG:root:Running through columns: 39.2535.8275.19
DEBUG:root:Running through columns: 39.3534.2677.42
DEBUG:root:Running through columns: 39.4532.9279.20
DEBUG:root:Running through columns: 39.5531.1481.20
DEBUG:root:Running through columns: 39.6529.3783.20
DEBUG:root:Running through columns: 39.7527.5984.76
DEBUG:root:Running through columns: 39.8525.5886.09
DEBUG:root:Running through columns: 39.9523.5887.21
DEBUG:root:Running through columns: 40.0521.5888.32
DEBUG:root:Running through columns: 40.1520.2488.99
DEBUG:root:Running through columns: 40.2519.3588.76
DEBUG:root:Running through columns: 40.3519.1388.32
DEBUG:root:Running through columns: 40.4518.6987.43
DEBUG:root:Running through columns: 40.5518.2486.54
DEBUG:root:Running through columns: 40.6517.3585.20
DEBUG:root:Running through columns: 40.7516.9183.65
DEBUG:root:Running through columns: 40.8517.1382.09
DEBUG:root:Running through columns: 40.9517.8080.31
DEBUG:root:Running through columns: 41.0518.4679.20
DEBUG:root:Running through columns: 41.1519.5878.08
DEBUG:root:Running through columns: 41.2521.1377.19
DEBUG:root:Running through columns: 41.3522.9176.53
DEBUG:root:Running through columns: 41.4524.6976.53
DEBUG:root:Running through columns: 41.5526.7076.75
DEBUG:root:Running through columns: 41.6527.8177.86
DEBUG:root:Running through columns: 41.7528.4878.75
DEBUG:root:Running through columns: 41.8528.4880.09
DEBUG:root:Running through columns: 41.9528.9281.20
DEBUG:root:Running through columns: 42.0529.1482.76
DEBUG:root:Running through columns: 42.1530.0384.31
DEBUG:root:Running through columns: 42.2531.1485.43
DEBUG:root:Running through columns: 42.3532.2686.76
DEBUG:root:Running through columns: 42.4533.8187.65
DEBUG:root:Running through columns: 42.5536.0488.32
DEBUG:root:Running through columns: 42.6537.8288.99
DEBUG:root:Running through columns: 42.7539.6088.54
DEBUG:root:Running through columns: 42.8541.6088.10
DEBUG:root:Running through columns: 42.9543.6087.43
DEBUG:root:Running through columns: 43.0545.3886.54
DEBUG:root:Running through columns: 43.1547.3885.65
DEBUG:root:Running through columns: 43.2549.3984.98
DEBUG:root:Running through columns: 43.3551.6184.31
DEBUG:root:Running through columns: 43.4554.0684.09
DEBUG:root:Running through columns: 43.5556.5184.09
DEBUG:root:Running through columns: 43.6558.9584.31
DEBUG:root:Running through columns: 43.7561.1884.76
DEBUG:root:Running through columns: 43.8563.8585.65
DEBUG:root:Running through columns: 43.9566.2986.54
DEBUG:root:Running through columns: 44.0568.5287.87
DEBUG:root:Running through columns: 44.1570.7488.99
DEBUG:root:Running through columns: 44.2572.7590.54
DEBUG:root:Running through columns: 44.3574.7592.32
DEBUG:root:Running through columns: 44.4576.3093.88
DEBUG:root:Running through columns: 44.5577.1994.99
DEBUG:root:Running through columns: 44.6576.9795.21
DEBUG:root:Running through columns: 44.7576.7595.21
DEBUG:root:Running through columns: 44.8576.5395.44
DEBUG:root:Running through columns: 44.9576.0894.99
DEBUG:root:Running through columns: 45.0575.8695.21
DEBUG:root:Running through columns: 45.1575.4295.88
DEBUG:root:Running through columns: 45.2574.3096.77
DEBUG:root:Running through columns: 45.3572.9797.66
DEBUG:root:Running through columns: 45.4571.1998.77
DEBUG:root:Running through columns: 45.5569.6399.22
DEBUG:root:Running through columns: 45.6567.63100.11
DEBUG:root:Running through columns: 45.7565.85100.55
DEBUG:root:Running through columns: 45.8563.62101.22
DEBUG:root:Running through columns: 45.9561.40101.67
DEBUG:root:Running through columns: 46.0559.40101.89
DEBUG:root:Running through columns: 46.1557.40102.11
DEBUG:root:Running through columns: 46.2555.39101.89
DEBUG:root:Running through columns: 46.3553.39101.67
DEBUG:root:Running through columns: 46.4551.39101.22
DEBUG:root:Running through columns: 46.5549.39100.33
DEBUG:root:Running through columns: 46.6547.6199.89
DEBUG:root:Running through columns: 46.7545.3899.22
DEBUG:root:Running through columns: 46.8543.6098.55
DEBUG:root:Running through columns: 46.9542.2798.77
DEBUG:root:Running through columns: 47.0540.9399.44
DEBUG:root:Running through columns: 47.1540.2799.44
DEBUG:root:Running through columns: 47.2540.0499.22
DEBUG:root:Running through columns: 47.3540.0499.00
DEBUG:root:Running through columns: 47.4539.6098.55
DEBUG:root:Running through columns: 47.5538.7198.55
DEBUG:root:Running through columns: 47.6538.2698.33
DEBUG:root:Running through columns: 47.7536.9398.33
DEBUG:root:Running through columns: 47.8535.5998.33
DEBUG:root:Running through columns: 47.9534.0497.66
DEBUG:root:Running through columns: 48.0532.2696.99
DEBUG:root:Running through columns: 48.1530.4896.33
DEBUG:root:Running through columns: 48.2528.9295.21
DEBUG:root:Running through columns: 48.3527.1494.10
DEBUG:root:Running through columns: 48.4526.0392.54
DEBUG:root:Running through columns: 48.5524.9290.99
DEBUG:root:Running through columns: 48.6524.4789.43
DEBUG:root:Running through columns: 48.7524.2587.87
DEBUG:root:Running through columns: 48.8524.6986.76
DEBUG:root:Running through columns: 48.9524.9285.65
DEBUG:root:Running through columns: 49.0525.8184.76
DEBUG:root:Running through columns: 49.1526.7084.54
DEBUG:root:Running through columns: 49.2527.8184.09
DEBUG:root:Running through columns: 49.3529.3784.31
DEBUG:root:Running through columns: 49.4531.1484.54
DEBUG:root:Running through columns: 49.5532.7084.98
DEBUG:root:Running through columns: 49.6534.7085.43
DEBUG:root:Running through columns: 49.7536.4885.65
DEBUG:root:Running through columns: 49.8538.4986.32
DEBUG:root:Running through columns: 49.9540.7187.21
DEBUG:root:Running through columns: 50.0542.7187.87
DEBUG:root:Running through columns: 50.1545.1688.54
DEBUG:root:Running through columns: 50.2547.1689.21
DEBUG:root:Running through columns: 50.3549.6190.10
DEBUG:root:Running through columns: 50.4551.8390.99
DEBUG:root:Running through columns: 50.5553.8491.88
DEBUG:root:Running through columns: 50.6556.0693.43
DEBUG:root:Running through columns: 50.7557.8494.77
DEBUG:root:Running through columns: 50.8559.8496.33
DEBUG:root:Running through columns: 50.9560.9697.88
DEBUG:root:Running through columns: 51.0561.8499.44
DEBUG:root:Running through columns: 51.1562.07100.55
DEBUG:root:Running through columns: 51.2562.29101.00
DEBUG:root:Running through columns: 51.3562.29100.78
DEBUG:root:Running through columns: 51.4562.07100.55
DEBUG:root:Running through columns: 51.5562.07100.78
DEBUG:root:Running through columns: 51.6561.62100.78
DEBUG:root:Running through columns: 51.7560.73101.22
DEBUG:root:Running through columns: 51.8559.62101.67
DEBUG:root:Running through columns: 51.9558.29102.11
DEBUG:root:Running through columns: 52.0556.95102.33
DEBUG:root:Running through columns: 52.1555.39102.33
DEBUG:root:Running through columns: 52.2553.84102.33
DEBUG:root:Running through columns: 52.3552.28102.11
DEBUG:root:Running through columns: 52.4550.94101.89
DEBUG:root:Running through columns: 52.5549.16101.89
DEBUG:root:Running through columns: 52.6547.38101.67
DEBUG:root:Running through columns: 52.7545.61101.44
DEBUG:root:Running through columns: 52.8543.83101.44
DEBUG:root:Running through columns: 52.9542.49101.00
DEBUG:root:Running through columns: 53.0541.60100.55
DEBUG:root:Running through columns: 53.1540.71100.11
DEBUG:root:Running through columns: 53.2539.6099.22
DEBUG:root:Running through columns: 53.3538.7198.77
DEBUG:root:Running through columns: 53.4538.0498.33
DEBUG:root:Running through columns: 53.5537.3798.33
DEBUG:root:Running through columns: 53.6536.9398.33
DEBUG:root:Running through columns: 53.7536.4898.11
DEBUG:root:Running through columns: 53.8535.8298.33
DEBUG:root:Running through columns: 53.9535.5998.11
DEBUG:root:Running through columns: 54.0535.1597.88
DEBUG:root:Running through columns: 54.1534.4897.88
DEBUG:root:Running through columns: 54.2533.8197.88
DEBUG:root:Running through columns: 54.3533.1597.88
DEBUG:root:Running through columns: 54.4532.0397.44
DEBUG:root:Running through columns: 54.5530.7097.22
DEBUG:root:Running through columns: 54.6529.1496.33
DEBUG:root:Running through columns: 54.7527.3695.88
DEBUG:root:Running through columns: 54.8526.0395.21
DEBUG:root:Running through columns: 54.9525.1494.55
DEBUG:root:Running through columns: 55.0524.2592.99
DEBUG:root:Running through columns: 55.1523.5891.43
DEBUG:root:Running through columns: 55.2522.9188.76
DEBUG:root:Running through columns: 55.3522.6986.32
DEBUG:root:Running through columns: 55.4523.1484.31
DEBUG:root:Running through columns: 55.5524.2582.98
DEBUG:root:Running through columns: 55.6525.5881.87
DEBUG:root:Running through columns: 55.7526.7080.98
DEBUG:root:Running through columns: 55.8528.4880.31
DEBUG:root:Running through columns: 55.9530.2679.42
DEBUG:root:Running through columns: 56.0531.8178.31
DEBUG:root:Running through columns: 56.1534.0477.42
DEBUG:root:Running through columns: 56.2535.5976.75
DEBUG:root:Running through columns: 56.3537.6076.08
DEBUG:root:Running through columns: 56.4539.3875.42
DEBUG:root:Running through columns: 56.5541.3874.30
DEBUG:root:Running through columns: 56.6543.6073.64
DEBUG:root:Running through columns: 56.7545.8372.52
DEBUG:root:Running through columns: 56.8548.0571.63
DEBUG:root:Running through columns: 56.9550.2870.30
DEBUG:root:Running through columns: 57.0552.7268.96
DEBUG:root:Running through columns: 57.1554.7367.85
DEBUG:root:Running through columns: 57.2557.1766.74
DEBUG:root:Running through columns: 57.3559.6265.85
DEBUG:root:Running through columns: 57.4562.0765.18
DEBUG:root:Running through columns: 57.5564.7464.96
DEBUG:root:Running through columns: 57.6567.4164.51
DEBUG:root:Running through columns: 57.7570.0864.74
DEBUG:root:Running through columns: 57.8572.3064.96
DEBUG:root:Running through columns: 57.9574.9765.40
DEBUG:root:Running through columns: 58.0577.6465.85
DEBUG:root:Running through columns: 58.1580.3166.07
DEBUG:root:Running through columns: 58.2582.5366.96
DEBUG:root:Running through columns: 58.3585.2067.63
DEBUG:root:Running through columns: 58.4587.6568.30
DEBUG:root:Running through columns: 58.5590.3269.19
DEBUG:root:Running through columns: 58.6592.5470.08
DEBUG:root:Running through columns: 58.7594.9970.97
DEBUG:root:Running through columns: 58.8597.2271.86
DEBUG:root:Running through columns: 58.9598.3372.08
DEBUG:root:Running through columns: 59.0598.5572.08
DEBUG:root:Running through columns: 59.1598.3372.08
DEBUG:root:Running through columns: 59.2598.1172.08
DEBUG:root:Running through columns: 59.3597.8872.52
DEBUG:root:Running through columns: 59.4597.8872.75
DEBUG:root:Running through columns: 59.5597.8873.64
DEBUG:root:Running through columns: 59.6597.6674.75
DEBUG:root:Running through columns: 59.7597.2276.08
DEBUG:root:Running through columns: 59.8596.7777.64
DEBUG:root:Running through columns: 59.9595.6679.42
DEBUG:root:Goal position set manually: 0,0
DEBUG:root:Maze centre set manually: 0,0
DEBUG:root:Maze diameter set manually: 300
DEBUG:root:Calculating search strategies
DEBUG:root:trying to quit
