DEBUG:root:Initiating Main program
DEBUG:root:GUI is built
DEBUG:root:Open File...
DEBUG:root:Calculate Called
INFO:root:Reading watermaze
DEBUG:root:Running through columns: 0.0055.179.57
DEBUG:root:Running through columns: 0.0854.5010.46
DEBUG:root:Running through columns: 0.1554.5011.12
DEBUG:root:Running through columns: 0.2553.6111.35
DEBUG:root:Running through columns: 0.3552.9511.12
DEBUG:root:Running through columns: 0.4552.0610.01
DEBUG:root:Running through columns: 0.5551.838.90
DEBUG:root:Running through columns: 0.6551.837.56
DEBUG:root:Running through columns: 0.7552.506.23
DEBUG:root:Running through columns: 0.8553.395.34
DEBUG:root:Running through columns: 0.9553.616.01
DEBUG:root:Running through columns: 1.0553.846.45
DEBUG:root:Running through columns: 1.1554.287.12
DEBUG:root:Running through columns: 1.2555.627.79
DEBUG:root:Running through columns: 1.3557.178.45
DEBUG:root:Running through columns: 1.4558.738.68
DEBUG:root:Running through columns: 1.5560.518.45
DEBUG:root:Running through columns: 1.6562.518.45
DEBUG:root:Running through columns: 1.7564.748.23
DEBUG:root:Running through columns: 1.8566.528.23
DEBUG:root:Running through columns: 1.9568.748.68
DEBUG:root:Running through columns: 2.0569.859.57
DEBUG:root:Running through columns: 2.1570.3010.46
DEBUG:root:Running through columns: 2.2569.6311.79
DEBUG:root:Running through columns: 2.3568.7412.46
DEBUG:root:Running through columns: 2.4567.4113.13
DEBUG:root:Running through columns: 2.5565.6313.13
DEBUG:root:Running through columns: 2.6563.8512.90
DEBUG:root:Running through columns: 2.7562.2912.24
DEBUG:root:Running through columns: 2.8560.9611.12
DEBUG:root:Running through columns: 2.9560.299.79
DEBUG:root:Running through columns: 3.0559.848.23
DEBUG:root:Running through columns: 3.1559.847.12
DEBUG:root:Running through columns: 3.2560.296.45
DEBUG:root:Running through columns: 3.3560.296.67
DEBUG:root:Running through columns: 3.4560.517.34
DEBUG:root:Running through columns: 3.5560.517.56
DEBUG:root:Running through columns: 3.6561.188.01
DEBUG:root:Running through columns: 3.7562.298.68
DEBUG:root:Running through columns: 3.8563.629.12
DEBUG:root:Running through columns: 3.9565.4010.01
DEBUG:root:Running through columns: 4.0567.1810.46
DEBUG:root:Running through columns: 4.1569.1910.90
DEBUG:root:Running through columns: 4.2570.7410.68
DEBUG:root:Running through columns: 4.3571.8610.23
DEBUG:root:Running through columns: 4.4572.979.34
DEBUG:root:Running through columns: 4.5573.648.90
DEBUG:root:Running through columns: 4.6574.088.90
DEBUG:root:Running through columns: 4.7573.869.79
DEBUG:root:Running through columns: 4.8573.8610.46
DEBUG:root:Running through columns: 4.9574.0811.12
DEBUG:root:Running through columns: 5.0574.3012.01
DEBUG:root:Running through columns: 5.1574.9712.46
DEBUG:root:Running through columns: 5.2576.0813.79
DEBUG:root:Running through columns: 5.3576.7514.91
DEBUG:root:Running through columns: 5.4577.1916.02
DEBUG:root:Running through columns: 5.5576.7516.91
DEBUG:root:Running through columns: 5.6576.3017.80
DEBUG:root:Running through columns: 5.7575.1918.24
DEBUG:root:Running through columns: 5.8573.8618.24
DEBUG:root:Running through columns: 5.9572.0817.80
DEBUG:root:Running through columns: 6.0570.5217.13
DEBUG:root:Running through columns: 6.1568.5216.46
DEBUG:root:Running through columns: 6.2566.7415.57
DEBUG:root:Running through columns: 6.3564.9614.24
DEBUG:root:Running through columns: 6.4563.4012.90
DEBUG:root:Running through columns: 6.5562.2911.12
DEBUG:root:Running through columns: 6.6561.629.79
DEBUG:root:Running through columns: 6.7561.628.45
DEBUG:root:Running through columns: 6.8561.847.34
DEBUG:root:Running through columns: 6.9562.736.67
DEBUG:root:Running through columns: 7.0563.186.67
DEBUG:root:Running through columns: 7.1562.737.12
DEBUG:root:Running through columns: 7.2562.737.12
DEBUG:root:Running through columns: 7.3562.967.12
DEBUG:root:Running through columns: 7.4563.627.34
DEBUG:root:Running through columns: 7.5564.517.79
DEBUG:root:Running through columns: 7.6565.408.45
DEBUG:root:Running through columns: 7.7566.079.34
DEBUG:root:Running through columns: 7.8566.5210.46
DEBUG:root:Running through columns: 7.9566.5211.35
DEBUG:root:Running through columns: 8.0566.0712.24
DEBUG:root:Running through columns: 8.1565.6312.68
DEBUG:root:Running through columns: 8.2564.7413.13
DEBUG:root:Running through columns: 8.3564.2912.68
DEBUG:root:Running through columns: 8.4563.6212.46
DEBUG:root:Running through columns: 8.5563.1811.57
DEBUG:root:Running through columns: 8.6562.7310.23
DEBUG:root:Running through columns: 8.7562.519.12
DEBUG:root:Running through columns: 8.8562.518.01
DEBUG:root:Running through columns: 8.9562.736.90
DEBUG:root:Running through columns: 9.0563.186.67
DEBUG:root:Running through columns: 9.1563.186.90
DEBUG:root:Running through columns: 9.2562.967.12
DEBUG:root:Running through columns: 9.3563.187.56
DEBUG:root:Running through columns: 9.4563.407.79
DEBUG:root:Running through columns: 9.5564.298.45
DEBUG:root:Running through columns: 9.6565.188.90
DEBUG:root:Running through columns: 9.7566.529.57
DEBUG:root:Running through columns: 9.8567.6310.46
DEBUG:root:Running through columns: 9.9568.5211.57
DEBUG:root:Running through columns: 10.0569.4112.68
DEBUG:root:Running through columns: 10.1569.6313.79
DEBUG:root:Running through columns: 10.2569.6314.91
DEBUG:root:Running through columns: 10.3569.1915.79
DEBUG:root:Running through columns: 10.4568.0716.91
DEBUG:root:Running through columns: 10.5566.7418.02
DEBUG:root:Running through columns: 10.6565.1818.91
DEBUG:root:Running through columns: 10.7563.4019.58
DEBUG:root:Running through columns: 10.8561.6219.80
DEBUG:root:Running through columns: 10.9560.0719.58
DEBUG:root:Running through columns: 11.0558.5118.69
DEBUG:root:Running through columns: 11.1556.7317.57
DEBUG:root:Running through columns: 11.2555.1716.24
DEBUG:root:Running through columns: 11.3553.3915.13
DEBUG:root:Running through columns: 11.4551.6113.35
DEBUG:root:Running through columns: 11.5550.5011.79
DEBUG:root:Running through columns: 11.6549.399.57
DEBUG:root:Running through columns: 11.7548.728.01
DEBUG:root:Running through columns: 11.8548.726.45
DEBUG:root:Running through columns: 11.9548.725.56
DEBUG:root:Running through columns: 12.0548.725.78
DEBUG:root:Running through columns: 12.1549.166.01
DEBUG:root:Running through columns: 12.2549.166.23
DEBUG:root:Running through columns: 12.3549.396.45
DEBUG:root:Running through columns: 12.4550.056.23
DEBUG:root:Running through columns: 12.5550.725.78
DEBUG:root:Running through columns: 12.6551.615.56
DEBUG:root:Running through columns: 12.7552.065.34
DEBUG:root:Running through columns: 12.8552.725.34
DEBUG:root:Running through columns: 12.9553.614.89
DEBUG:root:Running through columns: 13.0554.505.12
DEBUG:root:Running through columns: 13.1554.505.56
DEBUG:root:Running through columns: 13.2554.956.67
DEBUG:root:Running through columns: 13.3555.177.34
DEBUG:root:Running through columns: 13.4555.628.01
DEBUG:root:Running through columns: 13.5555.848.45
DEBUG:root:Running through columns: 13.6556.288.68
DEBUG:root:Running through columns: 13.7556.958.90
DEBUG:root:Running through columns: 13.8557.629.57
DEBUG:root:Running through columns: 13.9557.8410.23
DEBUG:root:Running through columns: 14.0557.8410.68
DEBUG:root:Running through columns: 14.1557.4011.12
DEBUG:root:Running through columns: 14.2556.9511.57
DEBUG:root:Running through columns: 14.3556.2812.01
DEBUG:root:Running through columns: 14.4555.1711.57
DEBUG:root:Running through columns: 14.5553.8411.57
DEBUG:root:Running through columns: 14.6552.7211.57
DEBUG:root:Running through columns: 14.7551.1711.79
DEBUG:root:Running through columns: 14.8549.8312.24
DEBUG:root:Running through columns: 14.9548.0512.90
DEBUG:root:Running through columns: 15.0546.0513.35
DEBUG:root:Running through columns: 15.1544.2713.57
DEBUG:root:Running through columns: 15.2542.0513.57
DEBUG:root:Running through columns: 15.3540.0413.13
DEBUG:root:Running through columns: 15.4537.8212.24
DEBUG:root:Running through columns: 15.5536.0411.57
DEBUG:root:Running through columns: 15.6534.0411.57
DEBUG:root:Running through columns: 15.7532.0311.57
DEBUG:root:Running through columns: 15.8530.0312.24
DEBUG:root:Running through columns: 15.9527.8113.13
DEBUG:root:Running through columns: 16.0526.2514.24
DEBUG:root:Running through columns: 16.1524.6915.79
DEBUG:root:Running through columns: 16.2522.9117.13
DEBUG:root:Running through columns: 16.3521.1318.69
DEBUG:root:Running through columns: 16.4519.5820.24
DEBUG:root:Running through columns: 16.5518.0221.80
DEBUG:root:Running through columns: 16.6516.4623.80
DEBUG:root:Running through columns: 16.7514.9125.58
DEBUG:root:Running through columns: 16.8513.3527.36
DEBUG:root:Running through columns: 16.9512.0129.37
DEBUG:root:Running through columns: 17.0510.6831.14
DEBUG:root:Running through columns: 17.159.3433.37
DEBUG:root:Running through columns: 17.258.4535.15
DEBUG:root:Running through columns: 17.357.3437.37
DEBUG:root:Running through columns: 17.456.6739.38
DEBUG:root:Running through columns: 17.556.4541.16
DEBUG:root:Running through columns: 17.656.2343.38
DEBUG:root:Running through columns: 17.755.7845.61
DEBUG:root:Running through columns: 17.855.7847.61
DEBUG:root:Running through columns: 17.955.3449.83
DEBUG:root:Running through columns: 18.055.3452.28
DEBUG:root:Running through columns: 18.155.3454.50
DEBUG:root:Running through columns: 18.255.3456.73
DEBUG:root:Running through columns: 18.355.3458.95
DEBUG:root:Running through columns: 18.455.1261.18
DEBUG:root:Running through columns: 18.555.5663.62
DEBUG:root:Running through columns: 18.656.4565.85
DEBUG:root:Running through columns: 18.757.1268.07
DEBUG:root:Running through columns: 18.858.0170.30
DEBUG:root:Running through columns: 18.958.6872.30
DEBUG:root:Running through columns: 19.059.3474.97
DEBUG:root:Running through columns: 19.1510.4676.75
DEBUG:root:Running through columns: 19.2510.9077.86
DEBUG:root:Running through columns: 19.3511.5778.08
DEBUG:root:Running through columns: 19.4512.2478.08
DEBUG:root:Running through columns: 19.5512.4677.86
DEBUG:root:Running through columns: 19.6512.6877.86
DEBUG:root:Running through columns: 19.7512.4677.86
DEBUG:root:Running through columns: 19.8512.6877.64
DEBUG:root:Running through columns: 19.9512.2476.97
DEBUG:root:Running through columns: 20.0511.5776.75
DEBUG:root:Running through columns: 20.1510.4676.30
DEBUG:root:Running through columns: 20.259.5775.86
DEBUG:root:Running through columns: 20.358.6875.19
DEBUG:root:Running through columns: 20.458.0174.53
DEBUG:root:Running through columns: 20.557.3473.41
DEBUG:root:Running through columns: 20.657.3473.19
DEBUG:root:Running through columns: 20.757.5672.97
DEBUG:root:Running through columns: 20.857.7972.97
DEBUG:root:Running through columns: 20.958.0173.19
DEBUG:root:Running through columns: 21.057.7972.97
DEBUG:root:Running through columns: 21.157.7972.75
DEBUG:root:Running through columns: 21.258.2372.08
DEBUG:root:Running through columns: 21.358.4571.19
DEBUG:root:Running through columns: 21.458.4570.30
DEBUG:root:Running through columns: 21.558.2368.96
DEBUG:root:Running through columns: 21.657.7967.18
DEBUG:root:Running through columns: 21.757.1265.63
DEBUG:root:Running through columns: 21.856.4564.07
DEBUG:root:Running through columns: 21.955.5662.73
DEBUG:root:Running through columns: 22.054.6761.62
DEBUG:root:Running through columns: 22.154.4561.18
DEBUG:root:Running through columns: 22.254.4560.51
DEBUG:root:Running through columns: 22.354.8959.62
DEBUG:root:Running through columns: 22.455.3458.29
DEBUG:root:Running through columns: 22.555.5656.73
DEBUG:root:Running through columns: 22.656.0154.95
DEBUG:root:Running through columns: 22.756.4552.72
DEBUG:root:Running through columns: 22.856.4550.94
DEBUG:root:Running through columns: 22.956.4548.50
DEBUG:root:Running through columns: 23.056.2346.27
DEBUG:root:Running through columns: 23.156.0144.27
DEBUG:root:Running through columns: 23.256.0141.82
DEBUG:root:Running through columns: 23.356.2339.60
DEBUG:root:Running through columns: 23.457.1237.82
DEBUG:root:Running through columns: 23.557.7935.82
DEBUG:root:Running through columns: 23.658.9033.59
DEBUG:root:Running through columns: 23.7510.0132.26
DEBUG:root:Running through columns: 23.8511.3530.03
DEBUG:root:Running through columns: 23.9513.7928.25
DEBUG:root:Running through columns: 24.0516.2426.47
DEBUG:root:Running through columns: 24.1517.8024.69
DEBUG:root:Running through columns: 24.2519.8023.14
DEBUG:root:Running through columns: 24.3521.8021.13
DEBUG:root:Running through columns: 24.4523.5819.35
DEBUG:root:Running through columns: 24.5525.3617.35
DEBUG:root:Running through columns: 24.6526.9215.35
DEBUG:root:Running through columns: 24.7528.4813.57
DEBUG:root:Running through columns: 24.8530.0312.01
DEBUG:root:Running through columns: 24.9531.5910.68
DEBUG:root:Running through columns: 25.0533.599.34
DEBUG:root:Running through columns: 25.1535.828.68
DEBUG:root:Running through columns: 25.2537.828.01
DEBUG:root:Running through columns: 25.3540.277.79
DEBUG:root:Running through columns: 25.4542.498.01
DEBUG:root:Running through columns: 25.5544.499.12
DEBUG:root:Running through columns: 25.6546.0510.23
DEBUG:root:Running through columns: 25.7547.6111.57
DEBUG:root:Running through columns: 25.8548.9413.35
DEBUG:root:Running through columns: 25.9550.5014.91
DEBUG:root:Running through columns: 26.0552.0616.46
DEBUG:root:Running through columns: 26.1553.8418.02
DEBUG:root:Running through columns: 26.2555.8419.58
DEBUG:root:Running through columns: 26.3557.6221.36
DEBUG:root:Running through columns: 26.4559.8422.69
DEBUG:root:Running through columns: 26.5561.8424.25
DEBUG:root:Running through columns: 26.6563.6225.81
DEBUG:root:Running through columns: 26.7565.8527.59
DEBUG:root:Running through columns: 26.8567.8528.92
DEBUG:root:Running through columns: 26.9570.0830.26
DEBUG:root:Running through columns: 27.0572.5231.14
DEBUG:root:Running through columns: 27.1575.1932.03
DEBUG:root:Running through columns: 27.2577.1932.48
DEBUG:root:Running through columns: 27.3579.6432.92
DEBUG:root:Running through columns: 27.4582.3133.37
DEBUG:root:Running through columns: 27.5584.5433.59
DEBUG:root:Running through columns: 27.6586.9833.81
DEBUG:root:Running through columns: 27.7589.4334.26
DEBUG:root:Running through columns: 27.8591.8835.15
DEBUG:root:Running through columns: 27.9594.1036.26
DEBUG:root:Running through columns: 28.0596.3337.15
DEBUG:root:Running through columns: 28.1598.5538.26
DEBUG:root:Running through columns: 28.25100.3339.38
DEBUG:root:Running through columns: 28.35101.8940.71
DEBUG:root:Running through columns: 28.45103.0042.27
DEBUG:root:Running through columns: 28.55103.4543.83
DEBUG:root:Running through columns: 28.65103.6745.83
DEBUG:root:Running through columns: 28.75103.4547.38
DEBUG:root:Running through columns: 28.85103.0050.05
DEBUG:root:Running through columns: 28.95102.5652.28
DEBUG:root:Running through columns: 29.05102.1154.73
DEBUG:root:Running through columns: 29.15101.6757.17
DEBUG:root:Running through columns: 29.25101.2259.62
DEBUG:root:Running through columns: 29.35101.0062.07
DEBUG:root:Running through columns: 29.45100.7864.51
DEBUG:root:Running through columns: 29.55100.5566.52
DEBUG:root:Running through columns: 29.65100.5568.07
DEBUG:root:Running through columns: 29.75100.1168.30
DEBUG:root:Running through columns: 29.8599.6668.96
DEBUG:root:Running through columns: 29.9599.2269.63
DEBUG:root:Running through columns: 30.0598.7770.52
DEBUG:root:Running through columns: 30.1598.1171.86
DEBUG:root:Running through columns: 30.2597.6673.64
DEBUG:root:Running through columns: 30.3596.7775.19
DEBUG:root:Running through columns: 30.4595.8877.19
DEBUG:root:Running through columns: 30.5594.7779.20
DEBUG:root:Running through columns: 30.6593.8881.20
DEBUG:root:Running through columns: 30.7592.1082.98
DEBUG:root:Running through columns: 30.8590.5484.31
DEBUG:root:Running through columns: 30.9588.7686.09
DEBUG:root:Running through columns: 31.0586.9887.21
DEBUG:root:Running through columns: 31.1585.2088.76
DEBUG:root:Running through columns: 31.2583.4290.10
DEBUG:root:Running through columns: 31.3581.6491.65
DEBUG:root:Running through columns: 31.4579.6493.21
DEBUG:root:Running through columns: 31.5577.6494.77
DEBUG:root:Running through columns: 31.6575.6496.33
DEBUG:root:Running through columns: 31.7573.6497.44
DEBUG:root:Running through columns: 31.8571.4198.77
DEBUG:root:Running through columns: 31.9568.7499.89
DEBUG:root:Running through columns: 32.0566.07100.55
DEBUG:root:Running through columns: 32.1562.51100.78
DEBUG:root:Running through columns: 32.2559.62101.22
DEBUG:root:Running through columns: 32.3556.73101.89
DEBUG:root:Running through columns: 32.4554.50101.89
DEBUG:root:Running through columns: 32.5552.06101.89
DEBUG:root:Running through columns: 32.6549.39101.89
DEBUG:root:Running through columns: 32.7546.94101.44
DEBUG:root:Running through columns: 32.8544.72101.00
DEBUG:root:Running through columns: 32.9542.49100.33
DEBUG:root:Running through columns: 33.0540.2799.89
DEBUG:root:Running through columns: 33.1537.8299.00
DEBUG:root:Running through columns: 33.2535.8298.55
DEBUG:root:Running through columns: 33.3533.3797.88
DEBUG:root:Running through columns: 33.4531.1497.22
DEBUG:root:Running through columns: 33.5529.1496.33
DEBUG:root:Running through columns: 33.6526.9295.21
DEBUG:root:Running through columns: 33.7525.1494.10
DEBUG:root:Running through columns: 33.8523.3692.54
DEBUG:root:Running through columns: 33.9522.0290.99
DEBUG:root:Running through columns: 34.0520.6988.99
DEBUG:root:Running through columns: 34.1519.3586.98
DEBUG:root:Running through columns: 34.2518.2484.76
DEBUG:root:Running through columns: 34.3517.1382.76
DEBUG:root:Running through columns: 34.4515.7980.98
DEBUG:root:Running through columns: 34.5514.6879.20
DEBUG:root:Running through columns: 34.6513.1377.64
DEBUG:root:Running through columns: 34.7511.5776.30
DEBUG:root:Running through columns: 34.8510.0175.19
DEBUG:root:Running through columns: 34.958.4574.08
DEBUG:root:Running through columns: 35.057.3472.97
DEBUG:root:Running through columns: 35.156.9072.08
DEBUG:root:Running through columns: 35.256.9071.63
DEBUG:root:Running through columns: 35.356.9070.52
DEBUG:root:Running through columns: 35.457.1269.41
DEBUG:root:Running through columns: 35.557.1268.30
DEBUG:root:Running through columns: 35.657.3466.74
DEBUG:root:Running through columns: 35.757.3465.18
DEBUG:root:Running through columns: 35.857.5663.62
DEBUG:root:Running through columns: 35.957.3461.62
DEBUG:root:Running through columns: 36.057.1260.07
DEBUG:root:Running through columns: 36.156.6758.51
DEBUG:root:Running through columns: 36.255.7856.95
DEBUG:root:Running through columns: 36.355.3455.17
DEBUG:root:Running through columns: 36.454.8953.61
DEBUG:root:Running through columns: 36.554.8951.39
DEBUG:root:Running through columns: 36.655.1250.05
DEBUG:root:Running through columns: 36.755.7848.50
DEBUG:root:Running through columns: 36.856.6747.16
DEBUG:root:Running through columns: 36.957.7946.27
DEBUG:root:Running through columns: 37.058.9045.83
DEBUG:root:Running through columns: 37.1510.2345.38
DEBUG:root:Running through columns: 37.2511.7945.38
DEBUG:root:Running through columns: 37.3513.5745.61
DEBUG:root:Running through columns: 37.4515.3545.83
DEBUG:root:Running through columns: 37.5517.1346.27
DEBUG:root:Running through columns: 37.6519.3546.94
DEBUG:root:Running through columns: 37.7521.1347.38
DEBUG:root:Running through columns: 37.8523.3648.50
DEBUG:root:Running through columns: 37.9525.5849.61
DEBUG:root:Running through columns: 38.0527.5950.94
DEBUG:root:Running through columns: 38.1529.5952.28
DEBUG:root:Running through columns: 38.2531.5953.61
DEBUG:root:Running through columns: 38.3533.3755.39
DEBUG:root:Running through columns: 38.4535.1557.17
DEBUG:root:Running through columns: 38.5536.4859.18
DEBUG:root:Running through columns: 38.6537.6061.62
DEBUG:root:Running through columns: 38.7538.4963.85
DEBUG:root:Running through columns: 38.8538.4966.07
DEBUG:root:Running through columns: 38.9538.4968.52
DEBUG:root:Running through columns: 39.0537.8270.97
DEBUG:root:Running through columns: 39.1536.9373.19
DEBUG:root:Running through columns: 39.2535.8275.19
DEBUG:root:Running through columns: 39.3534.2677.42
DEBUG:root:Running through columns: 39.4532.9279.20
DEBUG:root:Running through columns: 39.5531.1481.20
DEBUG:root:Running through columns: 39.6529.3783.20
DEBUG:root:Running through columns: 39.7527.5984.76
DEBUG:root:Running through columns: 39.8525.5886.09
DEBUG:root:Running through columns: 39.9523.5887.21
DEBUG:root:Running through columns: 40.0521.5888.32
DEBUG:root:Running through columns: 40.1520.2488.99
DEBUG:root:Running through columns: 40.2519.3588.76
DEBUG:root:Running through columns: 40.3519.1388.32
DEBUG:root:Running through columns: 40.4518.6987.43
DEBUG:root:Running through columns: 40.5518.2486.54
DEBUG:root:Running through columns: 40.6517.3585.20
DEBUG:root:Running through columns: 40.7516.9183.65
DEBUG:root:Running through columns: 40.8517.1382.09
DEBUG:root:Running through columns: 40.9517.8080.31
DEBUG:root:Running through columns: 41.0518.4679.20
DEBUG:root:Running through columns: 41.1519.5878.08
DEBUG:root:Running through columns: 41.2521.1377.19
DEBUG:root:Running through columns: 41.3522.9176.53
DEBUG:root:Running through columns: 41.4524.6976.53
DEBUG:root:Running through columns: 41.5526.7076.75
DEBUG:root:Running through columns: 41.6527.8177.86
DEBUG:root:Running through columns: 41.7528.4878.75
DEBUG:root:Running through columns: 41.8528.4880.09
DEBUG:root:Running through columns: 41.9528.9281.20
DEBUG:root:Running through columns: 42.0529.1482.76
DEBUG:root:Running through columns: 42.1530.0384.31
DEBUG:root:Running through columns: 42.2531.1485.43
DEBUG:root:Running through columns: 42.3532.2686.76
DEBUG:root:Running through columns: 42.4533.8187.65
DEBUG:root:Running through columns: 42.5536.0488.32
DEBUG:root:Running through columns: 42.6537.8288.99
DEBUG:root:Running through columns: 42.7539.6088.54
DEBUG:root:Running through columns: 42.8541.6088.10
DEBUG:root:Running through columns: 42.9543.6087.43
DEBUG:root:Running through columns: 43.0545.3886.54
DEBUG:root:Running through columns: 43.1547.3885.65
DEBUG:root:Running through columns: 43.2549.3984.98
DEBUG:root:Running through columns: 43.3551.6184.31
DEBUG:root:Running through columns: 43.4554.0684.09
DEBUG:root:Running through columns: 43.5556.5184.09
DEBUG:root:Running through columns: 43.6558.9584.31
DEBUG:root:Running through columns: 43.7561.1884.76
DEBUG:root:Running through columns: 43.8563.8585.65
DEBUG:root:Running through columns: 43.9566.2986.54
DEBUG:root:Running through columns: 44.0568.5287.87
DEBUG:root:Running through columns: 44.1570.7488.99
DEBUG:root:Running through columns: 44.2572.7590.54
DEBUG:root:Running through columns: 44.3574.7592.32
DEBUG:root:Running through columns: 44.4576.3093.88
DEBUG:root:Running through columns: 44.5577.1994.99
DEBUG:root:Running through columns: 44.6576.9795.21
DEBUG:root:Running through columns: 44.7576.7595.21
DEBUG:root:Running through columns: 44.8576.5395.44
DEBUG:root:Running through columns: 44.9576.0894.99
DEBUG:root:Running through columns: 45.0575.8695.21
DEBUG:root:Running through columns: 45.1575.4295.88
DEBUG:root:Running through columns: 45.2574.3096.77
DEBUG:root:Running through columns: 45.3572.9797.66
DEBUG:root:Running through columns: 45.4571.1998.77
DEBUG:root:Running through columns: 45.5569.6399.22
DEBUG:root:Running through columns: 45.6567.63100.11
DEBUG:root:Running through columns: 45.7565.85100.55
DEBUG:root:Running through columns: 45.8563.62101.22
DEBUG:root:Running through columns: 45.9561.40101.67
DEBUG:root:Running through columns: 46.0559.40101.89
DEBUG:root:Running through columns: 46.1557.40102.11
DEBUG:root:Running through columns: 46.2555.39101.89
DEBUG:root:Running through columns: 46.3553.39101.67
DEBUG:root:Running through columns: 46.4551.39101.22
DEBUG:root:Running through columns: 46.5549.39100.33
DEBUG:root:Running through columns: 46.6547.6199.89
DEBUG:root:Running through columns: 46.7545.3899.22
DEBUG:root:Running through columns: 46.8543.6098.55
DEBUG:root:Running through columns: 46.9542.2798.77
DEBUG:root:Running through columns: 47.0540.9399.44
DEBUG:root:Running through columns: 47.1540.2799.44
DEBUG:root:Running through columns: 47.2540.0499.22
DEBUG:root:Running through columns: 47.3540.0499.00
DEBUG:root:Running through columns: 47.4539.6098.55
DEBUG:root:Running through columns: 47.5538.7198.55
DEBUG:root:Running through columns: 47.6538.2698.33
DEBUG:root:Running through columns: 47.7536.9398.33
DEBUG:root:Running through columns: 47.8535.5998.33
DEBUG:root:Running through columns: 47.9534.0497.66
DEBUG:root:Running through columns: 48.0532.2696.99
DEBUG:root:Running through columns: 48.1530.4896.33
DEBUG:root:Running through columns: 48.2528.9295.21
DEBUG:root:Running through columns: 48.3527.1494.10
DEBUG:root:Running through columns: 48.4526.0392.54
DEBUG:root:Running through columns: 48.5524.9290.99
DEBUG:root:Running through columns: 48.6524.4789.43
DEBUG:root:Running through columns: 48.7524.2587.87
DEBUG:root:Running through columns: 48.8524.6986.76
DEBUG:root:Running through columns: 48.9524.9285.65
DEBUG:root:Running through columns: 49.0525.8184.76
DEBUG:root:Running through columns: 49.1526.7084.54
DEBUG:root:Running through columns: 49.2527.8184.09
DEBUG:root:Running through columns: 49.3529.3784.31
DEBUG:root:Running through columns: 49.4531.1484.54
DEBUG:root:Running through columns: 49.5532.7084.98
DEBUG:root:Running through columns: 49.6534.7085.43
DEBUG:root:Running through columns: 49.7536.4885.65
DEBUG:root:Running through columns: 49.8538.4986.32
DEBUG:root:Running through columns: 49.9540.7187.21
DEBUG:root:Running through columns: 50.0542.7187.87
DEBUG:root:Running through columns: 50.1545.1688.54
DEBUG:root:Running through columns: 50.2547.1689.21
DEBUG:root:Running through columns: 50.3549.6190.10
DEBUG:root:Running through columns: 50.4551.8390.99
DEBUG:root:Running through columns: 50.5553.8491.88
DEBUG:root:Running through columns: 50.6556.0693.43
DEBUG:root:Running through columns: 50.7557.8494.77
DEBUG:root:Running through columns: 50.8559.8496.33
DEBUG:root:Running through columns: 50.9560.9697.88
DEBUG:root:Running through columns: 51.0561.8499.44
DEBUG:root:Running through columns: 51.1562.07100.55
DEBUG:root:Running through columns: 51.2562.29101.00
DEBUG:root:Running through columns: 51.3562.29100.78
DEBUG:root:Running through columns: 51.4562.07100.55
DEBUG:root:Running through columns: 51.5562.07100.78
DEBUG:root:Running through columns: 51.6561.62100.78
DEBUG:root:Running through columns: 51.7560.73101.22
DEBUG:root:Running through columns: 51.8559.62101.67
DEBUG:root:Running through columns: 51.9558.29102.11
DEBUG:root:Running through columns: 52.0556.95102.33
DEBUG:root:Running through columns: 52.1555.39102.33
DEBUG:root:Running through columns: 52.2553.84102.33
DEBUG:root:Running through columns: 52.3552.28102.11
DEBUG:root:Running through columns: 52.4550.94101.89
DEBUG:root:Running through columns: 52.5549.16101.89
DEBUG:root:Running through columns: 52.6547.38101.67
DEBUG:root:Running through columns: 52.7545.61101.44
DEBUG:root:Running through columns: 52.8543.83101.44
DEBUG:root:Running through columns: 52.9542.49101.00
DEBUG:root:Running through columns: 53.0541.60100.55
DEBUG:root:Running through columns: 53.1540.71100.11
DEBUG:root:Running through columns: 53.2539.6099.22
DEBUG:root:Running through columns: 53.3538.7198.77
DEBUG:root:Running through columns: 53.4538.0498.33
DEBUG:root:Running through columns: 53.5537.3798.33
DEBUG:root:Running through columns: 53.6536.9398.33
DEBUG:root:Running through columns: 53.7536.4898.11
DEBUG:root:Running through columns: 53.8535.8298.33
DEBUG:root:Running through columns: 53.9535.5998.11
DEBUG:root:Running through columns: 54.0535.1597.88
DEBUG:root:Running through columns: 54.1534.4897.88
DEBUG:root:Running through columns: 54.2533.8197.88
DEBUG:root:Running through columns: 54.3533.1597.88
DEBUG:root:Running through columns: 54.4532.0397.44
DEBUG:root:Running through columns: 54.5530.7097.22
DEBUG:root:Running through columns: 54.6529.1496.33
DEBUG:root:Running through columns: 54.7527.3695.88
DEBUG:root:Running through columns: 54.8526.0395.21
DEBUG:root:Running through columns: 54.9525.1494.55
DEBUG:root:Running through columns: 55.0524.2592.99
DEBUG:root:Running through columns: 55.1523.5891.43
DEBUG:root:Running through columns: 55.2522.9188.76
DEBUG:root:Running through columns: 55.3522.6986.32
DEBUG:root:Running through columns: 55.4523.1484.31
DEBUG:root:Running through columns: 55.5524.2582.98
DEBUG:root:Running through columns: 55.6525.5881.87
DEBUG:root:Running through columns: 55.7526.7080.98
DEBUG:root:Running through columns: 55.8528.4880.31
DEBUG:root:Running through columns: 55.9530.2679.42
DEBUG:root:Running through columns: 56.0531.8178.31
DEBUG:root:Running through columns: 56.1534.0477.42
DEBUG:root:Running through columns: 56.2535.5976.75
DEBUG:root:Running through columns: 56.3537.6076.08
DEBUG:root:Running through columns: 56.4539.3875.42
DEBUG:root:Running through columns: 56.5541.3874.30
DEBUG:root:Running through columns: 56.6543.6073.64
DEBUG:root:Running through columns: 56.7545.8372.52
DEBUG:root:Running through columns: 56.8548.0571.63
DEBUG:root:Running through columns: 56.9550.2870.30
DEBUG:root:Running through columns: 57.0552.7268.96
DEBUG:root:Running through columns: 57.1554.7367.85
DEBUG:root:Running through columns: 57.2557.1766.74
DEBUG:root:Running through columns: 57.3559.6265.85
DEBUG:root:Running through columns: 57.4562.0765.18
DEBUG:root:Running through columns: 57.5564.7464.96
DEBUG:root:Running through columns: 57.6567.4164.51
DEBUG:root:Running through columns: 57.7570.0864.74
DEBUG:root:Running through columns: 57.8572.3064.96
DEBUG:root:Running through columns: 57.9574.9765.40
DEBUG:root:Running through columns: 58.0577.6465.85
DEBUG:root:Running through columns: 58.1580.3166.07
DEBUG:root:Running through columns: 58.2582.5366.96
DEBUG:root:Running through columns: 58.3585.2067.63
DEBUG:root:Running through columns: 58.4587.6568.30
DEBUG:root:Running through columns: 58.5590.3269.19
DEBUG:root:Running through columns: 58.6592.5470.08
DEBUG:root:Running through columns: 58.7594.9970.97
DEBUG:root:Running through columns: 58.8597.2271.86
DEBUG:root:Running through columns: 58.9598.3372.08
DEBUG:root:Running through columns: 59.0598.5572.08
DEBUG:root:Running through columns: 59.1598.3372.08
DEBUG:root:Running through columns: 59.2598.1172.08
DEBUG:root:Running through columns: 59.3597.8872.52
DEBUG:root:Running through columns: 59.4597.8872.75
DEBUG:root:Running through columns: 59.5597.8873.64
DEBUG:root:Running through columns: 59.6597.6674.75
DEBUG:root:Running through columns: 59.7597.2276.08
DEBUG:root:Running through columns: 59.8596.7777.64
DEBUG:root:Running through columns: 59.9595.6679.42
DEBUG:root:Goal position set manually: 0,0
DEBUG:root:Maze centre set manually: 0,0
DEBUG:root:Maze diameter set manually: 300
DEBUG:root:Calculating search strategies
DEBUG:root:Open File...
DEBUG:root:Calculate Called
INFO:root:Reading watermaze
DEBUG:root:Running through columns: 0.0052.2893.21
DEBUG:root:Running through columns: 0.0853.3993.21
DEBUG:root:Running through columns: 0.1554.2893.43
DEBUG:root:Running through columns: 0.2554.7394.32
DEBUG:root:Running through columns: 0.3555.6294.77
DEBUG:root:Running through columns: 0.4556.2894.77
DEBUG:root:Running through columns: 0.5557.1795.21
DEBUG:root:Running through columns: 0.6558.5194.77
DEBUG:root:Running through columns: 0.7559.6294.32
DEBUG:root:Running through columns: 0.8560.7393.21
DEBUG:root:Running through columns: 0.9561.6291.65
DEBUG:root:Running through columns: 1.0562.0790.10
DEBUG:root:Running through columns: 1.1561.8488.32
DEBUG:root:Running through columns: 1.2561.1886.76
DEBUG:root:Running through columns: 1.3560.0785.65
DEBUG:root:Running through columns: 1.4558.9584.31
DEBUG:root:Running through columns: 1.5557.8483.20
DEBUG:root:Running through columns: 1.6556.5181.87
DEBUG:root:Running through columns: 1.7555.8480.53
DEBUG:root:Running through columns: 1.8555.3978.75
DEBUG:root:Running through columns: 1.9555.3976.75
DEBUG:root:Running through columns: 2.0555.3974.30
DEBUG:root:Running through columns: 2.1555.1771.63
DEBUG:root:Running through columns: 2.2554.9569.19
DEBUG:root:Running through columns: 2.3554.0667.18
DEBUG:root:Running through columns: 2.4552.7265.63
DEBUG:root:Running through columns: 2.5551.3964.74
DEBUG:root:Running through columns: 2.6549.1664.51
DEBUG:root:Running through columns: 2.7547.1664.74
DEBUG:root:Running through columns: 2.8545.1665.63
DEBUG:root:Running through columns: 2.9543.3866.52
DEBUG:root:Running through columns: 3.0541.1666.52
DEBUG:root:Running through columns: 3.1538.4966.96
DEBUG:root:Running through columns: 3.2536.7166.52
DEBUG:root:Running through columns: 3.3535.3765.85
DEBUG:root:Running through columns: 3.4534.0464.51
DEBUG:root:Running through columns: 3.5533.3762.96
DEBUG:root:Running through columns: 3.6533.5960.96
DEBUG:root:Running through columns: 3.7533.5959.18
DEBUG:root:Running through columns: 3.8533.5957.84
DEBUG:root:Running through columns: 3.9533.1556.06
DEBUG:root:Running through columns: 4.0532.7054.73
DEBUG:root:Running through columns: 4.1531.3752.95
DEBUG:root:Running through columns: 4.2530.7051.61
DEBUG:root:Running through columns: 4.3530.4850.50
DEBUG:root:Running through columns: 4.4530.9249.16
DEBUG:root:Running through columns: 4.5531.5948.27
DEBUG:root:Running through columns: 4.6532.7047.38
DEBUG:root:Running through columns: 4.7534.0446.49
DEBUG:root:Running through columns: 4.8534.9346.49
DEBUG:root:Running through columns: 4.9536.0446.94
DEBUG:root:Running through columns: 5.0536.7147.61
DEBUG:root:Running through columns: 5.1537.1548.94
DEBUG:root:Running through columns: 5.2536.7150.28
DEBUG:root:Running through columns: 5.3536.2651.83
DEBUG:root:Running through columns: 5.4534.7053.17
DEBUG:root:Running through columns: 5.5534.0453.84
DEBUG:root:Running through columns: 5.6533.3753.84
DEBUG:root:Running through columns: 5.7532.7053.39
DEBUG:root:Running through columns: 5.8532.2652.95
DEBUG:root:Running through columns: 5.9532.4851.83
DEBUG:root:Running through columns: 6.0533.1550.94
DEBUG:root:Running through columns: 6.1534.0450.05
DEBUG:root:Running through columns: 6.2535.5948.94
DEBUG:root:Running through columns: 6.3537.1547.83
DEBUG:root:Running through columns: 6.4538.4946.72
DEBUG:root:Running through columns: 6.5539.6045.61
DEBUG:root:Running through columns: 6.6540.4944.27
DEBUG:root:Running through columns: 6.7541.8244.05
DEBUG:root:Running through columns: 6.8542.7143.83
DEBUG:root:Running through columns: 6.9543.6043.83
DEBUG:root:Running through columns: 7.0544.2744.27
DEBUG:root:Running through columns: 7.1544.2744.94
DEBUG:root:Running through columns: 7.2544.7245.61
DEBUG:root:Running through columns: 7.3544.7246.94
DEBUG:root:Running through columns: 7.4544.2748.05
DEBUG:root:Running through columns: 7.5543.8349.61
DEBUG:root:Running through columns: 7.6543.3851.83
DEBUG:root:Running through columns: 7.7542.4953.61
DEBUG:root:Running through columns: 7.8541.8255.17
DEBUG:root:Running through columns: 7.9540.9356.28
DEBUG:root:Running through columns: 8.0539.6057.40
DEBUG:root:Running through columns: 8.1538.2658.06
DEBUG:root:Running through columns: 8.2536.9358.51
DEBUG:root:Running through columns: 8.3535.1558.95
DEBUG:root:Running through columns: 8.4533.8158.95
DEBUG:root:Running through columns: 8.5532.0358.73
DEBUG:root:Running through columns: 8.6530.7059.18
DEBUG:root:Running through columns: 8.7529.3759.40
DEBUG:root:Running through columns: 8.8527.8159.40
DEBUG:root:Running through columns: 8.9526.7058.73
DEBUG:root:Running through columns: 9.0525.8158.29
DEBUG:root:Running through columns: 9.1525.1457.40
DEBUG:root:Running through columns: 9.2525.3656.51
DEBUG:root:Running through columns: 9.3525.5855.17
DEBUG:root:Running through columns: 9.4526.2553.84
DEBUG:root:Running through columns: 9.5527.1452.50
DEBUG:root:Running through columns: 9.6528.2550.94
DEBUG:root:Running through columns: 9.7529.8149.61
DEBUG:root:Running through columns: 9.8531.3748.72
DEBUG:root:Running through columns: 9.9532.9248.05
DEBUG:root:Running through columns: 10.0534.0448.05
DEBUG:root:Running through columns: 10.1535.1549.16
DEBUG:root:Running through columns: 10.2536.4849.83
DEBUG:root:Running through columns: 10.3536.9351.39
DEBUG:root:Running through columns: 10.4538.0452.95
DEBUG:root:Running through columns: 10.5538.4954.73
DEBUG:root:Running through columns: 10.6538.4956.73
DEBUG:root:Running through columns: 10.7538.4958.73
DEBUG:root:Running through columns: 10.8537.8260.73
DEBUG:root:Running through columns: 10.9537.3762.73
DEBUG:root:Running through columns: 11.0536.7164.29
DEBUG:root:Running through columns: 11.1536.2665.63
DEBUG:root:Running through columns: 11.2536.2667.41
DEBUG:root:Running through columns: 11.3536.2669.19
DEBUG:root:Running through columns: 11.4536.7170.74
DEBUG:root:Running through columns: 11.5537.3772.30
DEBUG:root:Running through columns: 11.6538.4972.97
DEBUG:root:Running through columns: 11.7539.6073.86
DEBUG:root:Running through columns: 11.8541.6074.75
DEBUG:root:Running through columns: 11.9543.6074.30
DEBUG:root:Running through columns: 12.0545.1674.08
DEBUG:root:Running through columns: 12.1546.9473.41
DEBUG:root:Running through columns: 12.2548.5073.41
DEBUG:root:Running through columns: 12.3549.8373.41
DEBUG:root:Running through columns: 12.4551.1772.52
DEBUG:root:Running through columns: 12.5551.8371.86
DEBUG:root:Running through columns: 12.6552.2870.74
DEBUG:root:Running through columns: 12.7552.2869.85
DEBUG:root:Running through columns: 12.8551.6168.07
DEBUG:root:Running through columns: 12.9551.1766.52
DEBUG:root:Running through columns: 13.0550.5064.29
DEBUG:root:Running through columns: 13.1549.8362.29
DEBUG:root:Running through columns: 13.2549.3959.62
DEBUG:root:Running through columns: 13.3549.1656.95
DEBUG:root:Running through columns: 13.4548.5054.50
DEBUG:root:Running through columns: 13.5548.0551.61
DEBUG:root:Running through columns: 13.6547.8348.94
DEBUG:root:Running through columns: 13.7547.8346.27
DEBUG:root:Running through columns: 13.8548.2743.38
DEBUG:root:Running through columns: 13.9549.3940.71
DEBUG:root:Running through columns: 14.0550.2838.04
DEBUG:root:Running through columns: 14.1551.3935.82
DEBUG:root:Running through columns: 14.2551.8333.81
DEBUG:root:Running through columns: 14.3552.0631.81
DEBUG:root:Running through columns: 14.4551.6130.26
DEBUG:root:Running through columns: 14.5551.1729.14
DEBUG:root:Running through columns: 14.6550.2827.81
DEBUG:root:Running through columns: 14.7549.1626.92
DEBUG:root:Running through columns: 14.8547.8326.25
DEBUG:root:Running through columns: 14.9546.2725.81
DEBUG:root:Running through columns: 15.0545.1625.36
DEBUG:root:Running through columns: 15.1544.0525.58
DEBUG:root:Running through columns: 15.2542.9426.03
DEBUG:root:Running through columns: 15.3541.6026.92
DEBUG:root:Running through columns: 15.4540.0427.81
DEBUG:root:Running through columns: 15.5538.4928.70
DEBUG:root:Running through columns: 15.6536.7129.59
DEBUG:root:Running through columns: 15.7534.9329.59
DEBUG:root:Running through columns: 15.8533.3728.92
DEBUG:root:Running through columns: 15.9532.0328.03
DEBUG:root:Running through columns: 16.0531.3726.70
DEBUG:root:Running through columns: 16.1530.9225.81
DEBUG:root:Running through columns: 16.2531.1424.47
DEBUG:root:Running through columns: 16.3531.5923.14
DEBUG:root:Running through columns: 16.4532.2621.80
DEBUG:root:Running through columns: 16.5533.1520.24
DEBUG:root:Running through columns: 16.6534.2619.13
DEBUG:root:Running through columns: 16.7534.4818.46
DEBUG:root:Running through columns: 16.8534.9318.24
DEBUG:root:Running through columns: 16.9535.3718.24
DEBUG:root:Running through columns: 17.0535.8218.69
DEBUG:root:Running through columns: 17.1536.2619.35
DEBUG:root:Running through columns: 17.2536.2620.24
DEBUG:root:Running through columns: 17.3536.2622.02
DEBUG:root:Running through columns: 17.4536.2623.58
DEBUG:root:Running through columns: 17.5535.8225.81
DEBUG:root:Running through columns: 17.6535.5928.03
DEBUG:root:Running through columns: 17.7535.5930.48
DEBUG:root:Running through columns: 17.8536.0432.92
DEBUG:root:Running through columns: 17.9536.7135.15
DEBUG:root:Running through columns: 18.0538.0436.71
DEBUG:root:Running through columns: 18.1539.6038.93
DEBUG:root:Running through columns: 18.2541.6040.49
DEBUG:root:Running through columns: 18.3543.3842.27
DEBUG:root:Running through columns: 18.4544.9444.49
DEBUG:root:Running through columns: 18.5545.6146.49
DEBUG:root:Running through columns: 18.6546.0548.72
DEBUG:root:Running through columns: 18.7546.4951.39
DEBUG:root:Running through columns: 18.8546.7253.39
DEBUG:root:Running through columns: 18.9547.1655.62
DEBUG:root:Running through columns: 19.0547.3857.84
DEBUG:root:Running through columns: 19.1547.1660.29
DEBUG:root:Running through columns: 19.2546.2762.73
DEBUG:root:Running through columns: 19.3545.3864.74
DEBUG:root:Running through columns: 19.4543.8365.85
DEBUG:root:Running through columns: 19.5542.0566.52
DEBUG:root:Running through columns: 19.6540.2766.74
DEBUG:root:Running through columns: 19.7538.4966.29
DEBUG:root:Running through columns: 19.8536.4866.07
DEBUG:root:Running through columns: 19.9534.2665.63
DEBUG:root:Running through columns: 20.0532.2665.40
DEBUG:root:Running through columns: 20.1530.2664.74
DEBUG:root:Running through columns: 20.2528.7063.62
DEBUG:root:Running through columns: 20.3527.3661.62
DEBUG:root:Running through columns: 20.4526.4759.40
DEBUG:root:Running through columns: 20.5526.0356.95
DEBUG:root:Running through columns: 20.6526.0354.50
DEBUG:root:Running through columns: 20.7526.0351.61
DEBUG:root:Running through columns: 20.8526.0348.94
DEBUG:root:Running through columns: 20.9526.4746.27
DEBUG:root:Running through columns: 21.0526.7043.60
DEBUG:root:Running through columns: 21.1526.9240.93
DEBUG:root:Running through columns: 21.2527.1438.04
DEBUG:root:Running through columns: 21.3527.5936.04
DEBUG:root:Running through columns: 21.4528.7034.04
DEBUG:root:Running through columns: 21.5530.2632.26
DEBUG:root:Running through columns: 21.6532.0330.92
DEBUG:root:Running through columns: 21.7534.0429.59
DEBUG:root:Running through columns: 21.8536.0428.70
DEBUG:root:Running through columns: 21.9537.6028.25
DEBUG:root:Running through columns: 22.0539.6028.48
DEBUG:root:Running through columns: 22.1541.8228.92
DEBUG:root:Running through columns: 22.2544.0529.37
DEBUG:root:Running through columns: 22.3545.8330.03
DEBUG:root:Running through columns: 22.4547.3830.92
DEBUG:root:Running through columns: 22.5548.9432.26
DEBUG:root:Running through columns: 22.6549.8333.81
DEBUG:root:Running through columns: 22.7550.0535.82
DEBUG:root:Running through columns: 22.8550.0537.82
DEBUG:root:Running through columns: 22.9550.0540.27
DEBUG:root:Running through columns: 23.0550.0542.49
DEBUG:root:Running through columns: 23.1550.0544.72
DEBUG:root:Running through columns: 23.2550.0546.94
DEBUG:root:Running through columns: 23.3550.5049.61
DEBUG:root:Running through columns: 23.4550.9451.83
DEBUG:root:Running through columns: 23.5551.3954.73
DEBUG:root:Running through columns: 23.6551.3957.40
DEBUG:root:Running through columns: 23.7550.9460.07
DEBUG:root:Running through columns: 23.8550.7262.73
DEBUG:root:Running through columns: 23.9550.2865.63
DEBUG:root:Running through columns: 24.0549.6168.30
DEBUG:root:Running through columns: 24.1548.7270.97
DEBUG:root:Running through columns: 24.2547.6172.75
DEBUG:root:Running through columns: 24.3546.2774.30
DEBUG:root:Running through columns: 24.4545.1675.19
DEBUG:root:Running through columns: 24.5543.1676.53
DEBUG:root:Running through columns: 24.6541.1677.64
DEBUG:root:Running through columns: 24.7538.9379.20
DEBUG:root:Running through columns: 24.8536.7180.31
DEBUG:root:Running through columns: 24.9534.2681.42
DEBUG:root:Running through columns: 25.0532.0381.64
DEBUG:root:Running through columns: 25.1529.8181.20
DEBUG:root:Running through columns: 25.2528.0380.09
DEBUG:root:Running through columns: 25.3526.4778.53
DEBUG:root:Running through columns: 25.4525.1476.75
DEBUG:root:Running through columns: 25.5524.2574.30
DEBUG:root:Running through columns: 25.6523.5872.08
DEBUG:root:Running through columns: 25.7523.3669.41
DEBUG:root:Running through columns: 25.8522.9166.74
DEBUG:root:Running through columns: 25.9522.9164.07
DEBUG:root:Running through columns: 26.0522.9161.40
DEBUG:root:Running through columns: 26.1522.9158.73
DEBUG:root:Running through columns: 26.2523.3655.62
DEBUG:root:Running through columns: 26.3523.8052.95
DEBUG:root:Running through columns: 26.4524.2549.83
DEBUG:root:Running through columns: 26.5524.6947.16
DEBUG:root:Running through columns: 26.6525.1444.05
DEBUG:root:Running through columns: 26.7525.3641.38
DEBUG:root:Running through columns: 26.8525.5838.26
DEBUG:root:Running through columns: 26.9525.5835.37
DEBUG:root:Running through columns: 27.0525.8132.48
DEBUG:root:Running through columns: 27.1526.0329.59
DEBUG:root:Running through columns: 27.2526.4726.70
DEBUG:root:Running through columns: 27.3526.4724.03
DEBUG:root:Running through columns: 27.4526.4721.36
DEBUG:root:Running through columns: 27.5526.4719.13
DEBUG:root:Running through columns: 27.6526.4716.91
DEBUG:root:Running through columns: 27.7526.4715.35
DEBUG:root:Running through columns: 27.8526.4714.46
DEBUG:root:Running through columns: 27.9526.9214.91
DEBUG:root:Running through columns: 28.0526.9215.35
DEBUG:root:Running through columns: 28.1527.1415.57
DEBUG:root:Running through columns: 28.2527.3615.57
DEBUG:root:Running through columns: 28.3527.8115.79
DEBUG:root:Running through columns: 28.4527.5915.57
DEBUG:root:Running through columns: 28.5527.3615.13
DEBUG:root:Running through columns: 28.6527.3615.13
DEBUG:root:Running through columns: 28.7527.1415.35
DEBUG:root:Running through columns: 28.8527.3615.57
DEBUG:root:Running through columns: 28.9527.3615.57
DEBUG:root:Running through columns: 29.0527.1416.24
DEBUG:root:Running through columns: 29.1526.7016.68
DEBUG:root:Running through columns: 29.2525.8117.80
DEBUG:root:Running through columns: 29.3525.1418.91
DEBUG:root:Running through columns: 29.4524.2520.24
DEBUG:root:Running through columns: 29.5522.9121.58
DEBUG:root:Running through columns: 29.6521.8022.25
DEBUG:root:Running through columns: 29.7520.2422.91
DEBUG:root:Running through columns: 29.8518.6922.91
DEBUG:root:Running through columns: 29.9516.9122.91
DEBUG:root:Running through columns: 30.0516.6823.14
DEBUG:root:Running through columns: 30.1516.6823.58
DEBUG:root:Running through columns: 30.2516.6824.25
DEBUG:root:Running through columns: 30.3516.4625.36
DEBUG:root:Running through columns: 30.4516.0226.25
DEBUG:root:Running through columns: 30.5515.1328.03
DEBUG:root:Running through columns: 30.6514.4629.81
DEBUG:root:Running through columns: 30.7513.5731.14
DEBUG:root:Running through columns: 30.8512.2431.81
DEBUG:root:Running through columns: 30.9510.6832.26
DEBUG:root:Running through columns: 31.059.7932.70
DEBUG:root:Running through columns: 31.159.7932.92
DEBUG:root:Running through columns: 31.259.3433.15
DEBUG:root:Running through columns: 31.358.9033.37
DEBUG:root:Running through columns: 31.458.9033.81
DEBUG:root:Running through columns: 31.558.6834.26
DEBUG:root:Running through columns: 31.658.4535.15
DEBUG:root:Running through columns: 31.758.0135.59
DEBUG:root:Running through columns: 31.857.5636.48
DEBUG:root:Running through columns: 31.957.7936.71
DEBUG:root:Running through columns: 32.058.0137.37
DEBUG:root:Running through columns: 32.158.0137.60
DEBUG:root:Running through columns: 32.258.0138.26
DEBUG:root:Running through columns: 32.358.4538.71
DEBUG:root:Running through columns: 32.458.2338.93
DEBUG:root:Running through columns: 32.558.4539.38
DEBUG:root:Running through columns: 32.658.6839.60
DEBUG:root:Running through columns: 32.758.6839.82
DEBUG:root:Running through columns: 32.858.9039.82
DEBUG:root:Running through columns: 32.958.9039.60
DEBUG:root:Running through columns: 33.058.9039.60
DEBUG:root:Running through columns: 33.158.6839.38
DEBUG:root:Running through columns: 33.258.6838.49
DEBUG:root:Running through columns: 33.359.1237.60
DEBUG:root:Running through columns: 33.459.7937.15
DEBUG:root:Running through columns: 33.5510.6836.26
DEBUG:root:Running through columns: 33.6512.0136.04
DEBUG:root:Running through columns: 33.7512.9036.48
DEBUG:root:Running through columns: 33.8514.0237.15
DEBUG:root:Running through columns: 33.9515.3538.26
DEBUG:root:Running through columns: 34.0516.4639.60
DEBUG:root:Running through columns: 34.1518.0241.38
DEBUG:root:Running through columns: 34.2519.5842.71
DEBUG:root:Running through columns: 34.3521.1344.27
DEBUG:root:Running through columns: 34.4523.1446.49
DEBUG:root:Running through columns: 34.5524.9248.50
DEBUG:root:Running through columns: 34.6526.9250.05
DEBUG:root:Running through columns: 34.7528.7051.61
DEBUG:root:Running through columns: 34.8530.9252.50
DEBUG:root:Running through columns: 34.9532.7052.28
DEBUG:root:Running through columns: 35.0534.7052.06
DEBUG:root:Running through columns: 35.1537.1551.39
DEBUG:root:Running through columns: 35.2539.3851.17
DEBUG:root:Running through columns: 35.3542.0550.72
DEBUG:root:Running through columns: 35.4544.2750.50
DEBUG:root:Running through columns: 35.5546.7249.39
DEBUG:root:Running through columns: 35.6548.9448.27
DEBUG:root:Running through columns: 35.7550.5046.94
DEBUG:root:Running through columns: 35.8552.2844.94
DEBUG:root:Running through columns: 35.9553.8442.71
DEBUG:root:Running through columns: 36.0555.3940.04
DEBUG:root:Running through columns: 36.1556.7337.82
DEBUG:root:Running through columns: 36.2558.5135.15
DEBUG:root:Running through columns: 36.3559.8432.48
DEBUG:root:Running through columns: 36.4561.4029.81
DEBUG:root:Running through columns: 36.5563.1827.36
DEBUG:root:Running through columns: 36.6564.7424.69
DEBUG:root:Running through columns: 36.7566.5222.47
DEBUG:root:Running through columns: 36.8568.3020.24
DEBUG:root:Running through columns: 36.9570.3018.02
DEBUG:root:Running through columns: 37.0572.3016.02
DEBUG:root:Running through columns: 37.1574.3014.68
DEBUG:root:Running through columns: 37.2576.5313.35
DEBUG:root:Running through columns: 37.3578.7512.46
DEBUG:root:Running through columns: 37.4580.7512.01
DEBUG:root:Running through columns: 37.5582.5312.46
DEBUG:root:Running through columns: 37.6584.5413.79
DEBUG:root:Running through columns: 37.7585.4315.13
DEBUG:root:Running through columns: 37.8586.5416.68
DEBUG:root:Running through columns: 37.9587.4318.46
DEBUG:root:Running through columns: 38.0587.8720.69
DEBUG:root:Running through columns: 38.1588.3222.91
DEBUG:root:Running through columns: 38.2588.3225.14
DEBUG:root:Running through columns: 38.3587.8727.36
DEBUG:root:Running through columns: 38.4586.9829.14
DEBUG:root:Running through columns: 38.5585.8730.70
DEBUG:root:Running through columns: 38.6584.3132.03
DEBUG:root:Running through columns: 38.7582.5332.92
DEBUG:root:Running through columns: 38.8580.5334.04
DEBUG:root:Running through columns: 38.9578.3135.15
DEBUG:root:Running through columns: 39.0576.0836.48
DEBUG:root:Running through columns: 39.1574.0837.82
DEBUG:root:Running through columns: 39.2571.4139.38
DEBUG:root:Running through columns: 39.3568.9640.93
DEBUG:root:Running through columns: 39.4566.2941.82
DEBUG:root:Running through columns: 39.5563.4043.16
DEBUG:root:Running through columns: 39.6560.7344.27
DEBUG:root:Running through columns: 39.7557.6245.16
DEBUG:root:Running through columns: 39.8554.7345.83
DEBUG:root:Running through columns: 39.9551.8346.05
DEBUG:root:Running through columns: 40.0548.9446.72
DEBUG:root:Running through columns: 40.1546.2747.16
DEBUG:root:Running through columns: 40.2543.3848.05
DEBUG:root:Running through columns: 40.3540.7149.16
DEBUG:root:Running through columns: 40.4538.0449.83
DEBUG:root:Running through columns: 40.5535.3749.61
DEBUG:root:Running through columns: 40.6532.9249.16
DEBUG:root:Running through columns: 40.7530.7048.05
DEBUG:root:Running through columns: 40.8528.2546.94
DEBUG:root:Running through columns: 40.9526.2545.38
DEBUG:root:Running through columns: 41.0524.2543.38
DEBUG:root:Running through columns: 41.1522.4741.60
DEBUG:root:Running through columns: 41.2520.9139.60
DEBUG:root:Running through columns: 41.3519.3537.60
DEBUG:root:Running through columns: 41.4517.5735.37
DEBUG:root:Running through columns: 41.5516.0233.59
DEBUG:root:Running through columns: 41.6514.9131.81
DEBUG:root:Running through columns: 41.7514.0229.59
DEBUG:root:Running through columns: 41.8513.5728.03
DEBUG:root:Running through columns: 41.9513.3526.47
DEBUG:root:Running through columns: 42.0513.7925.14
DEBUG:root:Running through columns: 42.1514.2424.03
DEBUG:root:Running through columns: 42.2514.9123.58
DEBUG:root:Running through columns: 42.3515.7922.91
DEBUG:root:Running through columns: 42.4516.9122.47
DEBUG:root:Running through columns: 42.5518.0221.58
DEBUG:root:Running through columns: 42.6519.3520.47
DEBUG:root:Running through columns: 42.7520.9119.13
DEBUG:root:Running through columns: 42.8522.4718.24
DEBUG:root:Running through columns: 42.9523.8017.13
DEBUG:root:Running through columns: 43.0525.3615.79
DEBUG:root:Running through columns: 43.1526.2514.46
DEBUG:root:Running through columns: 43.2527.5913.79
DEBUG:root:Running through columns: 43.3528.4813.13
DEBUG:root:Running through columns: 43.4529.5912.90
DEBUG:root:Running through columns: 43.5530.9213.35
DEBUG:root:Running through columns: 43.6531.8114.02
DEBUG:root:Running through columns: 43.7532.4814.68
DEBUG:root:Running through columns: 43.8533.1515.57
DEBUG:root:Running through columns: 43.9532.9216.68
DEBUG:root:Running through columns: 44.0532.2617.80
DEBUG:root:Running through columns: 44.1531.3718.69
DEBUG:root:Running through columns: 44.2530.2619.58
DEBUG:root:Running through columns: 44.3528.9220.24
DEBUG:root:Running through columns: 44.4527.8121.13
DEBUG:root:Running through columns: 44.5526.2522.25
DEBUG:root:Running through columns: 44.6524.6923.80
DEBUG:root:Running through columns: 44.7522.9125.36
DEBUG:root:Running through columns: 44.8521.1326.70
DEBUG:root:Running through columns: 44.9519.1328.48
DEBUG:root:Running through columns: 45.0517.3529.59
DEBUG:root:Running through columns: 45.1515.1330.03
DEBUG:root:Running through columns: 45.2512.9030.48
DEBUG:root:Running through columns: 45.3511.3530.70
DEBUG:root:Running through columns: 45.4510.6831.14
DEBUG:root:Running through columns: 45.5510.0131.81
DEBUG:root:Running through columns: 45.658.9032.70
DEBUG:root:Running through columns: 45.758.4533.15
DEBUG:root:Running through columns: 45.858.4533.59
DEBUG:root:Running through columns: 45.958.4534.70
DEBUG:root:Running through columns: 46.058.0136.71
DEBUG:root:Running through columns: 46.157.7938.49
DEBUG:root:Running through columns: 46.257.5640.27
DEBUG:root:Running through columns: 46.358.0142.49
DEBUG:root:Running through columns: 46.458.4544.72
DEBUG:root:Running through columns: 46.559.1247.16
DEBUG:root:Running through columns: 46.659.7949.39
DEBUG:root:Running through columns: 46.7510.4652.06
DEBUG:root:Running through columns: 46.8511.1254.50
DEBUG:root:Running through columns: 46.9511.3557.17
DEBUG:root:Running through columns: 47.0511.3559.84
DEBUG:root:Running through columns: 47.1511.3562.51
DEBUG:root:Running through columns: 47.2510.9065.18
DEBUG:root:Running through columns: 47.3510.0167.63
DEBUG:root:Running through columns: 47.458.9069.85
DEBUG:root:Running through columns: 47.558.2371.19
DEBUG:root:Running through columns: 47.657.7971.86
DEBUG:root:Running through columns: 47.757.7972.08
DEBUG:root:Running through columns: 47.858.2371.86
DEBUG:root:Running through columns: 47.958.4572.08
DEBUG:root:Running through columns: 48.058.9072.52
DEBUG:root:Running through columns: 48.159.1272.75
DEBUG:root:Running through columns: 48.259.1273.64
DEBUG:root:Running through columns: 48.3510.0174.53
DEBUG:root:Running through columns: 48.4510.4675.42
DEBUG:root:Running through columns: 48.5511.5776.53
DEBUG:root:Running through columns: 48.6512.9078.08
DEBUG:root:Running through columns: 48.7514.4679.42
DEBUG:root:Running through columns: 48.8516.0280.31
DEBUG:root:Running through columns: 48.9518.2481.42
DEBUG:root:Running through columns: 49.0520.2482.09
DEBUG:root:Running through columns: 49.1522.6983.42
DEBUG:root:Running through columns: 49.2524.9284.54
DEBUG:root:Running through columns: 49.3527.3685.87
DEBUG:root:Running through columns: 49.4529.3787.65
DEBUG:root:Running through columns: 49.5531.1489.43
DEBUG:root:Running through columns: 49.6532.2691.65
DEBUG:root:Running through columns: 49.7532.9293.66
DEBUG:root:Running through columns: 49.8532.9295.44
DEBUG:root:Running through columns: 49.9532.9296.55
DEBUG:root:Running through columns: 50.0532.9296.77
DEBUG:root:Running through columns: 50.1533.3796.55
DEBUG:root:Running through columns: 50.2533.8196.10
DEBUG:root:Running through columns: 50.3534.2695.88
DEBUG:root:Running through columns: 50.4534.4895.66
DEBUG:root:Running through columns: 50.5535.1595.44
DEBUG:root:Running through columns: 50.6535.8295.21
DEBUG:root:Running through columns: 50.7536.2695.44
DEBUG:root:Running through columns: 50.8536.7195.44
DEBUG:root:Running through columns: 50.9537.3795.44
DEBUG:root:Running through columns: 51.0538.2695.21
DEBUG:root:Running through columns: 51.1539.3894.55
DEBUG:root:Running through columns: 51.2540.4993.66
DEBUG:root:Running through columns: 51.3542.0592.10
DEBUG:root:Running through columns: 51.4543.1690.77
DEBUG:root:Running through columns: 51.5544.7288.76
DEBUG:root:Running through columns: 51.6545.6187.43
DEBUG:root:Running through columns: 51.7545.6184.98
DEBUG:root:Running through columns: 51.8545.6182.76
DEBUG:root:Running through columns: 51.9545.6180.53
DEBUG:root:Running through columns: 52.0545.3878.08
DEBUG:root:Running through columns: 52.1545.6175.86
DEBUG:root:Running through columns: 52.2545.8373.86
DEBUG:root:Running through columns: 52.3546.9471.86
DEBUG:root:Running through columns: 52.4547.8370.08
DEBUG:root:Running through columns: 52.5548.2767.85
DEBUG:root:Running through columns: 52.6548.2765.85
DEBUG:root:Running through columns: 52.7547.8364.07
DEBUG:root:Running through columns: 52.8547.3861.84
DEBUG:root:Running through columns: 52.9546.2760.07
DEBUG:root:Running through columns: 53.0545.3857.84
DEBUG:root:Running through columns: 53.1543.6056.06
DEBUG:root:Running through columns: 53.2542.2754.06
DEBUG:root:Running through columns: 53.3540.9352.28
DEBUG:root:Running through columns: 53.4539.6050.72
DEBUG:root:Running through columns: 53.5538.4949.39
DEBUG:root:Running through columns: 53.6537.3748.05
DEBUG:root:Running through columns: 53.7536.4846.49
DEBUG:root:Running through columns: 53.8535.5945.16
DEBUG:root:Running through columns: 53.9534.7043.60
DEBUG:root:Running through columns: 54.0533.5941.82
DEBUG:root:Running through columns: 54.1532.9240.49
DEBUG:root:Running through columns: 54.2531.8139.15
DEBUG:root:Running through columns: 54.3530.9237.82
DEBUG:root:Running through columns: 54.4530.4837.15
DEBUG:root:Running through columns: 54.5530.4836.48
DEBUG:root:Running through columns: 54.6530.4835.37
DEBUG:root:Running through columns: 54.7530.9234.26
DEBUG:root:Running through columns: 54.8531.8133.37
DEBUG:root:Running through columns: 54.9532.0332.92
DEBUG:root:Running through columns: 55.0532.2632.92
DEBUG:root:Running through columns: 55.1532.9233.37
DEBUG:root:Running through columns: 55.2532.9233.81
DEBUG:root:Running through columns: 55.3532.9234.93
DEBUG:root:Running through columns: 55.4532.7036.04
DEBUG:root:Running through columns: 55.5532.4837.82
DEBUG:root:Running through columns: 55.6532.0339.60
DEBUG:root:Running through columns: 55.7532.0341.38
DEBUG:root:Running through columns: 55.8532.2643.38
DEBUG:root:Running through columns: 55.9532.4845.38
DEBUG:root:Running through columns: 56.0533.5947.38
DEBUG:root:Running through columns: 56.1534.4849.39
DEBUG:root:Running through columns: 56.2535.8250.72
DEBUG:root:Running through columns: 56.3537.6052.06
DEBUG:root:Running through columns: 56.4538.9352.72
DEBUG:root:Running through columns: 56.5539.8252.50
DEBUG:root:Running through columns: 56.6541.3852.28
DEBUG:root:Running through columns: 56.7542.4950.94
DEBUG:root:Running through columns: 56.8544.0549.61
DEBUG:root:Running through columns: 56.9545.1647.61
DEBUG:root:Running through columns: 57.0546.2745.83
DEBUG:root:Running through columns: 57.1547.6143.60
DEBUG:root:Running through columns: 57.2548.7241.38
DEBUG:root:Running through columns: 57.3550.2839.15
DEBUG:root:Running through columns: 57.4551.6136.93
DEBUG:root:Running through columns: 57.5552.9534.93
DEBUG:root:Running through columns: 57.6554.7332.92
DEBUG:root:Running through columns: 57.7556.5131.37
DEBUG:root:Running through columns: 57.8558.7330.03
DEBUG:root:Running through columns: 57.9561.1828.92
DEBUG:root:Running through columns: 58.0563.4028.03
DEBUG:root:Running through columns: 58.1566.0727.36
DEBUG:root:Running through columns: 58.2568.5226.92
DEBUG:root:Running through columns: 58.3570.5226.25
DEBUG:root:Running through columns: 58.4572.5225.36
DEBUG:root:Running through columns: 58.5574.0824.47
DEBUG:root:Running through columns: 58.6575.1923.36
DEBUG:root:Running through columns: 58.7576.3021.80
DEBUG:root:Running through columns: 58.8576.5320.24
DEBUG:root:Running through columns: 58.9576.3018.91
DEBUG:root:Running through columns: 59.0575.4217.35
DEBUG:root:Running through columns: 59.1574.7515.79
DEBUG:root:Running through columns: 59.2573.1914.46
DEBUG:root:Running through columns: 59.3571.8612.90
DEBUG:root:Running through columns: 59.4570.0811.35
DEBUG:root:Running through columns: 59.5568.7410.01
DEBUG:root:Running through columns: 59.6567.418.68
DEBUG:root:Running through columns: 59.7566.527.56
DEBUG:root:Running through columns: 59.8565.857.34
DEBUG:root:Running through columns: 59.9565.637.34
DEBUG:root:Goal position set manually: 0,0
DEBUG:root:Maze centre set manually: 0,0
DEBUG:root:Maze diameter set manually: 300
DEBUG:root:Calculating search strategies
DEBUG:root:Open File...
DEBUG:root:Calculate Called
INFO:root:Reading watermaze
DEBUG:root:Running through columns: 0.0051.7386.21
DEBUG:root:Running through columns: 0.0852.1785.55
DEBUG:root:Running through columns: 0.1553.2784.22
DEBUG:root:Running through columns: 0.2554.3883.12
DEBUG:root:Running through columns: 0.3555.9382.45
DEBUG:root:Running through columns: 0.4557.4781.79
DEBUG:root:Running through columns: 0.5558.8081.35
DEBUG:root:Running through columns: 0.6559.9180.46
DEBUG:root:Running through columns: 0.7561.0179.58
DEBUG:root:Running through columns: 0.8561.0178.70
DEBUG:root:Running through columns: 0.9560.3578.25
DEBUG:root:Running through columns: 1.0559.6978.03
DEBUG:root:Running through columns: 1.1558.8078.25
DEBUG:root:Running through columns: 1.2557.4778.92
DEBUG:root:Running through columns: 1.3555.9379.80
DEBUG:root:Running through columns: 1.4553.9480.24
DEBUG:root:Running through columns: 1.5551.9580.69
DEBUG:root:Running through columns: 1.6549.5281.13
DEBUG:root:Running through columns: 1.7547.5382.23
DEBUG:root:Running through columns: 1.8545.5482.90
DEBUG:root:Running through columns: 1.9543.3383.78
DEBUG:root:Running through columns: 2.0541.5684.66
DEBUG:root:Running through columns: 2.1539.3584.44
DEBUG:root:Running through columns: 2.2537.1484.00
DEBUG:root:Running through columns: 2.3534.9383.56
DEBUG:root:Running through columns: 2.4532.5082.01
DEBUG:root:Running through columns: 2.5530.2880.69
DEBUG:root:Running through columns: 2.6528.9678.47
DEBUG:root:Running through columns: 2.7528.0776.71
DEBUG:root:Running through columns: 2.8527.6375.60
DEBUG:root:Running through columns: 2.9527.8574.27
DEBUG:root:Running through columns: 3.0527.6373.39
DEBUG:root:Running through columns: 3.1527.6373.17
DEBUG:root:Running through columns: 3.2527.4172.73
DEBUG:root:Running through columns: 3.3527.8572.51
DEBUG:root:Running through columns: 3.4527.8572.06
DEBUG:root:Running through columns: 
DEBUG:root:Goal position set manually: 0,0
DEBUG:root:Maze centre set manually: 0,0
DEBUG:root:Maze diameter set manually: 300
DEBUG:root:Calculating search strategies
DEBUG:root:Open File...
DEBUG:root:Calculate Called
INFO:root:Reading watermaze
DEBUG:root:Running through columns: 0.0011.2741.12
DEBUG:root:Running through columns: 0.0811.9440.45
DEBUG:root:Running through columns: 0.1412.3839.57
DEBUG:root:Running through columns: 0.2314.1539.35
DEBUG:root:Running through columns: 0.3315.9239.57
DEBUG:root:Running through columns: 0.4317.6840.45
DEBUG:root:Running through columns: 0.5319.4541.78
DEBUG:root:Running through columns: 0.6321.0043.55
DEBUG:root:Running through columns: 0.7322.3345.76
DEBUG:root:Running through columns: 0.8323.4347.53
DEBUG:root:Running through columns: 0.9323.6549.96
DEBUG:root:Running through columns: 1.0324.1051.95
DEBUG:root:Running through columns: 1.1324.1053.94
DEBUG:root:Running through columns: 1.2324.5456.15
DEBUG:root:Running through columns: 1.3325.4257.92
DEBUG:root:Running through columns: 1.4326.0859.46
DEBUG:root:Running through columns: 1.5326.7561.45
DEBUG:root:Running through columns: 1.6327.8563.22
DEBUG:root:Running through columns: 1.7329.1865.21
DEBUG:root:Running through columns: 1.8329.6267.20
DEBUG:root:Running through columns: 1.9329.1869.41
DEBUG:root:Running through columns: 2.0328.7470.74
DEBUG:root:Running through columns: 2.1328.7471.40
DEBUG:root:Running through columns: 2.2328.5271.84
DEBUG:root:Running through columns: 2.3328.5271.84
DEBUG:root:Running through columns: 
DEBUG:root:Goal position set manually: 0,0
DEBUG:root:Maze centre set manually: 0,0
DEBUG:root:Maze diameter set manually: 300
DEBUG:root:Calculating search strategies
DEBUG:root:Open File...
DEBUG:root:Calculate Called
INFO:root:Reading watermaze
DEBUG:root:Running through columns: 0.0096.8260.13
DEBUG:root:Running through columns: 0.0895.5060.35
DEBUG:root:Running through columns: 0.1494.8360.35
DEBUG:root:Running through columns: 0.2392.6260.57
DEBUG:root:Running through columns: 0.3390.8560.57
DEBUG:root:Running through columns: 0.4388.8661.23
DEBUG:root:Running through columns: 0.5386.4362.12
DEBUG:root:Running through columns: 0.6384.2263.00
DEBUG:root:Running through columns: 0.7381.5763.22
DEBUG:root:Running through columns: 0.8378.7062.78
DEBUG:root:Running through columns: 0.9376.2661.90
DEBUG:root:Running through columns: 1.0373.3961.45
DEBUG:root:Running through columns: 1.1371.1862.12
DEBUG:root:Running through columns: 1.2368.9763.00
DEBUG:root:Running through columns: 1.3365.8764.77
DEBUG:root:Running through columns: 1.4563.8966.10
DEBUG:root:Running through columns: 1.5461.9066.98
DEBUG:root:Running through columns: 1.6758.1468.53
DEBUG:root:Running through columns: 1.7456.3769.19
DEBUG:root:Running through columns: 1.8353.2770.07
DEBUG:root:Running through columns: 1.9350.4070.52
DEBUG:root:Running through columns: 2.0347.3170.96
DEBUG:root:Running through columns: 2.1344.2170.74
DEBUG:root:Running through columns: 2.3236.4769.19
DEBUG:root:Running through columns: 2.4834.7168.75
DEBUG:root:Running through columns: 2.5633.8268.53
DEBUG:root:Running through columns: 2.6332.5068.97
DEBUG:root:Running through columns: 
DEBUG:root:Goal position set manually: 0,0
DEBUG:root:Maze centre set manually: 0,0
DEBUG:root:Maze diameter set manually: 300
DEBUG:root:Calculating search strategies
DEBUG:root:Open File...
DEBUG:root:Calculate Called
INFO:root:Reading watermaze
DEBUG:root:Running through columns: 0.0038.5560.14
DEBUG:root:Running through columns: 0.0843.6854.52
DEBUG:root:Running through columns: 0.1648.8148.90
DEBUG:root:Running through columns: 0.2653.9343.27
DEBUG:root:Running through columns: 0.3659.0637.65
DEBUG:root:Running through columns: 0.4664.1932.03
DEBUG:root:Running through columns: 0.5669.3226.40
DEBUG:root:Running through columns: 0.6674.4420.78
DEBUG:root:Running through columns: 
DEBUG:root:Goal position set manually: 0,0
DEBUG:root:Maze centre set manually: 0,0
DEBUG:root:Maze diameter set manually: 300
DEBUG:root:Calculating search strategies
