DEBUG:root:Initiating Main program
DEBUG:root:GUI is built
DEBUG:root:Open File...
DEBUG:root:Calculate Called
INFO:root:Reading watermaze
DEBUG:root:Running through columns: 0.0057.4091.88
DEBUG:root:Running through columns: 0.0756.9592.10
DEBUG:root:Running through columns: 0.1656.7392.77
DEBUG:root:Running through columns: 0.2656.2893.66
DEBUG:root:Running through columns: 0.3655.3994.55
DEBUG:root:Running through columns: 0.4655.8495.66
DEBUG:root:Running through columns: 0.5656.7397.22
DEBUG:root:Running through columns: 0.6658.0698.55
DEBUG:root:Running through columns: 0.7659.4098.77
DEBUG:root:Running through columns: 0.8661.1898.11
DEBUG:root:Running through columns: 0.9662.5196.77
DEBUG:root:Running through columns: 1.0663.6295.44
DEBUG:root:Running through columns: 1.1663.6294.10
DEBUG:root:Running through columns: 1.2663.1892.32
DEBUG:root:Running through columns: 1.3662.5190.77
DEBUG:root:Running through columns: 1.4661.4089.65
DEBUG:root:Running through columns: 1.5660.0788.76
DEBUG:root:Running through columns: 1.6659.4087.87
DEBUG:root:Running through columns: 1.7657.4086.76
DEBUG:root:Running through columns: 1.8655.6286.54
DEBUG:root:Running through columns: 1.9653.6186.98
DEBUG:root:Running through columns: 2.0652.0687.65
DEBUG:root:Running through columns: 2.1650.5088.54
DEBUG:root:Running through columns: 2.2649.3989.21
DEBUG:root:Running through columns: 2.3647.8388.76
DEBUG:root:Running through columns: 2.4646.0587.87
DEBUG:root:Running through columns: 2.5644.9486.54
DEBUG:root:Running through columns: 2.6644.0584.76
DEBUG:root:Running through columns: 2.7643.1682.76
DEBUG:root:Running through columns: 2.8642.7180.53
DEBUG:root:Running through columns: 2.9642.4978.31
DEBUG:root:Running through columns: 3.0642.4976.30
DEBUG:root:Running through columns: 3.1642.4974.75
DEBUG:root:Running through columns: 3.2643.1673.64
DEBUG:root:Running through columns: 3.3644.2772.08
DEBUG:root:Running through columns: 3.4645.3870.97
DEBUG:root:Running through columns: 3.5646.9470.74
DEBUG:root:Running through columns: 3.6648.2771.19
DEBUG:root:Running through columns: 3.7649.1671.63
DEBUG:root:Running through columns: 3.8650.2872.75
DEBUG:root:Running through columns: 3.9651.3974.30
DEBUG:root:Running through columns: 4.0651.1775.86
DEBUG:root:Running through columns: 4.1650.2877.42
DEBUG:root:Running through columns: 4.2648.9478.97
DEBUG:root:Running through columns: 4.3647.6180.53
DEBUG:root:Running through columns: 4.4645.6182.31
DEBUG:root:Running through columns: 4.5644.0584.09
DEBUG:root:Running through columns: 4.6642.7186.76
DEBUG:root:Running through columns: 4.7641.1689.43
DEBUG:root:Running through columns: 4.8639.6091.88
DEBUG:root:Running through columns: 4.9638.4994.99
DEBUG:root:Running through columns: 5.0636.9397.44
DEBUG:root:Running through columns: 5.1636.0499.00
DEBUG:root:Running through columns: 5.2635.5999.66
DEBUG:root:Running through columns: 5.3635.3799.22
DEBUG:root:Running through columns: 5.4635.3798.77
DEBUG:root:Running through columns: 5.5635.5998.77
DEBUG:root:Running through columns: 5.6635.5998.77
DEBUG:root:Running through columns: 5.7635.5999.22
DEBUG:root:Running through columns: 5.8636.7198.77
DEBUG:root:Running through columns: 5.9637.8298.33
DEBUG:root:Running through columns: 6.0638.7198.11
DEBUG:root:Running through columns: 6.1639.8297.44
DEBUG:root:Running through columns: 6.2640.2796.99
DEBUG:root:Running through columns: 6.3642.0594.32
DEBUG:root:Running through columns: 6.4643.1692.32
DEBUG:root:Running through columns: 6.5643.8389.88
DEBUG:root:Running through columns: 6.6643.8387.65
DEBUG:root:Running through columns: 6.7643.1685.65
DEBUG:root:Running through columns: 6.8642.2783.87
DEBUG:root:Running through columns: 6.9641.1682.09
DEBUG:root:Running through columns: 7.0640.2780.98
DEBUG:root:Running through columns: 7.1639.6078.53
DEBUG:root:Running through columns: 7.2639.1575.86
DEBUG:root:Running through columns: 7.3639.1573.41
DEBUG:root:Running through columns: 7.4640.2770.74
DEBUG:root:Running through columns: 7.5641.8267.85
DEBUG:root:Running through columns: 7.6644.0565.63
DEBUG:root:Running through columns: 7.7646.4963.85
DEBUG:root:Running through columns: 7.8648.9462.29
DEBUG:root:Running through columns: 7.9652.0662.07
DEBUG:root:Running through columns: 8.0654.9562.51
DEBUG:root:Running through columns: 8.1657.6263.62
DEBUG:root:Running through columns: 8.2659.8464.96
DEBUG:root:Running through columns: 8.3662.7365.85
DEBUG:root:Running through columns: 8.4665.8566.96
DEBUG:root:Running through columns: 8.5668.5268.30
DEBUG:root:Running through columns: 8.6671.6369.19
DEBUG:root:Running through columns: 8.7674.7570.52
DEBUG:root:Running through columns: 8.8677.8671.63
DEBUG:root:Running through columns: 8.9680.7572.97
DEBUG:root:Running through columns: 9.0683.6574.30
DEBUG:root:Running through columns: 9.1686.5475.64
DEBUG:root:Running through columns: 9.2689.2177.19
DEBUG:root:Running through columns: 9.3691.8878.97
DEBUG:root:Running through columns: 9.4693.2180.75
DEBUG:root:Running through columns: 9.5693.6681.42
DEBUG:root:Running through columns: 9.6693.4380.98
DEBUG:root:Running through columns: 9.7693.4380.53
DEBUG:root:Running through columns: 9.8692.7780.09
DEBUG:root:Running through columns: 9.9692.7780.09
DEBUG:root:Running through columns: 10.0693.2180.09
DEBUG:root:Running through columns: 10.1693.6680.09
DEBUG:root:Running through columns: 10.2694.5580.09
DEBUG:root:Running through columns: 10.3694.7778.97
DEBUG:root:Running through columns: 10.4694.9978.53
DEBUG:root:Running through columns: 10.5694.9977.64
DEBUG:root:Running through columns: 10.6694.9976.53
DEBUG:root:Running through columns: 10.7694.5574.30
DEBUG:root:Running through columns: 10.8693.8872.08
DEBUG:root:Running through columns: 10.9692.9969.63
DEBUG:root:Running through columns: 11.0692.3267.18
DEBUG:root:Running through columns: 11.1691.4364.74
DEBUG:root:Running through columns: 11.2690.9962.29
DEBUG:root:Running through columns: 11.3691.2159.84
DEBUG:root:Running through columns: 11.4691.6557.62
DEBUG:root:Running through columns: 11.5692.7755.62
DEBUG:root:Running through columns: 11.6694.1054.28
DEBUG:root:Running through columns: 11.7695.4454.06
DEBUG:root:Running through columns: 11.8697.6654.28
DEBUG:root:Running through columns: 11.9699.0054.95
DEBUG:root:Running through columns: 12.06100.7856.28
DEBUG:root:Running through columns: 12.16102.3357.40
DEBUG:root:Running through columns: 12.26102.3357.84
DEBUG:root:Running through columns: 12.36102.3358.06
DEBUG:root:Running through columns: 12.46102.1158.51
DEBUG:root:Running through columns: 12.56101.6758.06
DEBUG:root:Running through columns: 12.66102.1158.51
DEBUG:root:Running through columns: 12.76102.1158.95
DEBUG:root:Running through columns: 12.86101.6759.40
DEBUG:root:Running through columns: 12.96101.6759.62
DEBUG:root:Running through columns: 13.06101.2260.29
DEBUG:root:Running through columns: 13.16100.3361.18
DEBUG:root:Running through columns: 13.2699.8962.07
DEBUG:root:Running through columns: 13.3698.7763.85
DEBUG:root:Running through columns: 13.4698.1166.07
DEBUG:root:Running through columns: 13.5697.2268.30
DEBUG:root:Running through columns: 13.6696.5570.97
DEBUG:root:Running through columns: 13.7696.3373.64
DEBUG:root:Running through columns: 13.8695.8876.30
DEBUG:root:Running through columns: 13.9695.6678.75
DEBUG:root:Running through columns: 14.0694.5580.98
DEBUG:root:Running through columns: 14.1692.7782.31
DEBUG:root:Running through columns: 14.2690.5483.87
DEBUG:root:Running through columns: 14.3687.6584.98
DEBUG:root:Running through columns: 14.4684.9886.76
DEBUG:root:Running through columns: 14.5682.3188.54
DEBUG:root:Running through columns: 14.6680.5390.32
DEBUG:root:Running through columns: 14.7678.3192.32
DEBUG:root:Running through columns: 14.8676.3094.32
DEBUG:root:Running through columns: 14.9674.3096.55
DEBUG:root:Running through columns: 15.0672.5298.33
DEBUG:root:Running through columns: 15.1670.3099.66
DEBUG:root:Running through columns: 15.2668.07100.55
DEBUG:root:Running through columns: 15.3665.63101.00
DEBUG:root:Running through columns: 15.4662.73101.44
DEBUG:root:Running through columns: 15.5660.07101.67
DEBUG:root:Running through columns: 15.6657.62101.44
DEBUG:root:Running through columns: 15.7654.50101.00
DEBUG:root:Running through columns: 15.8652.2899.66
DEBUG:root:Running through columns: 15.9650.5097.88
DEBUG:root:Running through columns: 16.0650.2893.88
DEBUG:root:Running through columns: 16.1650.9490.54
DEBUG:root:Running through columns: 16.2652.0687.87
DEBUG:root:Running through columns: 16.3653.3985.65
DEBUG:root:Running through columns: 16.4654.9583.42
DEBUG:root:Running through columns: 16.5657.4081.42
DEBUG:root:Running through columns: 16.6660.0780.53
DEBUG:root:Running through columns: 16.7662.5180.09
DEBUG:root:Running through columns: 16.8665.4080.53
DEBUG:root:Running through columns: 16.9667.8581.42
DEBUG:root:Running through columns: 17.0670.5282.53
DEBUG:root:Running through columns: 17.1672.7583.65
DEBUG:root:Running through columns: 17.2675.4285.20
DEBUG:root:Running through columns: 17.3677.6486.54
DEBUG:root:Running through columns: 17.4680.3187.87
DEBUG:root:Running through columns: 17.5682.5389.43
DEBUG:root:Running through columns: 17.6683.8790.54
DEBUG:root:Running through columns: 17.7684.5490.32
DEBUG:root:Running through columns: 17.8684.5490.32
DEBUG:root:Running through columns: 17.9684.3190.32
DEBUG:root:Running through columns: 18.0684.0990.32
DEBUG:root:Running through columns: 18.1684.5489.88
DEBUG:root:Running through columns: 18.2684.9889.43
DEBUG:root:Running through columns: 18.3685.2088.54
DEBUG:root:Running through columns: 18.4685.6587.87
DEBUG:root:Running through columns: 18.5686.5486.76
DEBUG:root:Running through columns: 18.6687.4385.65
DEBUG:root:Running through columns: 18.7688.7684.09
DEBUG:root:Running through columns: 18.8690.3282.53
DEBUG:root:Running through columns: 18.9692.3281.42
DEBUG:root:Running through columns: 19.0694.3280.09
DEBUG:root:Running through columns: 19.1695.8878.75
DEBUG:root:Running through columns: 19.2696.7777.19
DEBUG:root:Running through columns: 19.3697.2275.19
DEBUG:root:Running through columns: 19.4697.4473.41
DEBUG:root:Running through columns: 19.5698.1171.19
DEBUG:root:Running through columns: 19.6698.7769.41
DEBUG:root:Running through columns: 19.7699.4466.96
DEBUG:root:Running through columns: 19.86100.3364.51
DEBUG:root:Running through columns: 19.96101.6762.29
DEBUG:root:Running through columns: 20.06102.1160.29
DEBUG:root:Running through columns: 20.16102.7857.84
DEBUG:root:Running through columns: 20.26103.0055.39
DEBUG:root:Running through columns: 20.36103.0053.39
DEBUG:root:Running through columns: 20.46103.2251.17
DEBUG:root:Running through columns: 20.56103.4548.72
DEBUG:root:Running through columns: 20.66103.0046.94
DEBUG:root:Running through columns: 20.76103.0044.72
DEBUG:root:Running through columns: 20.86102.5642.49
DEBUG:root:Running through columns: 20.96102.5640.27
DEBUG:root:Running through columns: 21.06101.4438.49
DEBUG:root:Running through columns: 21.16100.5536.48
DEBUG:root:Running through columns: 21.2699.4434.70
DEBUG:root:Running through columns: 21.3698.5532.70
DEBUG:root:Running through columns: 21.4697.6630.48
DEBUG:root:Running through columns: 21.5695.8828.70
DEBUG:root:Running through columns: 21.6694.5526.70
DEBUG:root:Running through columns: 21.7693.2125.14
DEBUG:root:Running through columns: 21.8691.8823.36
DEBUG:root:Running through columns: 21.9690.3220.91
DEBUG:root:Running through columns: 22.0689.4319.35
DEBUG:root:Running through columns: 22.1687.8717.80
DEBUG:root:Running through columns: 22.2686.5416.68
DEBUG:root:Running through columns: 22.3685.2015.57
DEBUG:root:Running through columns: 22.4683.2014.68
DEBUG:root:Running through columns: 22.5681.4213.57
DEBUG:root:Running through columns: 22.6679.8612.24
DEBUG:root:Running through columns: 22.7678.3110.46
DEBUG:root:Running through columns: 22.8676.979.79
DEBUG:root:Running through columns: 22.9675.649.34
DEBUG:root:Running through columns: 23.0674.308.68
DEBUG:root:Running through columns: 23.1671.638.23
DEBUG:root:Running through columns: 23.2668.967.56
DEBUG:root:Running through columns: 23.3666.077.12
DEBUG:root:Running through columns: 23.4663.406.90
DEBUG:root:Running through columns: 23.5660.966.45
DEBUG:root:Running through columns: 23.6658.516.23
DEBUG:root:Running through columns: 23.7656.515.34
DEBUG:root:Running through columns: 23.8655.394.89
DEBUG:root:Running through columns: 23.9654.285.12
DEBUG:root:Running through columns: 24.0653.395.34
DEBUG:root:Running through columns: 24.1652.725.56
DEBUG:root:Running through columns: 24.2651.836.67
DEBUG:root:Running through columns: 24.3650.948.23
DEBUG:root:Running through columns: 24.4650.509.79
DEBUG:root:Running through columns: 24.5650.2811.79
DEBUG:root:Running through columns: 24.6651.1713.79
DEBUG:root:Running through columns: 24.7651.8315.57
DEBUG:root:Running through columns: 24.8653.3917.57
DEBUG:root:Running through columns: 24.9654.9519.13
DEBUG:root:Running through columns: 25.0656.5120.47
DEBUG:root:Running through columns: 25.1658.7321.80
DEBUG:root:Running through columns: 25.2661.1823.14
DEBUG:root:Running through columns: 25.3663.6224.25
DEBUG:root:Running through columns: 25.4666.0725.58
DEBUG:root:Running through columns: 25.5668.3026.92
DEBUG:root:Running through columns: 25.6670.7428.70
DEBUG:root:Running through columns: 25.7673.4130.48
DEBUG:root:Running through columns: 25.8675.8631.81
DEBUG:root:Running through columns: 25.9678.0833.59
DEBUG:root:Running through columns: 26.0680.3135.15
DEBUG:root:Running through columns: 26.1682.3136.93
DEBUG:root:Running through columns: 26.2684.5439.15
DEBUG:root:Running through columns: 26.3686.5440.93
DEBUG:root:Running through columns: 26.4688.5442.71
DEBUG:root:Running through columns: 26.5690.9944.72
DEBUG:root:Running through columns: 26.6692.9946.27
DEBUG:root:Running through columns: 26.7695.4447.38
DEBUG:root:Running through columns: 26.8697.8847.61
DEBUG:root:Running through columns: 26.96100.3347.38
DEBUG:root:Running through columns: 27.06102.5646.72
DEBUG:root:Running through columns: 27.16103.4545.83
DEBUG:root:Running through columns: 27.26103.2245.61
DEBUG:root:Running through columns: 27.36102.7845.61
DEBUG:root:Running through columns: 27.46102.7845.83
DEBUG:root:Running through columns: 27.56102.3345.61
DEBUG:root:Running through columns: 27.66101.8945.16
DEBUG:root:Running through columns: 27.76101.4444.49
DEBUG:root:Running through columns: 27.86101.0043.60
DEBUG:root:Running through columns: 27.96100.3342.27
DEBUG:root:Running through columns: 28.06100.3340.71
DEBUG:root:Running through columns: 28.16100.1139.15
DEBUG:root:Running through columns: 28.26100.5537.37
DEBUG:root:Running through columns: 28.36100.5535.82
DEBUG:root:Running through columns: 28.46100.1134.04
DEBUG:root:Running through columns: 28.5699.6632.48
DEBUG:root:Running through columns: 28.6698.7731.37
DEBUG:root:Running through columns: 28.7698.1130.92
DEBUG:root:Running through columns: 28.8697.6630.70
DEBUG:root:Running through columns: 28.9696.7730.03
DEBUG:root:Running through columns: 29.0696.3329.81
DEBUG:root:Running through columns: 29.1695.8829.14
DEBUG:root:Running through columns: 29.2695.4428.25
DEBUG:root:Running through columns: 29.3694.9927.36
DEBUG:root:Running through columns: 29.4694.5526.47
DEBUG:root:Running through columns: 29.5694.1024.92
DEBUG:root:Running through columns: 29.6693.2124.03
DEBUG:root:Running through columns: 29.7692.3223.14
DEBUG:root:Running through columns: 29.8691.4321.58
DEBUG:root:Running through columns: 29.9690.9921.80
DEBUG:root:Running through columns: 30.0690.3221.80
DEBUG:root:Running through columns: 30.1689.8821.36
DEBUG:root:Running through columns: 30.2689.8821.58
DEBUG:root:Running through columns: 30.3689.4321.80
DEBUG:root:Running through columns: 30.4689.6522.02
DEBUG:root:Running through columns: 30.5690.5422.47
DEBUG:root:Running through columns: 30.6691.6523.14
DEBUG:root:Running through columns: 30.7692.7723.80
DEBUG:root:Running through columns: 30.8694.3225.14
DEBUG:root:Running through columns: 30.9695.6626.47
DEBUG:root:Running through columns: 31.0696.7728.03
DEBUG:root:Running through columns: 31.1697.4429.59
DEBUG:root:Running through columns: 31.2698.5531.14
DEBUG:root:Running through columns: 31.3699.4432.70
DEBUG:root:Running through columns: 31.46100.1134.26
DEBUG:root:Running through columns: 31.56100.7836.48
DEBUG:root:Running through columns: 31.66101.6738.26
DEBUG:root:Running through columns: 31.76101.8941.16
DEBUG:root:Running through columns: 31.86102.1144.27
DEBUG:root:Running through columns: 31.96101.8946.94
DEBUG:root:Running through columns: 32.06101.6749.39
DEBUG:root:Running through columns: 32.16101.8952.06
DEBUG:root:Running through columns: 32.26102.3354.50
DEBUG:root:Running through columns: 32.36102.5656.95
DEBUG:root:Running through columns: 32.46102.5659.84
DEBUG:root:Running through columns: 32.56102.1162.07
DEBUG:root:Running through columns: 32.66101.6764.29
DEBUG:root:Running through columns: 32.76101.0066.52
DEBUG:root:Running through columns: 32.8699.8968.74
DEBUG:root:Running through columns: 32.9699.0070.74
DEBUG:root:Running through columns: 33.0697.6673.19
DEBUG:root:Running through columns: 33.1696.5575.42
DEBUG:root:Running through columns: 33.2695.2177.86
DEBUG:root:Running through columns: 33.3693.6680.31
DEBUG:root:Running through columns: 33.4691.8882.76
DEBUG:root:Running through columns: 33.5690.1084.76
DEBUG:root:Running through columns: 33.6688.1086.54
DEBUG:root:Running through columns: 33.7685.8788.54
DEBUG:root:Running through columns: 33.8683.6589.88
DEBUG:root:Running through columns: 33.9681.4291.65
DEBUG:root:Running through columns: 34.0679.4293.21
DEBUG:root:Running through columns: 34.1677.1994.77
DEBUG:root:Running through columns: 34.2674.9796.55
DEBUG:root:Running through columns: 34.3672.5297.88
DEBUG:root:Running through columns: 34.4669.8599.44
DEBUG:root:Running through columns: 34.5667.63100.33
DEBUG:root:Running through columns: 34.6664.96101.00
DEBUG:root:Running through columns: 34.7662.07101.44
DEBUG:root:Running through columns: 34.8659.40101.89
DEBUG:root:Running through columns: 34.9656.73101.89
DEBUG:root:Running through columns: 35.0653.84101.67
DEBUG:root:Running through columns: 35.1651.39101.22
DEBUG:root:Running through columns: 35.2648.94100.78
DEBUG:root:Running through columns: 35.3646.49100.33
DEBUG:root:Running through columns: 35.4644.05100.11
DEBUG:root:Running through columns: 35.5641.3899.89
DEBUG:root:Running through columns: 35.6638.7199.66
DEBUG:root:Running through columns: 35.7636.0499.44
DEBUG:root:Running through columns: 35.8633.1598.77
DEBUG:root:Running through columns: 35.9630.4897.66
DEBUG:root:Running through columns: 36.0628.4895.88
DEBUG:root:Running through columns: 36.1626.4794.32
DEBUG:root:Running through columns: 36.2624.6992.54
DEBUG:root:Running through columns: 36.3622.4790.77
DEBUG:root:Running through columns: 36.4620.6988.76
DEBUG:root:Running through columns: 36.5618.6986.98
DEBUG:root:Running through columns: 36.6616.6885.43
DEBUG:root:Running through columns: 36.7615.1383.42
DEBUG:root:Running through columns: 36.8613.3581.64
DEBUG:root:Running through columns: 36.9611.7979.86
DEBUG:root:Running through columns: 37.0610.4677.86
DEBUG:root:Running through columns: 37.169.5775.64
DEBUG:root:Running through columns: 37.268.2373.64
DEBUG:root:Running through columns: 37.367.5671.86
DEBUG:root:Running through columns: 37.466.9069.85
DEBUG:root:Running through columns: 37.566.2367.41
DEBUG:root:Running through columns: 37.665.5665.63
DEBUG:root:Running through columns: 37.765.7862.73
DEBUG:root:Running through columns: 37.865.5659.40
DEBUG:root:Running through columns: 37.965.5656.51
DEBUG:root:Running through columns: 38.066.0153.61
DEBUG:root:Running through columns: 38.166.9050.94
DEBUG:root:Running through columns: 38.268.0148.50
DEBUG:root:Running through columns: 38.369.3446.05
DEBUG:root:Running through columns: 38.4610.9044.27
DEBUG:root:Running through columns: 38.5612.6842.49
DEBUG:root:Running through columns: 38.6614.4640.71
DEBUG:root:Running through columns: 38.7615.7938.71
DEBUG:root:Running through columns: 38.8617.5736.93
DEBUG:root:Running through columns: 38.9618.9134.93
DEBUG:root:Running through columns: 39.0619.8032.92
DEBUG:root:Running through columns: 39.1620.2430.92
DEBUG:root:Running through columns: 39.2620.6928.70
DEBUG:root:Running through columns: 39.3620.4726.70
DEBUG:root:Running through columns: 39.4619.8024.92
DEBUG:root:Running through columns: 39.5619.1322.91
DEBUG:root:Running through columns: 39.6618.0221.58
DEBUG:root:Running through columns: 39.7617.5721.13
DEBUG:root:Running through columns: 39.8617.8021.36
DEBUG:root:Running through columns: 39.9617.8021.36
DEBUG:root:Running through columns: 40.0618.6920.69
DEBUG:root:Running through columns: 40.1619.3520.47
DEBUG:root:Running through columns: 40.2619.8019.80
DEBUG:root:Running through columns: 40.3620.4719.58
DEBUG:root:Running through columns: 40.4622.2518.24
DEBUG:root:Running through columns: 40.5624.9216.68
DEBUG:root:Running through columns: 40.6627.3615.35
DEBUG:root:Running through columns: 40.7629.8114.24
DEBUG:root:Running through columns: 40.8632.2613.13
DEBUG:root:Running through columns: 40.9634.9312.01
DEBUG:root:Running through columns: 41.0637.1510.90
DEBUG:root:Running through columns: 41.1639.3810.01
DEBUG:root:Running through columns: 41.2641.609.12
DEBUG:root:Running through columns: 41.3644.278.45
DEBUG:root:Running through columns: 41.4646.947.79
DEBUG:root:Running through columns: 41.5649.167.34
DEBUG:root:Running through columns: 41.6651.837.12
DEBUG:root:Running through columns: 41.7654.507.34
DEBUG:root:Running through columns: 41.8657.177.79
DEBUG:root:Running through columns: 41.9659.408.23
DEBUG:root:Running through columns: 42.0662.078.68
DEBUG:root:Running through columns: 42.1664.299.34
DEBUG:root:Running through columns: 42.2666.7410.23
DEBUG:root:Running through columns: 42.3668.9611.35
DEBUG:root:Running through columns: 42.4670.9712.90
DEBUG:root:Running through columns: 42.5672.7514.68
DEBUG:root:Running through columns: 42.6674.0816.46
DEBUG:root:Running through columns: 42.7675.4218.69
DEBUG:root:Running through columns: 42.8676.7520.91
DEBUG:root:Running through columns: 42.9677.4223.14
DEBUG:root:Running through columns: 43.0678.0825.58
DEBUG:root:Running through columns: 43.1678.3127.81
DEBUG:root:Running through columns: 43.2678.3130.48
DEBUG:root:Running through columns: 43.3677.8632.92
DEBUG:root:Running through columns: 43.4677.1935.15
DEBUG:root:Running through columns: 43.5676.5337.37
DEBUG:root:Running through columns: 43.6675.1939.60
DEBUG:root:Running through columns: 43.7673.8641.82
DEBUG:root:Running through columns: 43.8672.3043.60
DEBUG:root:Running through columns: 43.9670.9745.83
DEBUG:root:Running through columns: 44.0669.6347.83
DEBUG:root:Running through columns: 44.1668.3050.28
DEBUG:root:Running through columns: 44.2667.4152.50
DEBUG:root:Running through columns: 44.3666.2954.73
DEBUG:root:Running through columns: 44.4665.1856.95
DEBUG:root:Running through columns: 44.5663.4059.18
DEBUG:root:Running through columns: 44.6661.8461.40
DEBUG:root:Running through columns: 44.7659.8463.18
DEBUG:root:Running through columns: 44.8657.4064.74
DEBUG:root:Running through columns: 44.9655.3966.29
DEBUG:root:Running through columns: 45.0652.9567.41
DEBUG:root:Running through columns: 45.1650.2868.30
DEBUG:root:Running through columns: 45.2647.8368.96
DEBUG:root:Running through columns: 45.3645.1669.85
DEBUG:root:Running through columns: 45.4642.9470.74
DEBUG:root:Running through columns: 45.5640.9372.30
DEBUG:root:Running through columns: 45.6639.1573.86
DEBUG:root:Running through columns: 45.7637.6075.64
DEBUG:root:Running through columns: 45.8636.2677.64
DEBUG:root:Running through columns: 45.9634.9379.64
DEBUG:root:Running through columns: 46.0633.3781.87
DEBUG:root:Running through columns: 46.1631.5983.65
DEBUG:root:Running through columns: 46.2630.0385.43
DEBUG:root:Running through columns: 46.3628.0387.87
DEBUG:root:Running through columns: 46.4626.0389.88
DEBUG:root:Running through columns: 46.5624.4791.88
DEBUG:root:Running through columns: 46.6623.1493.43
DEBUG:root:Running through columns: 46.7623.3693.88
DEBUG:root:Running through columns: 46.8623.8093.66
DEBUG:root:Running through columns: 46.9623.3693.66
DEBUG:root:Running through columns: 47.0623.3693.21
DEBUG:root:Running through columns: 47.1622.4792.32
DEBUG:root:Running through columns: 47.2621.8091.65
DEBUG:root:Running through columns: 47.3622.0291.21
DEBUG:root:Running through columns: 47.4621.1390.77
DEBUG:root:Running through columns: 47.5620.0289.65
DEBUG:root:Running through columns: 47.6618.6988.32
DEBUG:root:Running through columns: 47.7616.9186.76
DEBUG:root:Running through columns: 47.8615.7984.98
DEBUG:root:Running through columns: 47.9614.4683.65
DEBUG:root:Running through columns: 48.0613.1382.09
DEBUG:root:Running through columns: 48.1612.2480.53
DEBUG:root:Running through columns: 48.2611.1279.20
DEBUG:root:Running through columns: 48.3610.0177.86
DEBUG:root:Running through columns: 48.469.3476.30
DEBUG:root:Running through columns: 48.568.6874.97
DEBUG:root:Running through columns: 48.668.0174.08
DEBUG:root:Running through columns: 48.767.5673.19
DEBUG:root:Running through columns: 48.867.3472.30
DEBUG:root:Running through columns: 48.967.3471.86
DEBUG:root:Running through columns: 49.067.5671.86
DEBUG:root:Running through columns: 49.167.7972.30
DEBUG:root:Running through columns: 49.268.0172.75
DEBUG:root:Running through columns: 49.368.0172.75
DEBUG:root:Running through columns: 49.468.2373.19
DEBUG:root:Running through columns: 49.568.4573.64
DEBUG:root:Running through columns: 49.668.6873.86
DEBUG:root:Running through columns: 49.769.1274.97
DEBUG:root:Running through columns: 49.869.5776.30
DEBUG:root:Running through columns: 49.9610.0177.42
DEBUG:root:Running through columns: 50.0610.9078.97
DEBUG:root:Running through columns: 50.1611.7980.09
DEBUG:root:Running through columns: 50.2612.6881.42
DEBUG:root:Running through columns: 50.3613.5782.76
DEBUG:root:Running through columns: 50.4614.6884.31
DEBUG:root:Running through columns: 50.5616.0285.65
DEBUG:root:Running through columns: 50.6617.3587.21
DEBUG:root:Running through columns: 50.7618.6988.54
DEBUG:root:Running through columns: 50.8620.2490.10
DEBUG:root:Running through columns: 50.9621.5891.65
DEBUG:root:Running through columns: 51.0622.9193.21
DEBUG:root:Running through columns: 51.1624.6994.32
DEBUG:root:Running through columns: 51.2625.8195.21
DEBUG:root:Running through columns: 51.3627.8195.88
DEBUG:root:Running through columns: 51.4629.3796.33
DEBUG:root:Running through columns: 51.5630.9296.99
DEBUG:root:Running through columns: 51.6633.1597.88
DEBUG:root:Running through columns: 51.7635.1598.77
DEBUG:root:Running through columns: 51.8636.9399.66
DEBUG:root:Running through columns: 51.9638.49100.55
DEBUG:root:Running through columns: 52.0640.04100.78
DEBUG:root:Running through columns: 52.1641.38101.00
DEBUG:root:Running through columns: 52.2642.71101.22
DEBUG:root:Running through columns: 52.3643.83101.44
DEBUG:root:Running through columns: 52.4644.49101.44
DEBUG:root:Running through columns: 52.5644.94101.00
DEBUG:root:Running through columns: 52.6644.72100.55
DEBUG:root:Running through columns: 52.7644.72100.55
DEBUG:root:Running through columns: 52.8644.05100.33
DEBUG:root:Running through columns: 52.9643.83100.33
DEBUG:root:Running through columns: 53.0643.16100.55
DEBUG:root:Running through columns: 53.1642.49100.55
DEBUG:root:Running through columns: 53.2641.38100.78
DEBUG:root:Running through columns: 53.3639.38100.55
DEBUG:root:Running through columns: 53.4638.26100.11
DEBUG:root:Running through columns: 53.5636.4899.89
DEBUG:root:Running through columns: 53.6634.9399.44
DEBUG:root:Running through columns: 53.7632.9298.55
DEBUG:root:Running through columns: 53.8630.4896.77
DEBUG:root:Running through columns: 53.9627.5994.55
DEBUG:root:Running through columns: 54.0625.3692.77
DEBUG:root:Running through columns: 54.1623.1491.43
DEBUG:root:Running through columns: 54.2621.3689.88
DEBUG:root:Running through columns: 54.3619.8088.32
DEBUG:root:Running through columns: 54.4618.4686.32
DEBUG:root:Running through columns: 54.5618.0284.98
DEBUG:root:Running through columns: 54.6618.2483.20
DEBUG:root:Running through columns: 54.7618.9181.64
DEBUG:root:Running through columns: 54.8619.8080.31
DEBUG:root:Running through columns: 54.9621.1379.42
DEBUG:root:Running through columns: 55.0622.4778.97
DEBUG:root:Running through columns: 55.1624.2579.20
DEBUG:root:Running through columns: 55.2626.0379.86
DEBUG:root:Running through columns: 55.3627.8181.20
DEBUG:root:Running through columns: 55.4629.1482.53
DEBUG:root:Running through columns: 55.5630.9284.09
DEBUG:root:Running through columns: 55.6632.2685.87
DEBUG:root:Running through columns: 55.7633.1587.43
DEBUG:root:Running through columns: 55.8634.0489.65
DEBUG:root:Running through columns: 55.9634.9392.32
DEBUG:root:Running through columns: 56.0635.3794.77
DEBUG:root:Running through columns: 56.1635.3796.99
DEBUG:root:Running through columns: 56.2635.1599.00
DEBUG:root:Running through columns: 56.3635.3799.44
DEBUG:root:Running through columns: 56.4635.3799.22
DEBUG:root:Running through columns: 56.5635.3799.00
DEBUG:root:Running through columns: 56.6634.7098.55
DEBUG:root:Running through columns: 56.7634.0498.11
DEBUG:root:Running through columns: 56.8633.5998.11
DEBUG:root:Running through columns: 56.9632.7098.11
DEBUG:root:Running through columns: 57.0631.8197.88
DEBUG:root:Running through columns: 57.1630.9297.44
DEBUG:root:Running through columns: 57.2629.8196.99
DEBUG:root:Running through columns: 57.3628.4896.33
DEBUG:root:Running through columns: 57.4626.9295.44
DEBUG:root:Running through columns: 57.5625.5894.77
DEBUG:root:Running through columns: 57.6624.4794.10
DEBUG:root:Running through columns: 57.7624.2593.43
DEBUG:root:Running through columns: 57.8624.4793.21
DEBUG:root:Running through columns: 57.9624.4792.99
DEBUG:root:Running through columns: 58.0624.6992.99
DEBUG:root:Running through columns: 58.1624.9292.99
DEBUG:root:Running through columns: 58.2624.6992.54
DEBUG:root:Running through columns: 58.3624.2592.10
DEBUG:root:Running through columns: 58.4624.0391.21
DEBUG:root:Running through columns: 58.5623.8090.32
DEBUG:root:Running through columns: 58.6623.5888.76
DEBUG:root:Running through columns: 58.7622.9187.43
DEBUG:root:Running through columns: 58.8622.2585.65
DEBUG:root:Running through columns: 58.9621.3683.87
DEBUG:root:Running through columns: 59.0619.8082.53
DEBUG:root:Running through columns: 59.1618.4680.98
DEBUG:root:Running through columns: 59.2616.9179.86
DEBUG:root:Running through columns: 59.3615.5779.20
DEBUG:root:Running through columns: 59.4613.7979.64
DEBUG:root:Running through columns: 59.5612.6879.86
DEBUG:root:Running through columns: 59.6612.9080.09
DEBUG:root:Running through columns: 59.7613.1380.31
DEBUG:root:Running through columns: 59.8613.1380.31
DEBUG:root:Running through columns: 59.9613.7980.75
DEBUG:root:Goal position set manually: 0,0
DEBUG:root:Maze centre set manually: 0,0
DEBUG:root:Maze diameter set manually: 300
DEBUG:root:Calculating search strategies
DEBUG:root:trying to quit
