DEBUG:root:Initiating Main program
DEBUG:root:GUI is built
DEBUG:root:Open File...
DEBUG:root:Calculate Called
INFO:root:Reading watermaze
DEBUG:root:Running through columns: 0.03234.9557.93
DEBUG:root:Running through columns: 0.07234.5158.38
DEBUG:root:Running through columns: 0.10234.0658.38
DEBUG:root:Running through columns: 0.13234.0658.83
DEBUG:root:Running through columns: 0.17233.6259.28
DEBUG:root:Running through columns: 0.20233.6259.28
DEBUG:root:Running through columns: 0.23233.6259.73
DEBUG:root:Running through columns: 0.27233.1860.18
DEBUG:root:Running through columns: 0.30233.1860.63
DEBUG:root:Running through columns: 0.33232.7361.08
DEBUG:root:Running through columns: 0.37232.7361.52
DEBUG:root:Running through columns: 0.40232.7361.52
DEBUG:root:Running through columns: 0.43232.7361.52
DEBUG:root:Running through columns: 0.47233.1862.87
DEBUG:root:Running through columns: 0.50233.6262.87
DEBUG:root:Running through columns: 0.53234.0663.32
DEBUG:root:Running through columns: 0.57234.5163.32
DEBUG:root:Running through columns: 0.60234.5163.32
DEBUG:root:Running through columns: 0.63234.5163.32
DEBUG:root:Running through columns: 0.67235.3963.32
DEBUG:root:Running through columns: 0.70235.3963.32
DEBUG:root:Running through columns: 0.73235.3963.32
DEBUG:root:Running through columns: 0.77235.3963.32
DEBUG:root:Running through columns: 0.80235.3963.77
DEBUG:root:Running through columns: 0.83235.8463.77
DEBUG:root:Running through columns: 0.87235.8463.77
DEBUG:root:Running through columns: 0.90236.2863.77
DEBUG:root:Running through columns: 0.93236.2863.77
DEBUG:root:Running through columns: 0.97236.7263.77
DEBUG:root:Running through columns: 1.00236.7263.77
DEBUG:root:Running through columns: 1.03237.1663.77
DEBUG:root:Running through columns: 1.07237.1663.32
DEBUG:root:Running through columns: 1.10237.1663.32
DEBUG:root:Running through columns: 1.13237.6162.87
DEBUG:root:Running through columns: 1.17237.6162.87
DEBUG:root:Running through columns: 1.20237.6162.87
DEBUG:root:Running through columns: 1.23237.6162.87
DEBUG:root:Running through columns: 1.27238.0561.97
DEBUG:root:Running through columns: 1.30238.4961.52
DEBUG:root:Running through columns: 1.33238.4961.52
DEBUG:root:Running through columns: 1.37238.4961.08
DEBUG:root:Running through columns: 1.40238.4961.08
DEBUG:root:Running through columns: 1.43238.9460.63
DEBUG:root:Running through columns: 1.47238.9459.28
DEBUG:root:Running through columns: 1.50238.9459.28
DEBUG:root:Running through columns: 1.53239.3858.38
DEBUG:root:Running through columns: 1.57239.3857.93
DEBUG:root:Running through columns: 1.60239.3857.93
DEBUG:root:Running through columns: 1.63239.3857.48
DEBUG:root:Running through columns: 1.67239.8256.58
DEBUG:root:Running through columns: 1.70240.2756.14
DEBUG:root:Running through columns: 1.74240.2755.69
DEBUG:root:Running through columns: 1.77240.2754.79
DEBUG:root:Running through columns: 1.80240.2754.79
DEBUG:root:Running through columns: 1.84240.7154.34
DEBUG:root:Running through columns: 1.87240.7153.44
DEBUG:root:Running through columns: 1.90241.1552.99
DEBUG:root:Running through columns: 1.94241.1552.09
DEBUG:root:Running through columns: 1.97241.1552.09
DEBUG:root:Running through columns: 2.00241.1552.09
DEBUG:root:Running through columns: 2.04241.1551.64
DEBUG:root:Running through columns: 2.07241.1551.20
DEBUG:root:Running through columns: 2.10241.1551.20
DEBUG:root:Running through columns: 2.14241.1551.20
DEBUG:root:Running through columns: 2.17240.7151.20
DEBUG:root:Running through columns: 2.20240.7151.20
DEBUG:root:Running through columns: 2.24240.7151.20
DEBUG:root:Running through columns: 2.27240.7151.20
DEBUG:root:Running through columns: 2.30240.7151.20
DEBUG:root:Running through columns: 2.34240.7151.20
DEBUG:root:Running through columns: 2.37240.7151.20
DEBUG:root:Running through columns: 2.40240.7151.20
DEBUG:root:Running through columns: 2.44240.2751.20
DEBUG:root:Running through columns: 2.47239.8250.75
DEBUG:root:Running through columns: 2.50239.8250.75
DEBUG:root:Running through columns: 2.54239.3850.75
DEBUG:root:Running through columns: 2.57239.3850.75
DEBUG:root:Running through columns: 2.60239.3850.75
DEBUG:root:Running through columns: 2.64238.9450.75
DEBUG:root:Running through columns: 2.67238.4950.75
DEBUG:root:Running through columns: 2.70238.0550.75
DEBUG:root:Running through columns: 2.74237.6150.75
DEBUG:root:Running through columns: 2.77237.1650.75
DEBUG:root:Running through columns: 2.80237.1650.75
DEBUG:root:Running through columns: 2.84237.1650.75
DEBUG:root:Running through columns: 2.87236.2851.20
DEBUG:root:Running through columns: 2.90235.8451.64
DEBUG:root:Running through columns: 2.94235.3952.09
DEBUG:root:Running through columns: 2.97235.3952.54
DEBUG:root:Running through columns: 3.00235.3952.54
DEBUG:root:Running through columns: 3.04234.9552.99
DEBUG:root:Running through columns: 3.07234.5153.89
DEBUG:root:Running through columns: 3.10234.0654.34
DEBUG:root:Running through columns: 3.14233.6254.79
DEBUG:root:Running through columns: 3.17233.1855.24
DEBUG:root:Running through columns: 3.20233.1855.24
DEBUG:root:Running through columns: 3.24233.1855.69
DEBUG:root:Running through columns: 3.27232.2957.03
DEBUG:root:Running through columns: 3.30231.8557.48
DEBUG:root:Running through columns: 3.34231.4058.38
DEBUG:root:Running through columns: 3.37230.9658.83
DEBUG:root:Running through columns: 3.40230.9658.83
DEBUG:root:Running through columns: 3.44230.5259.73
DEBUG:root:Running through columns: 3.47229.6361.08
DEBUG:root:Running through columns: 3.50229.1961.52
DEBUG:root:Running through columns: 3.54228.7461.97
DEBUG:root:Running through columns: 3.57228.3062.87
DEBUG:root:Running through columns: 3.60228.3062.87
DEBUG:root:Running through columns: 3.64227.8663.77
DEBUG:root:Running through columns: 3.67227.4164.67
DEBUG:root:Running through columns: 3.70226.9765.57
DEBUG:root:Running through columns: 3.74226.5366.02
DEBUG:root:Running through columns: 3.77226.0866.46
DEBUG:root:Running through columns: 3.80226.0866.46
DEBUG:root:Running through columns: 3.84225.6466.91
DEBUG:root:Running through columns: 3.87225.2068.71
DEBUG:root:Running through columns: 3.90225.2069.16
DEBUG:root:Running through columns: 3.94224.7570.06
DEBUG:root:Running through columns: 3.97224.3170.51
DEBUG:root:Running through columns: 4.00224.3170.51
DEBUG:root:Running through columns: 4.04224.3171.40
DEBUG:root:Running through columns: 4.07223.8772.75
DEBUG:root:Running through columns: 4.10223.4273.65
DEBUG:root:Running through columns: 4.14223.4274.10
DEBUG:root:Running through columns: 4.17223.4275.00
DEBUG:root:Running through columns: 4.20223.4275.00
DEBUG:root:Running through columns: 4.24222.9875.45
DEBUG:root:Running through columns: 4.27222.5476.79
DEBUG:root:Running through columns: 4.30222.5477.69
DEBUG:root:Running through columns: 4.34222.0978.14
DEBUG:root:Running through columns: 4.37222.0978.59
DEBUG:root:Running through columns: 4.40222.0978.59
DEBUG:root:Running through columns: 4.44222.0979.04
DEBUG:root:Running through columns: 4.47221.6580.39
DEBUG:root:Running through columns: 4.50221.6580.39
DEBUG:root:Running through columns: 4.54221.2181.28
DEBUG:root:Running through columns: 4.57221.2181.73
DEBUG:root:Running through columns: 4.60221.2181.73
DEBUG:root:Running through columns: 4.64221.2182.18
DEBUG:root:Running through columns: 4.67220.7682.63
DEBUG:root:Running through columns: 4.70220.7683.08
DEBUG:root:Running through columns: 4.74220.7683.53
DEBUG:root:Running through columns: 4.77220.3283.98
DEBUG:root:Running through columns: 4.80220.3283.98
DEBUG:root:Running through columns: 4.84220.3284.88
DEBUG:root:Running through columns: 4.87219.8885.78
DEBUG:root:Running through columns: 4.90219.4386.22
DEBUG:root:Running through columns: 4.94219.4386.67
DEBUG:root:Running through columns: 4.97218.9987.12
DEBUG:root:Running through columns: 5.00218.9987.12
DEBUG:root:Running through columns: 5.04218.9987.57
DEBUG:root:Running through columns: 5.07218.5588.47
DEBUG:root:Running through columns: 5.11218.1089.37
DEBUG:root:Running through columns: 5.14217.6689.82
DEBUG:root:Running through columns: 5.17217.6690.27
DEBUG:root:Running through columns: 5.21217.6690.27
DEBUG:root:Running through columns: 5.24217.6691.16
DEBUG:root:Running through columns: 5.27217.2292.06
DEBUG:root:Running through columns: 5.31217.2292.51
DEBUG:root:Running through columns: 5.34217.2292.51
DEBUG:root:Running through columns: 5.37217.2292.96
DEBUG:root:Running through columns: 5.41217.2292.96
DEBUG:root:Running through columns: 5.44217.2292.96
DEBUG:root:Running through columns: 5.47216.7793.86
DEBUG:root:Running through columns: 5.51216.7793.86
DEBUG:root:Running through columns: 5.54216.7794.31
DEBUG:root:Running through columns: 5.57216.7794.76
DEBUG:root:Running through columns: 5.61217.2295.21
DEBUG:root:Running through columns: 5.64217.2295.21
DEBUG:root:Running through columns: 5.67216.7795.66
DEBUG:root:Running through columns: 5.71217.2295.66
DEBUG:root:Running through columns: 5.74217.2295.66
DEBUG:root:Running through columns: 5.77217.2296.10
DEBUG:root:Running through columns: 5.81217.2296.10
DEBUG:root:Running through columns: 5.84217.2296.10
DEBUG:root:Running through columns: 5.87217.6696.55
DEBUG:root:Running through columns: 5.91218.1097.00
DEBUG:root:Running through columns: 5.94218.1097.00
DEBUG:root:Running through columns: 5.97218.5597.00
DEBUG:root:Running through columns: 6.01218.9997.00
DEBUG:root:Running through columns: 6.04218.9997.00
DEBUG:root:Running through columns: 6.07219.4397.45
DEBUG:root:Running through columns: 6.11219.4397.00
DEBUG:root:Running through columns: 6.14220.3297.00
DEBUG:root:Running through columns: 6.17220.3297.00
DEBUG:root:Running through columns: 6.21220.7697.00
DEBUG:root:Running through columns: 6.24220.7697.00
DEBUG:root:Running through columns: 6.27220.7696.55
DEBUG:root:Running through columns: 6.31221.2196.55
DEBUG:root:Running through columns: 6.34221.6596.10
DEBUG:root:Running through columns: 6.37221.6595.66
DEBUG:root:Running through columns: 6.41222.0994.76
DEBUG:root:Running through columns: 6.44222.0994.76
DEBUG:root:Running through columns: 6.47222.5494.31
DEBUG:root:Running through columns: 6.51222.5494.31
DEBUG:root:Running through columns: 6.54222.5493.86
DEBUG:root:Running through columns: 6.57222.5493.41
DEBUG:root:Running through columns: 6.61222.5492.96
DEBUG:root:Running through columns: 6.64222.5492.96
DEBUG:root:Running through columns: 6.67222.9892.06
DEBUG:root:Running through columns: 6.71222.9891.61
DEBUG:root:Running through columns: 6.74222.9891.16
DEBUG:root:Running through columns: 6.77222.9890.72
DEBUG:root:Running through columns: 6.81222.9889.82
DEBUG:root:Running through columns: 6.84222.9889.82
DEBUG:root:Running through columns: 6.87222.5488.92
DEBUG:root:Running through columns: 6.91222.5488.47
DEBUG:root:Running through columns: 6.94222.0987.57
DEBUG:root:Running through columns: 6.97222.0987.12
DEBUG:root:Running through columns: 7.01221.6586.67
DEBUG:root:Running through columns: 7.04221.6586.67
DEBUG:root:Running through columns: 7.07221.6585.78
DEBUG:root:Running through columns: 7.11221.2184.88
DEBUG:root:Running through columns: 7.14220.7684.43
DEBUG:root:Running through columns: 7.17220.7683.53
DEBUG:root:Running through columns: 7.21220.3283.08
DEBUG:root:Running through columns: 7.24220.3283.08
DEBUG:root:Running through columns: 7.27219.8881.73
DEBUG:root:Running through columns: 7.31219.8881.28
DEBUG:root:Running through columns: 7.34219.4380.84
DEBUG:root:Running through columns: 7.37219.4379.94
DEBUG:root:Running through columns: 7.41218.9979.49
DEBUG:root:Running through columns: 7.44218.9979.49
DEBUG:root:Running through columns: 7.47218.5577.69
DEBUG:root:Running through columns: 7.51218.5577.24
DEBUG:root:Running through columns: 7.54218.1076.79
DEBUG:root:Running through columns: 7.57218.1075.90
DEBUG:root:Running through columns: 7.61217.6675.00
DEBUG:root:Running through columns: 7.64217.6675.00
DEBUG:root:Running through columns: 7.67217.6673.65
DEBUG:root:Running through columns: 7.71217.2272.75
DEBUG:root:Running through columns: 7.74216.7771.85
DEBUG:root:Running through columns: 7.77216.7771.40
DEBUG:root:Running through columns: 7.81216.7770.51
DEBUG:root:Running through columns: 7.84216.7770.51
DEBUG:root:Running through columns: 7.87216.3369.16
DEBUG:root:Running through columns: 7.91216.3368.71
DEBUG:root:Running through columns: 7.94215.8967.81
DEBUG:root:Running through columns: 7.97215.8967.36
DEBUG:root:Running through columns: 8.01215.8966.91
DEBUG:root:Running through columns: 8.04215.8966.91
DEBUG:root:Running through columns: 8.07215.4465.57
DEBUG:root:Running through columns: 8.11215.4464.67
DEBUG:root:Running through columns: 8.14215.0064.22
DEBUG:root:Running through columns: 8.17215.0063.77
DEBUG:root:Running through columns: 8.21215.0063.32
DEBUG:root:Running through columns: 8.24215.0063.32
DEBUG:root:Running through columns: 8.27214.5662.42
DEBUG:root:Running through columns: 8.31214.1161.97
DEBUG:root:Running through columns: 8.34213.6761.52
DEBUG:root:Running through columns: 8.38213.6761.08
DEBUG:root:Running through columns: 8.41213.2360.63
DEBUG:root:Running through columns: 8.44213.2360.63
DEBUG:root:Running through columns: 8.48212.3460.18
DEBUG:root:Running through columns: 8.51212.3460.18
DEBUG:root:Running through columns: 8.54211.9059.73
DEBUG:root:Running through columns: 8.58211.4559.73
DEBUG:root:Running through columns: 8.61211.0159.73
DEBUG:root:Running through columns: 8.64211.0159.73
DEBUG:root:Running through columns: 8.68209.6859.28
DEBUG:root:Running through columns: 8.71209.2459.28
DEBUG:root:Running through columns: 8.74208.7959.28
DEBUG:root:Running through columns: 8.78208.3559.28
DEBUG:root:Running through columns: 8.81207.4659.73
DEBUG:root:Running through columns: 8.84207.4659.73
DEBUG:root:Running through columns: 8.88206.5860.18
DEBUG:root:Running through columns: 8.91205.6960.63
DEBUG:root:Running through columns: 8.94205.6961.08
DEBUG:root:Running through columns: 8.98205.2561.08
DEBUG:root:Running through columns: 9.01204.8061.52
DEBUG:root:Running through columns: 9.04204.8061.52
DEBUG:root:Running through columns: 9.08203.9262.42
DEBUG:root:Running through columns: 9.11203.9262.87
DEBUG:root:Running through columns: 9.14203.4763.77
DEBUG:root:Running through columns: 9.18203.0364.22
DEBUG:root:Running through columns: 9.21202.5964.67
DEBUG:root:Running through columns: 9.24202.5964.67
DEBUG:root:Running through columns: 9.28201.7066.02
DEBUG:root:Running through columns: 9.31201.2666.46
DEBUG:root:Running through columns: 9.34201.2667.36
DEBUG:root:Running through columns: 9.38200.8167.81
DEBUG:root:Running through columns: 9.41200.3768.71
DEBUG:root:Running through columns: 9.44200.3768.71
DEBUG:root:Running through columns: 9.48199.9370.51
DEBUG:root:Running through columns: 9.51199.4870.96
DEBUG:root:Running through columns: 9.54199.0471.40
DEBUG:root:Running through columns: 9.58198.6072.75
DEBUG:root:Running through columns: 9.61198.6073.65
DEBUG:root:Running through columns: 9.64198.6073.65
DEBUG:root:Running through columns: 9.68197.7175.00
DEBUG:root:Running through columns: 9.71197.7175.90
DEBUG:root:Running through columns: 9.74197.2776.79
DEBUG:root:Running through columns: 9.78196.8277.24
DEBUG:root:Running through columns: 9.81196.8278.14
DEBUG:root:Running through columns: 9.84196.8278.14
DEBUG:root:Running through columns: 9.88195.4980.39
DEBUG:root:Running through columns: 9.91195.4981.28
DEBUG:root:Running through columns: 9.94195.0582.18
DEBUG:root:Running through columns: 9.98194.6183.08
DEBUG:root:Running through columns: 10.01194.6183.98
DEBUG:root:Running through columns: 10.04194.6183.98
DEBUG:root:Running through columns: 10.08193.7285.78
DEBUG:root:Running through columns: 10.11193.2887.12
DEBUG:root:Running through columns: 10.14192.8488.02
DEBUG:root:Running through columns: 10.18192.8488.92
DEBUG:root:Running through columns: 10.21192.3989.82
DEBUG:root:Running through columns: 10.24192.3989.82
DEBUG:root:Running through columns: 10.28191.9591.61
DEBUG:root:Running through columns: 10.31191.5192.51
DEBUG:root:Running through columns: 10.34191.0692.96
DEBUG:root:Running through columns: 10.38191.0693.86
DEBUG:root:Running through columns: 10.41190.6294.31
DEBUG:root:Running through columns: 10.44190.6294.31
DEBUG:root:Running through columns: 10.48190.1895.66
DEBUG:root:Running through columns: 10.51189.7396.10
DEBUG:root:Running through columns: 10.54189.7396.55
DEBUG:root:Running through columns: 10.58189.2997.45
DEBUG:root:Running through columns: 10.61188.8597.90
DEBUG:root:Running through columns: 10.64188.8597.90
DEBUG:root:Running through columns: 10.68188.4098.80
DEBUG:root:Running through columns: 10.71187.96100.15
DEBUG:root:Running through columns: 10.74187.52101.94
DEBUG:root:Running through columns: 10.78187.07102.84
DEBUG:root:Running through columns: 10.81188.85108.23
DEBUG:root:Running through columns: 10.84186.63110.03
DEBUG:root:Running through columns: 10.88186.63110.03
DEBUG:root:Running through columns: 10.91186.19110.03
DEBUG:root:Running through columns: 10.94185.74110.03
DEBUG:root:Running through columns: 10.98185.74112.27
DEBUG:root:Running through columns: 11.01185.30112.72
DEBUG:root:Running through columns: 11.04184.86114.52
DEBUG:root:Running through columns: 11.08184.86114.52
DEBUG:root:Running through columns: 11.11185.30114.97
DEBUG:root:Running through columns: 11.14185.30115.42
DEBUG:root:Running through columns: 11.18185.30116.31
DEBUG:root:Running through columns: 11.21184.86116.76
DEBUG:root:Running through columns: 11.24184.86118.56
DEBUG:root:Running through columns: 11.28184.86118.56
DEBUG:root:Running through columns: 11.31185.30119.46
DEBUG:root:Running through columns: 11.34185.30119.91
DEBUG:root:Running through columns: 11.38185.30120.80
DEBUG:root:Running through columns: 11.41185.30121.25
DEBUG:root:Running through columns: 11.44185.30122.60
DEBUG:root:Running through columns: 11.48185.30122.60
DEBUG:root:Running through columns: 11.51185.30122.60
DEBUG:root:Running through columns: 11.54184.86123.05
DEBUG:root:Running through columns: 11.58184.86123.05
DEBUG:root:Running through columns: 11.61184.86123.50
DEBUG:root:Running through columns: 11.64184.86123.95
DEBUG:root:Running through columns: 11.68184.86123.95
DEBUG:root:Running through columns: 11.71184.86124.40
DEBUG:root:Running through columns: 11.75185.30124.85
DEBUG:root:Running through columns: 11.78184.86125.30
DEBUG:root:Running through columns: 11.81184.86125.74
DEBUG:root:Running through columns: 11.85185.74126.19
DEBUG:root:Running through columns: 11.88185.74126.19
DEBUG:root:Running through columns: 11.91185.74126.19
DEBUG:root:Running through columns: 11.95186.19126.64
DEBUG:root:Running through columns: 11.98186.19126.64
DEBUG:root:Running through columns: 12.01186.63127.09
DEBUG:root:Running through columns: 12.05187.52127.09
DEBUG:root:Running through columns: 12.08187.52127.09
DEBUG:root:Running through columns: 12.11187.96127.09
DEBUG:root:Running through columns: 12.15187.96127.09
DEBUG:root:Running through columns: 12.18188.40127.09
DEBUG:root:Running through columns: 12.21188.85127.09
DEBUG:root:Running through columns: 12.25189.29127.09
DEBUG:root:Running through columns: 12.28189.29127.09
DEBUG:root:Running through columns: 12.31189.73126.64
DEBUG:root:Running through columns: 12.35190.18126.19
DEBUG:root:Running through columns: 12.38190.18126.19
DEBUG:root:Running through columns: 12.41190.62125.74
DEBUG:root:Running through columns: 12.45191.06124.85
DEBUG:root:Running through columns: 12.48191.06124.85
DEBUG:root:Running through columns: 12.51191.06124.85
DEBUG:root:Running through columns: 12.55191.06124.40
DEBUG:root:Running through columns: 12.58191.51124.40
DEBUG:root:Running through columns: 12.61191.51123.95
DEBUG:root:Running through columns: 12.65191.95123.50
DEBUG:root:Running through columns: 12.68191.95123.50
DEBUG:root:Running through columns: 12.71191.51123.05
DEBUG:root:Running through columns: 12.75191.95122.60
DEBUG:root:Running through columns: 12.78191.95122.60
DEBUG:root:Running through columns: 12.81192.39122.15
DEBUG:root:Running through columns: 12.85192.39121.25
DEBUG:root:Running through columns: 12.88192.39121.25
DEBUG:root:Running through columns: 12.91192.39120.80
DEBUG:root:Running through columns: 12.95192.39120.80
DEBUG:root:Running through columns: 12.98192.39120.36
DEBUG:root:Running through columns: 13.01192.39119.91
DEBUG:root:Running through columns: 13.05191.95119.01
DEBUG:root:Running through columns: 13.08191.95119.01
DEBUG:root:Running through columns: 13.11192.39119.01
DEBUG:root:Running through columns: 13.15191.95119.01
DEBUG:root:Running through columns: 13.18191.51119.01
DEBUG:root:Running through columns: 13.21191.95118.56
DEBUG:root:Running through columns: 13.25192.39117.66
DEBUG:root:Running through columns: 13.28192.39117.66
DEBUG:root:Running through columns: 13.31191.95117.21
DEBUG:root:Running through columns: 13.35191.06116.31
DEBUG:root:Running through columns: 13.38190.62115.86
DEBUG:root:Running through columns: 13.41190.18115.42
DEBUG:root:Running through columns: 13.45189.29114.52
DEBUG:root:Running through columns: 13.48188.85114.07
DEBUG:root:Running through columns: 13.51188.40113.62
DEBUG:root:Running through columns: 13.55187.52112.72
DEBUG:root:Running through columns: 13.58187.07112.27
DEBUG:root:Running through columns: 13.61186.19111.37
DEBUG:root:Running through columns: 13.65185.74110.92
DEBUG:root:Running through columns: 13.68185.30110.48
DEBUG:root:Running through columns: 13.71184.41109.58
DEBUG:root:Running through columns: 13.75183.97109.13
DEBUG:root:Running through columns: 13.78183.53108.68
DEBUG:root:Running through columns: 13.81182.64107.78
DEBUG:root:Running through columns: 13.85182.20107.33
DEBUG:root:Running through columns: 13.88182.20107.33
DEBUG:root:Running through columns: 13.91182.20107.33
DEBUG:root:Running through columns: 13.95182.20107.78
DEBUG:root:Running through columns: 13.98181.75107.78
DEBUG:root:Running through columns: 14.01181.75108.23
DEBUG:root:Running through columns: 14.05181.75108.23
DEBUG:root:Running through columns: 14.08181.75108.23
DEBUG:root:Running through columns: 14.11181.31108.23
DEBUG:root:Running through columns: 14.15179.98108.23
DEBUG:root:Running through columns: 14.18181.31107.78
DEBUG:root:Running through columns: 14.21181.31107.78
DEBUG:root:Running through columns: 14.25181.75107.33
DEBUG:root:Running through columns: 14.28181.75107.33
DEBUG:root:Running through columns: 14.31181.75107.33
DEBUG:root:Running through columns: 14.35181.75107.78
DEBUG:root:Running through columns: 14.38181.31108.23
DEBUG:root:Running through columns: 14.41180.87108.68
DEBUG:root:Running through columns: 14.45180.87108.68
DEBUG:root:Running through columns: 14.48180.87108.68
DEBUG:root:Running through columns: 14.51179.98109.58
DEBUG:root:Running through columns: 14.55179.98110.03
DEBUG:root:Running through columns: 14.58179.54110.48
DEBUG:root:Running through columns: 14.61179.09110.92
DEBUG:root:Running through columns: 14.65178.65112.72
DEBUG:root:Running through columns: 14.68178.65112.72
DEBUG:root:Running through columns: 14.71178.21113.62
DEBUG:root:Running through columns: 14.75177.76114.07
DEBUG:root:Running through columns: 14.78177.76114.52
DEBUG:root:Running through columns: 14.81177.32115.42
DEBUG:root:Running through columns: 14.85176.88117.21
DEBUG:root:Running through columns: 14.88176.88117.21
DEBUG:root:Running through columns: 14.91176.88118.11
DEBUG:root:Running through columns: 14.95176.43119.01
DEBUG:root:Running through columns: 14.98176.43120.36
DEBUG:root:Running through columns: 15.01176.43120.80
DEBUG:root:Running through columns: 15.05175.99122.60
DEBUG:root:Running through columns: 15.08175.99122.60
DEBUG:root:Running through columns: 15.12175.55123.50
DEBUG:root:Running through columns: 15.15175.55123.95
DEBUG:root:Running through columns: 15.18175.55124.40
DEBUG:root:Running through columns: 15.22175.55125.30
DEBUG:root:Running through columns: 15.25175.55127.09
DEBUG:root:Running through columns: 15.28175.55127.09
DEBUG:root:Running through columns: 15.32175.10127.99
DEBUG:root:Running through columns: 15.35175.10128.89
DEBUG:root:Running through columns: 15.38175.10129.79
DEBUG:root:Running through columns: 15.42175.10130.68
DEBUG:root:Goal position set manually: 0,0
DEBUG:root:Maze centre set manually: 0,0
DEBUG:root:Maze diameter set manually: 300
DEBUG:root:Calculating search strategies
