DEBUG:root:Initiating Main program
DEBUG:root:GUI is built
DEBUG:root:Open File...
DEBUG:root:Calculate Called
INFO:root:Reading watermaze
DEBUG:root:Running through columns: 0.03237.6151.20
DEBUG:root:Running through columns: 0.07237.6151.20
DEBUG:root:Running through columns: 0.10237.6151.20
DEBUG:root:Running through columns: 0.13237.6151.20
DEBUG:root:Running through columns: 0.17237.6151.20
DEBUG:root:Running through columns: 0.20237.6151.20
DEBUG:root:Running through columns: 0.23237.6151.20
DEBUG:root:Running through columns: 0.27237.1651.20
DEBUG:root:Running through columns: 0.30237.6151.20
DEBUG:root:Running through columns: 0.33237.6151.20
DEBUG:root:Running through columns: 0.37237.6151.64
DEBUG:root:Running through columns: 0.40237.6151.64
DEBUG:root:Running through columns: 0.43237.6151.64
DEBUG:root:Running through columns: 0.47237.1651.64
DEBUG:root:Running through columns: 0.50236.7252.09
DEBUG:root:Running through columns: 0.53237.1652.09
DEBUG:root:Running through columns: 0.57237.6152.54
DEBUG:root:Running through columns: 0.60237.6152.54
DEBUG:root:Running through columns: 0.63238.0552.54
DEBUG:root:Running through columns: 0.67238.4952.99
DEBUG:root:Running through columns: 0.70238.4952.99
DEBUG:root:Running through columns: 0.73239.3853.44
DEBUG:root:Running through columns: 0.77239.3853.89
DEBUG:root:Running through columns: 0.80239.3853.89
DEBUG:root:Running through columns: 0.83239.8253.89
DEBUG:root:Running through columns: 0.87240.2754.34
DEBUG:root:Running through columns: 0.90240.2754.79
DEBUG:root:Running through columns: 0.93240.7155.24
DEBUG:root:Running through columns: 0.97240.7155.24
DEBUG:root:Running through columns: 1.00240.7155.24
DEBUG:root:Running through columns: 1.03240.7155.24
DEBUG:root:Running through columns: 1.07240.7155.24
DEBUG:root:Running through columns: 1.10240.7155.69
DEBUG:root:Running through columns: 1.13240.7156.58
DEBUG:root:Running through columns: 1.17240.7157.03
DEBUG:root:Running through columns: 1.20240.7157.03
DEBUG:root:Running through columns: 1.23240.7157.48
DEBUG:root:Running through columns: 1.27240.2757.93
DEBUG:root:Running through columns: 1.30239.8258.83
DEBUG:root:Running through columns: 1.33239.3859.73
DEBUG:root:Running through columns: 1.37238.9460.18
DEBUG:root:Running through columns: 1.40238.9460.18
DEBUG:root:Running through columns: 1.43238.4960.63
DEBUG:root:Running through columns: 1.47238.4960.63
DEBUG:root:Running through columns: 1.50237.6161.08
DEBUG:root:Running through columns: 1.53236.7261.97
DEBUG:root:Running through columns: 1.57236.2862.42
DEBUG:root:Running through columns: 1.60236.2862.42
DEBUG:root:Running through columns: 1.63235.8462.87
DEBUG:root:Running through columns: 1.67235.3963.32
DEBUG:root:Running through columns: 1.70234.9563.32
DEBUG:root:Running through columns: 1.74234.0664.22
DEBUG:root:Running through columns: 1.77233.6264.67
DEBUG:root:Running through columns: 1.80233.6264.67
DEBUG:root:Running through columns: 1.84233.1865.57
DEBUG:root:Running through columns: 1.87232.2966.02
DEBUG:root:Running through columns: 1.90232.2966.46
DEBUG:root:Running through columns: 1.94231.4066.91
DEBUG:root:Running through columns: 1.97230.9667.81
DEBUG:root:Running through columns: 2.00230.9667.81
DEBUG:root:Running through columns: 2.04230.5268.26
DEBUG:root:Running through columns: 2.07230.5268.71
DEBUG:root:Running through columns: 2.10230.0769.16
DEBUG:root:Running through columns: 2.14229.6370.06
DEBUG:root:Running through columns: 2.17229.1970.96
DEBUG:root:Running through columns: 2.20229.1970.96
DEBUG:root:Running through columns: 2.24228.7471.40
DEBUG:root:Running through columns: 2.27228.3071.85
DEBUG:root:Running through columns: 2.30228.3072.30
DEBUG:root:Running through columns: 2.34227.4174.10
DEBUG:root:Running through columns: 2.37226.9774.55
DEBUG:root:Running through columns: 2.40226.9774.55
DEBUG:root:Running through columns: 2.44226.5375.45
DEBUG:root:Running through columns: 2.47226.0876.34
DEBUG:root:Running through columns: 2.50225.6476.34
DEBUG:root:Running through columns: 2.54224.7577.24
DEBUG:root:Running through columns: 2.57224.3178.14
DEBUG:root:Running through columns: 2.60224.3178.14
DEBUG:root:Running through columns: 2.64223.8778.59
DEBUG:root:Running through columns: 2.67223.4279.04
DEBUG:root:Running through columns: 2.70222.9879.49
DEBUG:root:Running through columns: 2.74221.2180.84
DEBUG:root:Running through columns: 2.77220.3281.73
DEBUG:root:Running through columns: 2.80220.3281.73
DEBUG:root:Running through columns: 2.84219.8882.63
DEBUG:root:Running through columns: 2.87218.9983.08
DEBUG:root:Running through columns: 2.90218.1083.98
DEBUG:root:Running through columns: 2.94216.3385.33
DEBUG:root:Running through columns: 2.97215.4486.22
DEBUG:root:Running through columns: 3.00215.4486.22
DEBUG:root:Running through columns: 3.04214.5686.67
DEBUG:root:Running through columns: 3.07213.6787.57
DEBUG:root:Running through columns: 3.10213.2388.02
DEBUG:root:Running through columns: 3.14211.9088.92
DEBUG:root:Running through columns: 3.17211.0190.27
DEBUG:root:Running through columns: 3.20211.0190.27
DEBUG:root:Running through columns: 3.24209.6891.16
DEBUG:root:Running through columns: 3.27208.7992.51
DEBUG:root:Running through columns: 3.30207.4693.41
DEBUG:root:Running through columns: 3.34205.6996.10
DEBUG:root:Running through columns: 3.37206.1395.66
DEBUG:root:Running through columns: 3.40206.1395.66
DEBUG:root:Running through columns: 3.44205.2597.00
DEBUG:root:Running through columns: 3.47204.3698.35
DEBUG:root:Running through columns: 3.50203.4799.25
DEBUG:root:Running through columns: 3.54202.14102.39
DEBUG:root:Running through columns: 3.57202.14102.84
DEBUG:root:Running through columns: 3.60202.14102.84
DEBUG:root:Running through columns: 3.64201.70103.29
DEBUG:root:Running through columns: 3.67201.70103.74
DEBUG:root:Running through columns: 3.70201.26104.19
DEBUG:root:Running through columns: 3.74200.81105.98
DEBUG:root:Running through columns: 3.77200.37106.43
DEBUG:root:Running through columns: 3.80200.37106.43
DEBUG:root:Running through columns: 3.84199.93107.78
DEBUG:root:Running through columns: 3.87197.71109.58
DEBUG:root:Running through columns: 3.90198.60110.03
DEBUG:root:Running through columns: 3.94197.71112.27
DEBUG:root:Running through columns: 3.97196.82113.62
DEBUG:root:Running through columns: 4.00196.82113.62
DEBUG:root:Running through columns: 4.04196.38114.97
DEBUG:root:Running through columns: 4.07195.94115.86
DEBUG:root:Running through columns: 4.10194.61117.21
DEBUG:root:Running through columns: 4.14193.72119.91
DEBUG:root:Running through columns: 4.17192.39119.01
DEBUG:root:Running through columns: 4.20192.39119.01
DEBUG:root:Running through columns: 4.24192.39120.36
DEBUG:root:Running through columns: 4.27191.95123.50
DEBUG:root:Running through columns: 4.30191.51123.95
DEBUG:root:Running through columns: 4.34191.51125.74
DEBUG:root:Running through columns: 4.37190.62126.19
DEBUG:root:Running through columns: 4.40190.62126.19
DEBUG:root:Running through columns: 4.44190.18127.54
DEBUG:root:Running through columns: 4.47190.18128.44
DEBUG:root:Running through columns: 4.50189.73129.34
DEBUG:root:Running through columns: 4.54189.29131.13
DEBUG:root:Running through columns: 4.57188.85132.03
DEBUG:root:Running through columns: 4.60188.85132.03
DEBUG:root:Running through columns: 4.64188.85132.93
DEBUG:root:Running through columns: 4.67188.40133.38
DEBUG:root:Running through columns: 4.70188.40134.28
DEBUG:root:Running through columns: 4.74187.96135.62
DEBUG:root:Running through columns: 4.77187.52136.52
DEBUG:root:Running through columns: 4.80187.52136.52
DEBUG:root:Running through columns: 4.84187.07137.42
DEBUG:root:Running through columns: 4.87186.63137.87
DEBUG:root:Running through columns: 4.90185.74138.77
DEBUG:root:Running through columns: 4.94185.74139.67
DEBUG:root:Running through columns: 4.97184.86140.11
DEBUG:root:Running through columns: 5.00184.86140.11
DEBUG:root:Running through columns: 5.04183.97141.01
DEBUG:root:Running through columns: 5.07183.53141.46
DEBUG:root:Running through columns: 5.11182.64141.91
DEBUG:root:Running through columns: 5.14181.31142.81
DEBUG:root:Goal position set manually: 0,0
DEBUG:root:Maze centre set manually: 0,0
DEBUG:root:Maze diameter set manually: 300
DEBUG:root:Calculating search strategies
