DEBUG:root:Initiating Main program
DEBUG:root:GUI is built
DEBUG:root:Open File...
DEBUG:root:Calculate Called
INFO:root:Reading watermaze
DEBUG:root:Running through columns: 0.03233.1854.34
DEBUG:root:Running through columns: 0.07232.7354.79
DEBUG:root:Running through columns: 0.10231.4055.24
DEBUG:root:Running through columns: 0.13230.9655.24
DEBUG:root:Running through columns: 0.17230.0755.69
DEBUG:root:Running through columns: 0.20230.0755.69
DEBUG:root:Running through columns: 0.23229.1956.14
DEBUG:root:Running through columns: 0.27228.7456.58
DEBUG:root:Running through columns: 0.30227.4157.48
DEBUG:root:Running through columns: 0.33226.9757.93
DEBUG:root:Running through columns: 0.37226.0857.93
DEBUG:root:Running through columns: 0.40226.0857.93
DEBUG:root:Running through columns: 0.43225.6458.38
DEBUG:root:Running through columns: 0.47225.2058.83
DEBUG:root:Running through columns: 0.50223.8760.18
DEBUG:root:Running through columns: 0.53223.4260.63
DEBUG:root:Running through columns: 0.57222.9861.08
DEBUG:root:Running through columns: 0.60222.9861.08
DEBUG:root:Running through columns: 0.63222.5461.52
DEBUG:root:Running through columns: 0.67221.6561.97
DEBUG:root:Running through columns: 0.70220.3263.77
DEBUG:root:Running through columns: 0.73219.8864.67
DEBUG:root:Running through columns: 0.77219.4365.57
DEBUG:root:Running through columns: 0.80219.4365.57
DEBUG:root:Running through columns: 0.83218.9966.02
DEBUG:root:Running through columns: 0.87218.5566.91
DEBUG:root:Running through columns: 0.90217.2268.71
DEBUG:root:Running through columns: 0.93216.7769.16
DEBUG:root:Running through columns: 0.97216.7770.06
DEBUG:root:Running through columns: 1.00216.7770.06
DEBUG:root:Running through columns: 1.03216.3370.96
DEBUG:root:Running through columns: 1.07215.8971.85
DEBUG:root:Running through columns: 1.10215.0073.65
DEBUG:root:Running through columns: 1.13214.5674.10
DEBUG:root:Running through columns: 1.17214.1175.45
DEBUG:root:Running through columns: 1.20214.1175.45
DEBUG:root:Running through columns: 1.23213.6776.34
DEBUG:root:Running through columns: 1.27213.2376.79
DEBUG:root:Running through columns: 1.30212.7878.59
DEBUG:root:Running through columns: 1.33212.3479.49
DEBUG:root:Running through columns: 1.37211.9079.94
DEBUG:root:Running through columns: 1.40211.9079.94
DEBUG:root:Running through columns: 1.43211.9079.94
DEBUG:root:Running through columns: 1.47211.4580.39
DEBUG:root:Running through columns: 1.50210.5782.18
DEBUG:root:Running through columns: 1.53209.6883.53
DEBUG:root:Running through columns: 1.57209.2484.43
DEBUG:root:Running through columns: 1.60209.2484.43
DEBUG:root:Running through columns: 1.63208.7985.33
DEBUG:root:Running through columns: 1.67207.9186.22
DEBUG:root:Running through columns: 1.70207.0288.02
DEBUG:root:Running through columns: 1.74206.1389.37
DEBUG:root:Running through columns: 1.77205.6990.72
DEBUG:root:Running through columns: 1.80205.6990.72
DEBUG:root:Running through columns: 1.84205.2592.06
DEBUG:root:Running through columns: 1.87204.3693.41
DEBUG:root:Running through columns: 1.90203.4795.21
DEBUG:root:Running through columns: 1.94203.0396.55
DEBUG:root:Running through columns: 1.97202.1497.90
DEBUG:root:Running through columns: 2.00202.1497.90
DEBUG:root:Running through columns: 2.04201.7098.80
DEBUG:root:Running through columns: 2.07201.7099.25
DEBUG:root:Running through columns: 2.10201.26100.15
DEBUG:root:Running through columns: 2.14200.37101.49
DEBUG:root:Running through columns: 2.17199.48102.39
DEBUG:root:Running through columns: 2.20199.48102.39
DEBUG:root:Running through columns: 2.24199.04103.29
DEBUG:root:Running through columns: 2.27199.04103.74
DEBUG:root:Running through columns: 2.30199.93104.19
DEBUG:root:Running through columns: 2.34199.48104.64
DEBUG:root:Running through columns: 2.37199.48105.09
DEBUG:root:Running through columns: 2.40199.48105.09
DEBUG:root:Running through columns: 2.44199.04106.43
DEBUG:root:Running through columns: 2.47198.15107.33
DEBUG:root:Running through columns: 2.50197.71108.68
DEBUG:root:Running through columns: 2.54197.71109.13
DEBUG:root:Running through columns: 2.57195.94110.03
DEBUG:root:Running through columns: 2.60195.94110.03
DEBUG:root:Running through columns: 2.64195.05110.48
DEBUG:root:Running through columns: 2.67193.72112.72
DEBUG:root:Running through columns: 2.70191.95114.52
DEBUG:root:Running through columns: 2.74192.84115.42
DEBUG:root:Running through columns: 2.77192.39116.31
DEBUG:root:Running through columns: 2.80192.39116.31
DEBUG:root:Running through columns: 2.84190.62117.21
DEBUG:root:Running through columns: 2.87189.73119.46
DEBUG:root:Running through columns: 2.90188.85121.70
DEBUG:root:Running through columns: 2.94188.85122.15
DEBUG:root:Running through columns: 2.97188.40123.05
DEBUG:root:Running through columns: 3.00188.40123.05
DEBUG:root:Running through columns: 3.04188.40123.05
DEBUG:root:Running through columns: 3.07188.40125.30
DEBUG:root:Running through columns: 3.10187.96124.40
DEBUG:root:Running through columns: 3.14187.52124.85
DEBUG:root:Running through columns: 3.17187.52125.30
DEBUG:root:Running through columns: 3.20187.52125.30
DEBUG:root:Running through columns: 3.24187.07126.19
DEBUG:root:Running through columns: 3.27186.63127.54
DEBUG:root:Running through columns: 3.30186.19129.34
DEBUG:root:Running through columns: 3.34185.74130.23
DEBUG:root:Running through columns: 3.37185.74131.58
DEBUG:root:Running through columns: 3.40185.74131.58
DEBUG:root:Running through columns: 3.44185.74132.48
DEBUG:root:Running through columns: 3.47185.30133.83
DEBUG:root:Goal position set manually: 0,0
DEBUG:root:Maze centre set manually: 0,0
DEBUG:root:Maze diameter set manually: 300
DEBUG:root:Calculating search strategies
