DEBUG:root:Initiating Main program
DEBUG:root:GUI is built
DEBUG:root:Open File...
DEBUG:root:Calculate Called
INFO:root:Reading watermaze
DEBUG:root:Running through columns: 0.03243.6350.11
DEBUG:root:Running through columns: 0.07243.1749.66
DEBUG:root:Running through columns: 0.10242.7248.76
DEBUG:root:Running through columns: 0.13241.8047.85
DEBUG:root:Running through columns: 0.17241.3547.40
DEBUG:root:Running through columns: 0.20241.3547.40
DEBUG:root:Running through columns: 0.23240.8946.95
DEBUG:root:Running through columns: 0.27239.9846.50
DEBUG:root:Running through columns: 0.30239.5246.05
DEBUG:root:Running through columns: 0.33238.1544.69
DEBUG:root:Running through columns: 0.37237.7044.24
DEBUG:root:Running through columns: 0.40237.7044.24
DEBUG:root:Running through columns: 0.43236.7943.79
DEBUG:root:Running through columns: 0.47235.8743.34
DEBUG:root:Running through columns: 0.50235.4242.89
DEBUG:root:Running through columns: 0.53233.1441.53
DEBUG:root:Running through columns: 0.57232.2241.08
DEBUG:root:Running through columns: 0.60232.2241.08
DEBUG:root:Running through columns: 0.63231.7740.63
DEBUG:root:Running through columns: 0.67230.8540.18
DEBUG:root:Running through columns: 0.70229.9439.73
DEBUG:root:Running through columns: 0.73228.1238.82
DEBUG:root:Running through columns: 0.77226.7538.37
DEBUG:root:Running through columns: 0.80226.7538.37
DEBUG:root:Running through columns: 0.83225.3837.92
DEBUG:root:Running through columns: 0.87224.0137.47
DEBUG:root:Running through columns: 0.90223.1037.02
DEBUG:root:Running through columns: 0.93221.7336.57
DEBUG:root:Running through columns: 0.97219.9036.12
DEBUG:root:Running through columns: 1.00219.9036.12
DEBUG:root:Running through columns: 1.03218.9935.66
DEBUG:root:Running through columns: 1.07218.0835.66
DEBUG:root:Running through columns: 1.10218.5435.66
DEBUG:root:Running through columns: 1.13216.7135.66
DEBUG:root:Running through columns: 1.17216.2535.66
DEBUG:root:Running through columns: 1.20216.2535.66
DEBUG:root:Running through columns: 1.23214.8935.21
DEBUG:root:Running through columns: 1.27213.9734.76
DEBUG:root:Running through columns: 1.30212.1534.31
DEBUG:root:Running through columns: 1.33208.9533.41
DEBUG:root:Running through columns: 1.37208.0433.41
DEBUG:root:Running through columns: 1.40207.5933.41
DEBUG:root:Running through columns: 1.43206.2232.96
DEBUG:root:Running through columns: 1.47204.8532.96
DEBUG:root:Running through columns: 1.50203.9432.96
DEBUG:root:Running through columns: 1.53202.1132.50
DEBUG:root:Running through columns: 1.57200.7432.50
DEBUG:root:Running through columns: 1.60200.7432.50
DEBUG:root:Running through columns: 1.63199.8332.05
DEBUG:root:Running through columns: 1.67198.4632.05
DEBUG:root:Running through columns: 1.70197.5532.05
DEBUG:root:Running through columns: 1.74195.7232.50
DEBUG:root:Running through columns: 1.77194.3632.50
DEBUG:root:Running through columns: 1.80194.3632.50
DEBUG:root:Running through columns: 1.84193.4432.50
DEBUG:root:Running through columns: 1.87192.5332.50
DEBUG:root:Running through columns: 1.90191.6232.50
DEBUG:root:Running through columns: 1.94189.7932.50
DEBUG:root:Running through columns: 1.97188.4232.96
DEBUG:root:Running through columns: 2.00188.4232.96
DEBUG:root:Running through columns: 2.04187.9732.96
DEBUG:root:Running through columns: 2.07187.0632.96
DEBUG:root:Running through columns: 2.10185.6932.96
DEBUG:root:Running through columns: 2.14183.4133.41
DEBUG:root:Running through columns: 2.17182.9533.41
DEBUG:root:Running through columns: 2.20182.9533.41
DEBUG:root:Running through columns: 2.24182.4933.86
DEBUG:root:Running through columns: 2.27181.5833.86
DEBUG:root:Running through columns: 2.30180.6733.86
DEBUG:root:Running through columns: 2.34178.3934.31
DEBUG:root:Running through columns: 2.37176.5634.31
DEBUG:root:Running through columns: 2.40176.5634.31
DEBUG:root:Running through columns: 2.44175.6534.76
DEBUG:root:Running through columns: 2.47174.7435.21
DEBUG:root:Running through columns: 2.50173.8235.21
DEBUG:root:Running through columns: 2.54171.0936.12
DEBUG:root:Running through columns: 2.57170.1836.12
DEBUG:root:Running through columns: 2.60170.1836.12
DEBUG:root:Running through columns: 2.64169.2636.57
DEBUG:root:Running through columns: 2.67168.3537.02
DEBUG:root:Running through columns: 2.70166.9837.02
DEBUG:root:Running through columns: 2.74165.1637.92
DEBUG:root:Running through columns: 2.77164.2438.37
DEBUG:root:Running through columns: 2.80164.2438.37
DEBUG:root:Running through columns: 2.84162.8838.82
DEBUG:root:Running through columns: 2.87162.4238.82
DEBUG:root:Running through columns: 2.90161.0539.73
DEBUG:root:Running through columns: 2.94159.6840.18
DEBUG:root:Running through columns: 2.97158.7740.63
DEBUG:root:Running through columns: 3.00158.7740.63
DEBUG:root:Running through columns: 3.04157.8641.08
DEBUG:root:Running through columns: 3.07156.9441.53
DEBUG:root:Running through columns: 3.10156.4941.98
DEBUG:root:Running through columns: 3.14155.5842.89
DEBUG:root:Running through columns: 3.17154.6643.34
DEBUG:root:Running through columns: 3.20154.6643.34
DEBUG:root:Running through columns: 3.24154.2143.79
DEBUG:root:Running through columns: 3.27153.2944.69
DEBUG:root:Running through columns: 3.30153.2945.14
DEBUG:root:Running through columns: 3.34152.8445.60
DEBUG:root:Running through columns: 3.37152.8446.05
DEBUG:root:Running through columns: 3.40152.8446.05
DEBUG:root:Running through columns: 3.44152.8446.50
DEBUG:root:Running through columns: 3.47152.3846.95
DEBUG:root:Running through columns: 3.50151.9347.40
DEBUG:root:Running through columns: 3.54151.9347.85
DEBUG:root:Running through columns: 3.57151.9347.85
DEBUG:root:Running through columns: 3.60151.9347.85
DEBUG:root:Running through columns: 3.64151.9348.30
DEBUG:root:Running through columns: 3.67151.9349.21
DEBUG:root:Running through columns: 3.70151.9349.21
DEBUG:root:Running through columns: 3.74152.3849.66
DEBUG:root:Running through columns: 3.77152.3849.66
DEBUG:root:Running through columns: 3.80152.3849.66
DEBUG:root:Running through columns: 3.84152.3850.11
DEBUG:root:Running through columns: 3.87152.8450.56
DEBUG:root:Running through columns: 3.90152.8451.01
DEBUG:root:Running through columns: 3.94152.8451.01
DEBUG:root:Running through columns: 3.97152.8451.46
DEBUG:root:Running through columns: 4.00152.8451.46
DEBUG:root:Running through columns: 4.04152.3851.46
DEBUG:root:Running through columns: 4.07152.3851.92
DEBUG:root:Running through columns: 4.10152.3851.92
DEBUG:root:Running through columns: 4.14152.3852.37
DEBUG:root:Running through columns: 4.17152.3852.37
DEBUG:root:Running through columns: 4.20152.3852.37
DEBUG:root:Running through columns: 4.24152.3852.82
DEBUG:root:Running through columns: 4.27152.3852.82
DEBUG:root:Running through columns: 4.30152.3853.27
DEBUG:root:Running through columns: 4.34152.3853.27
DEBUG:root:Running through columns: 4.37152.3853.27
DEBUG:root:Running through columns: 4.40152.3853.27
DEBUG:root:Running through columns: 4.44151.9353.72
DEBUG:root:Running through columns: 4.47151.4754.17
DEBUG:root:Running through columns: 4.50151.0154.17
DEBUG:root:Running through columns: 4.54151.0154.17
DEBUG:root:Running through columns: 4.57150.5654.62
DEBUG:root:Running through columns: 4.60150.5654.62
DEBUG:root:Running through columns: 4.64150.5654.62
DEBUG:root:Running through columns: 4.67150.1055.08
DEBUG:root:Running through columns: 4.70150.1055.08
DEBUG:root:Running through columns: 4.74149.6455.53
DEBUG:root:Running through columns: 4.77149.6455.53
DEBUG:root:Running through columns: 4.80149.6455.53
DEBUG:root:Running through columns: 4.84149.6455.53
DEBUG:root:Running through columns: 4.87149.6455.98
DEBUG:root:Running through columns: 4.90149.6455.98
DEBUG:root:Running through columns: 4.94149.1956.43
DEBUG:root:Running through columns: 4.97149.1956.43
DEBUG:root:Running through columns: 5.00149.1956.43
DEBUG:root:Running through columns: 5.04149.1956.43
DEBUG:root:Running through columns: 5.07149.1956.88
DEBUG:root:Running through columns: 5.11149.1956.88
DEBUG:root:Running through columns: 5.14148.7357.33
DEBUG:root:Running through columns: 5.17148.7357.33
DEBUG:root:Running through columns: 5.21148.7357.33
DEBUG:root:Running through columns: 5.24148.2857.78
DEBUG:root:Running through columns: 5.27148.2857.78
DEBUG:root:Running through columns: 5.31147.8258.24
DEBUG:root:Running through columns: 5.34147.8258.69
DEBUG:root:Running through columns: 5.37147.3658.69
DEBUG:root:Running through columns: 5.41146.9159.14
DEBUG:root:Running through columns: 5.44146.9159.14
DEBUG:root:Running through columns: 5.47146.9159.59
DEBUG:root:Running through columns: 5.51146.4560.04
DEBUG:root:Running through columns: 5.54145.9960.49
DEBUG:root:Running through columns: 5.57145.9960.49
DEBUG:root:Running through columns: 5.61145.5460.94
DEBUG:root:Running through columns: 5.64145.5460.94
DEBUG:root:Running through columns: 5.67144.1761.85
DEBUG:root:Running through columns: 5.71144.1761.85
DEBUG:root:Running through columns: 5.74143.2662.30
DEBUG:root:Running through columns: 5.77142.8062.75
DEBUG:root:Running through columns: 5.81141.8963.20
DEBUG:root:Running through columns: 5.84141.8963.20
DEBUG:root:Running through columns: 5.87140.5263.65
DEBUG:root:Running through columns: 5.91140.0663.65
DEBUG:root:Running through columns: 5.94139.6164.10
DEBUG:root:Running through columns: 5.97138.6964.10
DEBUG:root:Running through columns: 6.01137.7864.56
DEBUG:root:Running through columns: 6.04137.7864.56
DEBUG:root:Running through columns: 6.07136.4165.01
DEBUG:root:Running through columns: 6.11135.5065.46
DEBUG:root:Running through columns: 6.14135.0565.46
DEBUG:root:Running through columns: 6.17134.1365.91
DEBUG:root:Running through columns: 6.21133.6865.91
DEBUG:root:Running through columns: 6.24133.6865.91
DEBUG:root:Running through columns: 6.27131.8566.81
DEBUG:root:Running through columns: 6.31130.9467.72
DEBUG:root:Running through columns: 6.34130.0368.17
DEBUG:root:Running through columns: 6.37129.5768.62
DEBUG:root:Running through columns: 6.41128.6669.07
DEBUG:root:Running through columns: 6.44128.6669.07
DEBUG:root:Running through columns: 6.47127.2969.97
DEBUG:root:Running through columns: 6.51126.8370.88
DEBUG:root:Running through columns: 6.54126.3871.33
DEBUG:root:Running through columns: 6.57125.4672.68
DEBUG:root:Running through columns: 6.61125.0173.59
DEBUG:root:Running through columns: 6.64125.0173.59
DEBUG:root:Running through columns: 6.67123.6475.39
DEBUG:root:Running through columns: 6.71123.1876.29
DEBUG:root:Running through columns: 6.74122.7377.20
DEBUG:root:Running through columns: 6.77121.8178.10
DEBUG:root:Running through columns: 6.81121.3679.00
DEBUG:root:Running through columns: 6.84121.3679.00
DEBUG:root:Running through columns: 6.87120.4580.81
DEBUG:root:Running through columns: 6.91119.9982.16
DEBUG:root:Running through columns: 6.94119.5383.07
DEBUG:root:Running through columns: 6.97119.5383.97
DEBUG:root:Running through columns: 7.01119.0884.87
DEBUG:root:Running through columns: 7.04119.0884.87
DEBUG:root:Running through columns: 7.07118.1687.13
DEBUG:root:Running through columns: 7.11117.7188.03
DEBUG:root:Running through columns: 7.14117.7188.93
DEBUG:root:Running through columns: 7.17117.2590.29
DEBUG:root:Running through columns: 7.21116.8091.19
DEBUG:root:Running through columns: 7.24116.8091.19
DEBUG:root:Running through columns: 7.27116.3493.45
DEBUG:root:Running through columns: 7.31116.3494.35
DEBUG:root:Running through columns: 7.34115.8896.16
DEBUG:root:Running through columns: 7.37115.4397.51
DEBUG:root:Running through columns: 7.41115.4398.41
DEBUG:root:Running through columns: 7.44115.4398.41
DEBUG:root:Running through columns: 7.47114.9799.77
DEBUG:root:Running through columns: 7.51114.97100.67
DEBUG:root:Running through columns: 7.54114.51102.93
DEBUG:root:Running through columns: 7.57114.51103.83
DEBUG:root:Running through columns: 7.61114.51104.73
DEBUG:root:Running through columns: 7.64114.51104.73
DEBUG:root:Running through columns: 7.67114.06106.09
DEBUG:root:Running through columns: 7.71114.06106.99
DEBUG:root:Running through columns: 7.74114.06109.25
DEBUG:root:Running through columns: 7.77114.06110.15
DEBUG:root:Running through columns: 7.81114.06111.06
DEBUG:root:Running through columns: 7.84114.06111.06
DEBUG:root:Running through columns: 7.87114.06112.41
DEBUG:root:Running through columns: 7.91114.06112.86
DEBUG:root:Running through columns: 7.94114.06115.12
DEBUG:root:Running through columns: 7.97114.06116.02
DEBUG:root:Running through columns: 8.01114.06116.92
DEBUG:root:Running through columns: 8.04114.06116.92
DEBUG:root:Running through columns: 8.07114.06117.83
DEBUG:root:Running through columns: 8.11114.51119.18
DEBUG:root:Running through columns: 8.14114.51121.44
DEBUG:root:Running through columns: 8.17114.51122.34
DEBUG:root:Running through columns: 8.21114.97123.24
DEBUG:root:Running through columns: 8.24114.97123.24
DEBUG:root:Running through columns: 8.27114.97124.15
DEBUG:root:Running through columns: 8.31114.97125.05
DEBUG:root:Running through columns: 8.34115.43126.86
DEBUG:root:Running through columns: 8.38115.88128.21
DEBUG:root:Running through columns: 8.41115.88129.56
DEBUG:root:Running through columns: 8.44115.88129.56
DEBUG:root:Running through columns: 8.48116.34130.47
DEBUG:root:Running through columns: 8.51116.34131.37
DEBUG:root:Running through columns: 8.54116.80133.63
DEBUG:root:Running through columns: 8.58117.25134.08
DEBUG:root:Running through columns: 8.61117.25135.43
DEBUG:root:Running through columns: 8.64117.25135.43
DEBUG:root:Running through columns: 8.68117.71136.34
DEBUG:root:Running through columns: 8.71118.16137.69
DEBUG:root:Running through columns: 8.74118.62139.95
DEBUG:root:Running through columns: 8.78119.08140.85
DEBUG:root:Running through columns: 8.81119.08141.30
DEBUG:root:Running through columns: 8.84119.08141.30
DEBUG:root:Running through columns: 8.88119.53142.66
DEBUG:root:Running through columns: 8.91119.99143.56
DEBUG:root:Running through columns: 8.94120.90145.82
DEBUG:root:Running through columns: 8.98121.36146.72
DEBUG:root:Running through columns: 9.01121.36147.62
DEBUG:root:Running through columns: 9.04121.36147.62
DEBUG:root:Running through columns: 9.08122.27148.98
DEBUG:root:Running through columns: 9.11122.27149.88
DEBUG:root:Running through columns: 9.14123.18152.14
DEBUG:root:Running through columns: 9.18123.64153.04
DEBUG:root:Running through columns: 9.21124.55153.94
DEBUG:root:Running through columns: 9.24124.55153.94
DEBUG:root:Running through columns: 9.28125.01155.30
DEBUG:root:Running through columns: 9.31125.92155.75
DEBUG:root:Running through columns: 9.34126.83157.55
DEBUG:root:Running through columns: 9.38127.29158.46
DEBUG:root:Running through columns: 9.41128.20159.36
DEBUG:root:Running through columns: 9.44128.20159.36
DEBUG:root:Running through columns: 9.48128.66160.26
DEBUG:root:Running through columns: 9.51129.57161.62
DEBUG:root:Running through columns: 9.54131.40163.87
DEBUG:root:Running through columns: 9.58131.85164.78
DEBUG:root:Running through columns: 9.61132.76165.23
DEBUG:root:Running through columns: 9.64132.76165.23
DEBUG:root:Running through columns: 9.68133.22166.13
DEBUG:root:Running through columns: 9.71134.13167.03
DEBUG:root:Running through columns: 9.74135.50168.39
DEBUG:root:Running through columns: 9.78136.41169.29
DEBUG:root:Running through columns: 9.81137.33170.65
DEBUG:root:Running through columns: 9.84137.33170.65
DEBUG:root:Running through columns: 9.88138.24171.10
DEBUG:root:Running through columns: 9.91139.15172.45
DEBUG:root:Running through columns: 9.94140.52173.35
DEBUG:root:Running through columns: 9.98141.43174.26
DEBUG:root:Running through columns: 10.01142.34175.16
DEBUG:root:Running through columns: 10.04142.34175.16
DEBUG:root:Running through columns: 10.08143.26176.06
DEBUG:root:Running through columns: 10.11144.63176.97
DEBUG:root:Running through columns: 10.14146.45178.77
DEBUG:root:Running through columns: 10.18147.36179.22
DEBUG:root:Running through columns: 10.21148.28180.13
DEBUG:root:Running through columns: 10.24148.28180.13
DEBUG:root:Running through columns: 10.28149.19180.58
DEBUG:root:Running through columns: 10.31150.56181.48
DEBUG:root:Running through columns: 10.34152.84182.83
DEBUG:root:Running through columns: 10.38154.21183.74
DEBUG:root:Running through columns: 10.41155.12184.19
DEBUG:root:Running through columns: 10.44155.12184.19
DEBUG:root:Running through columns: 10.48156.03184.64
DEBUG:root:Running through columns: 10.51156.94185.09
DEBUG:root:Running through columns: 10.54158.77185.99
DEBUG:root:Running through columns: 10.58159.68186.45
DEBUG:root:Running through columns: 10.61160.14186.45
DEBUG:root:Running through columns: 10.64160.14186.45
DEBUG:root:Running through columns: 10.68161.05186.90
DEBUG:root:Running through columns: 10.71161.51186.90
DEBUG:root:Running through columns: 10.74162.88187.35
DEBUG:root:Running through columns: 10.78163.33187.35
DEBUG:root:Running through columns: 10.81163.79186.90
DEBUG:root:Running through columns: 10.84164.24186.90
DEBUG:root:Running through columns: 10.88164.24186.90
DEBUG:root:Running through columns: 10.91164.70186.90
DEBUG:root:Running through columns: 10.94166.07186.90
DEBUG:root:Running through columns: 10.98166.53186.90
DEBUG:root:Running through columns: 11.01166.98186.90
DEBUG:root:Running through columns: 11.04167.44186.90
DEBUG:root:Running through columns: 11.08167.44186.90
DEBUG:root:Running through columns: 11.11167.89186.90
DEBUG:root:Running through columns: 11.14168.81186.90
DEBUG:root:Running through columns: 11.18169.26186.90
DEBUG:root:Running through columns: 11.21169.72186.45
DEBUG:root:Running through columns: 11.24169.72186.45
DEBUG:root:Running through columns: 11.28169.72186.45
DEBUG:root:Running through columns: 11.31170.18186.45
DEBUG:root:Running through columns: 11.34171.09186.45
DEBUG:root:Running through columns: 11.38171.09186.45
DEBUG:root:Running through columns: 11.41171.54186.45
DEBUG:root:Running through columns: 11.44172.00186.45
DEBUG:root:Running through columns: 11.48172.00186.45
DEBUG:root:Running through columns: 11.51172.00185.99
DEBUG:root:Running through columns: 11.54172.91185.99
DEBUG:root:Running through columns: 11.58172.91185.99
DEBUG:root:Running through columns: 11.61173.37185.54
DEBUG:root:Running through columns: 11.64173.82185.54
DEBUG:root:Running through columns: 11.68173.82185.54
DEBUG:root:Running through columns: 11.71174.28185.99
DEBUG:root:Running through columns: 11.75174.74185.54
DEBUG:root:Running through columns: 11.78175.19185.54
DEBUG:root:Running through columns: 11.81175.19185.54
DEBUG:root:Running through columns: 11.85175.65185.54
DEBUG:root:Running through columns: 11.88175.65185.54
DEBUG:root:Running through columns: 11.91176.11185.54
DEBUG:root:Running through columns: 11.95176.56185.09
DEBUG:root:Running through columns: 11.98176.56185.09
DEBUG:root:Running through columns: 12.01177.02185.54
DEBUG:root:Running through columns: 12.05177.47185.54
DEBUG:root:Running through columns: 12.08177.47185.54
DEBUG:root:Running through columns: 12.11177.47185.99
DEBUG:root:Running through columns: 12.15178.39186.45
DEBUG:root:Running through columns: 12.18178.84186.90
DEBUG:root:Running through columns: 12.21179.30187.35
DEBUG:root:Running through columns: 12.25179.76187.35
DEBUG:root:Running through columns: 12.28179.76187.35
DEBUG:root:Running through columns: 12.31180.21187.80
DEBUG:root:Running through columns: 12.35181.12188.70
DEBUG:root:Running through columns: 12.38181.58189.15
DEBUG:root:Running through columns: 12.41182.04189.61
DEBUG:root:Running through columns: 12.45182.49189.61
DEBUG:root:Running through columns: 12.48182.49189.61
DEBUG:root:Running through columns: 12.51182.95190.06
DEBUG:root:Running through columns: 12.55184.32190.51
DEBUG:root:Running through columns: 12.58185.23191.41
DEBUG:root:Running through columns: 12.61186.14191.86
DEBUG:root:Running through columns: 12.65186.60192.31
DEBUG:root:Running through columns: 12.68186.60192.31
DEBUG:root:Running through columns: 12.71187.06192.31
DEBUG:root:Running through columns: 12.75189.34193.22
DEBUG:root:Running through columns: 12.78190.25193.67
DEBUG:root:Running through columns: 12.81191.16193.67
DEBUG:root:Running through columns: 12.85191.62194.12
DEBUG:root:Running through columns: 12.88191.62194.12
DEBUG:root:Running through columns: 12.91192.53194.57
DEBUG:root:Running through columns: 12.95194.36195.02
DEBUG:root:Running through columns: 12.98195.27195.02
DEBUG:root:Running through columns: 13.01196.64195.02
DEBUG:root:Running through columns: 13.05197.55195.48
DEBUG:root:Running through columns: 13.08197.55195.48
DEBUG:root:Running through columns: 13.11198.92195.48
DEBUG:root:Running through columns: 13.15200.74195.48
DEBUG:root:Running through columns: 13.18202.11195.48
DEBUG:root:Running through columns: 13.21203.02195.48
DEBUG:root:Running through columns: 13.25203.94195.48
DEBUG:root:Running through columns: 13.28203.94195.48
DEBUG:root:Running through columns: 13.31204.85195.02
DEBUG:root:Running through columns: 13.35207.13195.02
DEBUG:root:Running through columns: 13.38208.50194.57
DEBUG:root:Running through columns: 13.41209.41194.57
DEBUG:root:Running through columns: 13.45210.78194.12
DEBUG:root:Running through columns: 13.48210.78194.12
DEBUG:root:Running through columns: 13.51212.15194.12
DEBUG:root:Running through columns: 13.55214.43193.67
DEBUG:root:Running through columns: 13.58215.80193.22
DEBUG:root:Running through columns: 13.61216.71192.77
DEBUG:root:Running through columns: 13.65218.08192.77
DEBUG:root:Running through columns: 13.68218.08192.77
DEBUG:root:Running through columns: 13.71218.99192.31
DEBUG:root:Running through columns: 13.75221.27191.41
DEBUG:root:Running through columns: 13.78222.64191.41
DEBUG:root:Running through columns: 13.81223.55190.96
DEBUG:root:Running through columns: 13.85224.47190.51
DEBUG:root:Running through columns: 13.88224.47190.51
DEBUG:root:Running through columns: 13.91225.84190.06
DEBUG:root:Running through columns: 13.95227.66189.61
DEBUG:root:Running through columns: 13.98228.57189.15
DEBUG:root:Running through columns: 14.01229.94188.70
DEBUG:root:Running through columns: 14.05230.40188.25
DEBUG:root:Running through columns: 14.08230.40188.25
DEBUG:root:Running through columns: 14.11231.31187.80
DEBUG:root:Running through columns: 14.15233.14186.90
DEBUG:root:Running through columns: 14.18233.59186.45
DEBUG:root:Running through columns: 14.21234.05185.99
DEBUG:root:Running through columns: 14.25234.50185.54
DEBUG:root:Running through columns: 14.28234.50185.54
DEBUG:root:Running through columns: 14.31234.96185.54
DEBUG:root:Running through columns: 14.35235.87184.64
DEBUG:root:Running through columns: 14.38236.79183.74
DEBUG:root:Running through columns: 14.41236.79183.74
DEBUG:root:Running through columns: 14.45237.24183.29
DEBUG:root:Running through columns: 14.48237.24183.29
DEBUG:root:Running through columns: 14.51238.15182.83
DEBUG:root:Running through columns: 14.55239.07181.48
DEBUG:root:Running through columns: 14.58239.07181.48
DEBUG:root:Running through columns: 14.61239.52181.03
DEBUG:root:Running through columns: 14.65239.52180.58
DEBUG:root:Running through columns: 14.68239.52180.58
DEBUG:root:Running through columns: 14.71239.98180.13
DEBUG:root:Running through columns: 14.75240.44179.67
DEBUG:root:Running through columns: 14.78240.89179.22
DEBUG:root:Running through columns: 14.81240.89178.77
DEBUG:root:Running through columns: 14.85241.35178.32
DEBUG:root:Running through columns: 14.88241.35178.32
DEBUG:root:Running through columns: 14.91241.80178.32
DEBUG:root:Running through columns: 14.95242.26177.42
DEBUG:root:Running through columns: 14.98242.26177.42
DEBUG:root:Running through columns: 15.01242.72176.97
DEBUG:root:Running through columns: 15.05242.72176.51
DEBUG:root:Running through columns: 15.08242.72176.51
DEBUG:root:Running through columns: 15.12243.17176.06
DEBUG:root:Running through columns: 15.15243.63175.61
DEBUG:root:Running through columns: 15.18243.63175.16
DEBUG:root:Running through columns: 15.22244.08174.71
DEBUG:root:Running through columns: 15.25244.08174.26
DEBUG:root:Running through columns: 15.28244.08174.71
DEBUG:root:Running through columns: 15.32244.54174.26
DEBUG:root:Running through columns: 15.35245.00173.81
DEBUG:root:Running through columns: 15.38245.00173.35
DEBUG:root:Running through columns: 15.42245.00172.90
DEBUG:root:Running through columns: 15.45245.45172.90
DEBUG:root:Running through columns: 15.48245.45172.90
DEBUG:root:Running through columns: 15.52245.45172.45
DEBUG:root:Running through columns: 15.55245.91172.00
DEBUG:root:Running through columns: 15.58246.37171.55
DEBUG:root:Running through columns: 15.62246.37171.10
DEBUG:root:Running through columns: 15.65246.82170.65
DEBUG:root:Running through columns: 15.68246.82170.65
DEBUG:root:Running through columns: 15.72247.28170.65
DEBUG:root:Running through columns: 15.75247.28169.74
DEBUG:root:Running through columns: 15.78247.73169.29
DEBUG:root:Running through columns: 15.82248.65168.84
DEBUG:root:Running through columns: 15.85248.65168.39
DEBUG:root:Running through columns: 15.88248.65168.39
DEBUG:root:Running through columns: 15.92249.10168.39
DEBUG:root:Running through columns: 15.95250.02167.49
DEBUG:root:Running through columns: 15.98250.93167.03
DEBUG:root:Running through columns: 16.02250.93167.03
DEBUG:root:Running through columns: 16.05251.84167.03
DEBUG:root:Running through columns: 16.08252.30166.58
DEBUG:root:Running through columns: 16.12252.30166.58
DEBUG:root:Running through columns: 16.15253.21166.13
DEBUG:root:Running through columns: 16.18253.67166.13
DEBUG:root:Running through columns: 16.22254.58165.68
DEBUG:root:Running through columns: 16.25255.03165.68
DEBUG:root:Running through columns: 16.28255.95165.68
DEBUG:root:Running through columns: 16.32255.95165.68
DEBUG:root:Running through columns: 16.35257.32164.78
DEBUG:root:Running through columns: 16.38257.77164.33
DEBUG:root:Running through columns: 16.42258.68164.33
DEBUG:root:Running through columns: 16.45259.14163.87
DEBUG:root:Running through columns: 16.48260.05163.42
DEBUG:root:Running through columns: 16.52260.05163.42
DEBUG:root:Running through columns: 16.55261.42162.07
DEBUG:root:Running through columns: 16.58261.88162.07
DEBUG:root:Running through columns: 16.62262.79161.17
DEBUG:root:Running through columns: 16.65263.25160.71
DEBUG:root:Running through columns: 16.68264.16159.81
DEBUG:root:Running through columns: 16.72264.16159.81
DEBUG:root:Running through columns: 16.75265.07158.46
DEBUG:root:Running through columns: 16.78265.98157.55
DEBUG:root:Running through columns: 16.82266.44157.10
DEBUG:root:Running through columns: 16.85266.90156.20
DEBUG:root:Running through columns: 16.88267.35155.30
DEBUG:root:Running through columns: 16.92267.35155.30
DEBUG:root:Running through columns: 16.95268.27153.94
DEBUG:root:Running through columns: 16.98268.72153.04
DEBUG:root:Running through columns: 17.02269.18152.59
DEBUG:root:Running through columns: 17.05269.63151.69
DEBUG:root:Running through columns: 17.08270.09150.33
DEBUG:root:Running through columns: 17.12270.09150.33
DEBUG:root:Running through columns: 17.15271.46148.52
DEBUG:root:Running through columns: 17.18271.46148.07
DEBUG:root:Running through columns: 17.22271.92147.17
DEBUG:root:Running through columns: 17.25272.37146.72
DEBUG:root:Running through columns: 17.28272.83145.82
DEBUG:root:Running through columns: 17.32272.83145.82
DEBUG:root:Running through columns: 17.35273.28144.46
DEBUG:root:Running through columns: 17.38273.74143.11
DEBUG:root:Running through columns: 17.42273.74142.66
DEBUG:root:Running through columns: 17.45273.74142.20
DEBUG:root:Running through columns: 17.48274.20141.30
DEBUG:root:Running through columns: 17.52274.20141.30
DEBUG:root:Running through columns: 17.55274.20140.40
DEBUG:root:Running through columns: 17.58274.20139.95
DEBUG:root:Running through columns: 17.62274.20139.50
DEBUG:root:Running through columns: 17.65274.20138.59
DEBUG:root:Running through columns: 17.68274.20138.14
DEBUG:root:Running through columns: 17.72274.20138.14
DEBUG:root:Running through columns: 17.75274.20137.69
DEBUG:root:Running through columns: 17.78273.74137.24
DEBUG:root:Running through columns: 17.82273.74136.79
DEBUG:root:Running through columns: 17.85273.74136.79
DEBUG:root:Running through columns: 17.88273.28136.34
DEBUG:root:Running through columns: 17.92273.28136.34
DEBUG:root:Running through columns: 17.95273.28135.43
DEBUG:root:Running through columns: 17.98273.28134.98
DEBUG:root:Running through columns: 18.02273.28134.53
DEBUG:root:Running through columns: 18.05273.28134.08
DEBUG:root:Running through columns: 18.08273.28133.63
DEBUG:root:Running through columns: 18.12273.28133.63
DEBUG:root:Running through columns: 18.15272.83133.18
DEBUG:root:Running through columns: 18.18272.83132.72
DEBUG:root:Running through columns: 18.22272.83132.27
DEBUG:root:Running through columns: 18.25272.83131.82
DEBUG:root:Running through columns: 18.28272.83131.37
DEBUG:root:Running through columns: 18.32272.83131.37
DEBUG:root:Running through columns: 18.35273.28130.02
DEBUG:root:Running through columns: 18.39273.28129.56
DEBUG:root:Running through columns: 18.42273.74129.11
DEBUG:root:Running through columns: 18.45273.74128.66
DEBUG:root:Running through columns: 18.49273.74128.21
DEBUG:root:Running through columns: 18.52273.74128.21
DEBUG:root:Running through columns: 18.55274.20126.86
DEBUG:root:Running through columns: 18.59274.20126.40
DEBUG:root:Running through columns: 18.62274.65125.50
DEBUG:root:Running through columns: 18.65274.65125.05
DEBUG:root:Running through columns: 18.69274.65124.60
DEBUG:root:Running through columns: 18.72274.65124.60
DEBUG:root:Running through columns: 18.75275.11123.70
DEBUG:root:Running through columns: 18.79274.65123.70
DEBUG:root:Running through columns: 18.82275.11123.24
DEBUG:root:Running through columns: 18.85275.56122.34
DEBUG:root:Running through columns: 18.89275.56121.89
DEBUG:root:Running through columns: 18.92275.56121.89
DEBUG:root:Running through columns: 18.95276.02120.54
DEBUG:root:Running through columns: 18.99276.02120.08
DEBUG:root:Running through columns: 19.02276.48119.18
DEBUG:root:Running through columns: 19.05276.93118.28
DEBUG:root:Running through columns: 19.09276.93116.92
DEBUG:root:Running through columns: 19.12276.93116.92
DEBUG:root:Running through columns: 19.15277.39114.67
DEBUG:root:Running through columns: 19.19277.85113.76
DEBUG:root:Running through columns: 19.22277.85113.31
DEBUG:root:Running through columns: 19.25277.85112.41
DEBUG:root:Running through columns: 19.29278.30111.06
DEBUG:root:Running through columns: 19.32278.30111.06
DEBUG:root:Running through columns: 19.35278.30109.25
DEBUG:root:Running through columns: 19.39278.30108.35
DEBUG:root:Running through columns: 19.42278.76107.44
DEBUG:root:Running through columns: 19.45278.76106.54
DEBUG:root:Running through columns: 19.49278.76105.64
DEBUG:root:Running through columns: 19.52278.76105.64
DEBUG:root:Running through columns: 19.55278.30104.73
DEBUG:root:Running through columns: 19.59278.30103.83
DEBUG:root:Running through columns: 19.62278.30102.93
DEBUG:root:Running through columns: 19.65278.30101.57
DEBUG:root:Running through columns: 19.69278.30100.67
DEBUG:root:Running through columns: 19.72278.30100.67
DEBUG:root:Running through columns: 19.75277.8598.41
DEBUG:root:Running through columns: 19.79277.8597.51
DEBUG:root:Running through columns: 19.82277.8597.06
DEBUG:root:Running through columns: 19.85277.3996.16
DEBUG:root:Running through columns: 19.89276.9394.80
DEBUG:root:Running through columns: 19.92276.9394.80
DEBUG:root:Running through columns: 19.95276.4893.00
DEBUG:root:Running through columns: 19.99276.4892.55
DEBUG:root:Running through columns: 20.02276.0291.64
DEBUG:root:Running through columns: 20.05275.5691.19
DEBUG:root:Running through columns: 20.09275.5690.74
DEBUG:root:Running through columns: 20.12275.5690.74
DEBUG:root:Running through columns: 20.15274.2087.13
DEBUG:root:Running through columns: 20.19273.2885.32
DEBUG:root:Running through columns: 20.22272.8383.97
DEBUG:root:Running through columns: 20.25272.3783.07
DEBUG:root:Running through columns: 20.29271.9281.71
DEBUG:root:Running through columns: 20.32271.9281.71
DEBUG:root:Running through columns: 20.35271.0079.91
DEBUG:root:Running through columns: 20.39270.5578.55
DEBUG:root:Running through columns: 20.42269.6377.20
DEBUG:root:Running through columns: 20.45269.1875.84
DEBUG:root:Running through columns: 20.49268.2774.94
DEBUG:root:Running through columns: 20.52268.2774.94
DEBUG:root:Running through columns: 20.55267.3573.13
DEBUG:root:Running through columns: 20.59266.9072.68
DEBUG:root:Running through columns: 20.62265.9871.33
DEBUG:root:Running through columns: 20.65265.5370.43
DEBUG:root:Running through columns: 20.69265.0769.52
DEBUG:root:Running through columns: 20.72265.0769.52
DEBUG:root:Running through columns: 20.75263.2567.27
DEBUG:root:Running through columns: 20.79262.7966.36
DEBUG:root:Running through columns: 20.82262.3365.46
DEBUG:root:Running through columns: 20.85261.4265.01
DEBUG:root:Running through columns: 20.89260.5163.65
DEBUG:root:Running through columns: 20.92260.5163.65
DEBUG:root:Running through columns: 20.95258.6861.85
DEBUG:root:Running through columns: 20.99257.7760.94
DEBUG:root:Running through columns: 21.02256.8659.59
DEBUG:root:Running through columns: 21.05256.4059.14
DEBUG:root:Running through columns: 21.09255.4958.24
DEBUG:root:Running through columns: 21.12255.4958.24
DEBUG:root:Running through columns: 21.15253.6756.88
DEBUG:root:Running through columns: 21.19253.2155.98
DEBUG:root:Running through columns: 21.22252.3055.08
DEBUG:root:Running through columns: 21.25250.9354.17
DEBUG:root:Running through columns: 21.29250.0253.27
DEBUG:root:Running through columns: 21.32250.0253.27
DEBUG:root:Running through columns: 21.35248.6551.92
DEBUG:root:Running through columns: 21.39247.7351.01
DEBUG:root:Running through columns: 21.42246.8251.01
DEBUG:root:Running through columns: 21.45246.3750.56
DEBUG:root:Running through columns: 21.49245.9150.11
DEBUG:root:Running through columns: 21.52244.0848.76
DEBUG:root:Running through columns: 21.55244.0848.76
DEBUG:root:Running through columns: 21.59243.1747.85
DEBUG:root:Running through columns: 21.62242.2647.40
DEBUG:root:Running through columns: 21.65241.3546.50
DEBUG:root:Running through columns: 21.69239.9845.60
DEBUG:root:Running through columns: 21.72238.1544.24
DEBUG:root:Running through columns: 21.76238.1544.24
DEBUG:root:Running through columns: 21.79237.2444.24
DEBUG:root:Running through columns: 21.82236.3343.34
DEBUG:root:Running through columns: 21.86234.9642.89
DEBUG:root:Running through columns: 21.89234.0541.98
DEBUG:root:Running through columns: 21.92232.2241.08
DEBUG:root:Running through columns: 21.96232.2241.08
DEBUG:root:Running through columns: 21.99231.3140.63
DEBUG:root:Running through columns: 22.02229.9440.18
DEBUG:root:Running through columns: 22.06228.5739.28
DEBUG:root:Running through columns: 22.09227.6638.82
DEBUG:root:Running through columns: 22.12225.3837.92
DEBUG:root:Running through columns: 22.16225.3837.92
DEBUG:root:Running through columns: 22.19224.4737.92
DEBUG:root:Running through columns: 22.22224.0137.47
DEBUG:root:Running through columns: 22.26223.1037.02
DEBUG:root:Running through columns: 22.29222.1937.02
DEBUG:root:Running through columns: 22.32220.3636.57
DEBUG:root:Running through columns: 22.36220.3636.57
DEBUG:root:Running through columns: 22.39219.4536.57
DEBUG:root:Running through columns: 22.42218.9936.57
DEBUG:root:Running through columns: 22.46218.5436.57
DEBUG:root:Running through columns: 22.49218.0836.57
DEBUG:root:Running through columns: 22.52217.1736.57
DEBUG:root:Running through columns: 22.56217.1736.57
DEBUG:root:Running through columns: 22.59216.7136.57
DEBUG:root:Running through columns: 22.62216.7137.02
DEBUG:root:Running through columns: 22.66216.2537.02
DEBUG:root:Running through columns: 22.69216.2537.47
DEBUG:root:Running through columns: 22.72215.8037.47
DEBUG:root:Running through columns: 22.76215.8037.47
DEBUG:root:Running through columns: 22.79215.3437.47
DEBUG:root:Running through columns: 22.82214.8937.92
DEBUG:root:Running through columns: 22.86214.4337.92
DEBUG:root:Running through columns: 22.89214.4338.37
DEBUG:root:Running through columns: 22.92213.9738.37
DEBUG:root:Running through columns: 22.96213.9738.37
DEBUG:root:Running through columns: 22.99213.9738.82
DEBUG:root:Running through columns: 23.02213.5238.82
DEBUG:root:Running through columns: 23.06213.0639.28
DEBUG:root:Running through columns: 23.09213.0639.28
DEBUG:root:Running through columns: 23.12212.6039.73
DEBUG:root:Running through columns: 23.16212.6039.73
DEBUG:root:Running through columns: 23.19212.1539.73
DEBUG:root:Running through columns: 23.22211.6940.18
DEBUG:root:Running through columns: 23.26211.6940.18
DEBUG:root:Running through columns: 23.29211.2440.18
DEBUG:root:Running through columns: 23.32210.7840.63
DEBUG:root:Running through columns: 23.36210.7840.63
DEBUG:root:Running through columns: 23.39210.3241.08
DEBUG:root:Running through columns: 23.42210.3241.08
DEBUG:root:Running through columns: 23.46209.8741.53
DEBUG:root:Running through columns: 23.49209.4141.53
DEBUG:root:Running through columns: 23.52209.4141.98
DEBUG:root:Running through columns: 23.56209.4141.98
DEBUG:root:Running through columns: 23.59208.9541.98
DEBUG:root:Running through columns: 23.62208.5041.98
DEBUG:root:Running through columns: 23.66208.5041.98
DEBUG:root:Running through columns: 23.69208.0441.98
DEBUG:root:Running through columns: 23.72207.1341.53
DEBUG:root:Running through columns: 23.76207.1341.53
DEBUG:root:Running through columns: 23.79206.6741.53
DEBUG:root:Running through columns: 23.82206.2241.08
DEBUG:root:Running through columns: 23.86205.3140.63
DEBUG:root:Running through columns: 23.89204.8540.63
DEBUG:root:Running through columns: 23.92203.9439.73
DEBUG:root:Running through columns: 23.96203.9439.73
DEBUG:root:Running through columns: 23.99203.4839.73
DEBUG:root:Running through columns: 24.02203.0239.73
DEBUG:root:Running through columns: 24.06202.5739.28
DEBUG:root:Running through columns: 24.09201.6638.82
DEBUG:root:Running through columns: 24.12200.2937.92
DEBUG:root:Running through columns: 24.16200.2937.92
DEBUG:root:Running through columns: 24.19199.8337.47
DEBUG:root:Running through columns: 24.22199.3737.47
DEBUG:root:Running through columns: 24.26198.0136.57
DEBUG:root:Running through columns: 24.29197.5536.57
DEBUG:root:Running through columns: 24.32196.1835.66
DEBUG:root:Running through columns: 24.36196.1835.66
DEBUG:root:Running through columns: 24.39195.2735.21
DEBUG:root:Running through columns: 24.42194.8135.21
DEBUG:root:Running through columns: 24.46193.9034.76
DEBUG:root:Running through columns: 24.49193.4434.76
DEBUG:root:Running through columns: 24.52191.6233.86
DEBUG:root:Running through columns: 24.56191.6233.86
DEBUG:root:Running through columns: 24.59191.1633.86
DEBUG:root:Running through columns: 24.62190.2533.41
DEBUG:root:Running through columns: 24.66189.3433.41
DEBUG:root:Running through columns: 24.69188.8833.41
DEBUG:root:Running through columns: 24.72187.0633.41
DEBUG:root:Running through columns: 24.76187.0633.41
DEBUG:root:Running through columns: 24.79186.1433.41
DEBUG:root:Running through columns: 24.82185.2333.41
DEBUG:root:Running through columns: 24.86184.3233.41
DEBUG:root:Running through columns: 24.89183.8633.41
DEBUG:root:Running through columns: 24.92182.9533.86
DEBUG:root:Running through columns: 24.96182.9533.86
DEBUG:root:Running through columns: 24.99182.0433.86
DEBUG:root:Running through columns: 25.03181.5833.86
DEBUG:root:Running through columns: 25.06180.6733.86
DEBUG:root:Running through columns: 25.09179.3034.31
DEBUG:root:Running through columns: 25.13177.4734.31
DEBUG:root:Running through columns: 25.16177.9334.31
DEBUG:root:Running through columns: 25.19177.4734.31
DEBUG:root:Running through columns: 25.23176.1134.76
DEBUG:root:Running through columns: 25.26175.6534.76
DEBUG:root:Running through columns: 25.29174.7435.21
DEBUG:root:Running through columns: 25.33173.8235.66
DEBUG:root:Running through columns: 25.36173.8235.66
DEBUG:root:Running through columns: 25.39172.9136.12
DEBUG:root:Running through columns: 25.43172.9136.12
DEBUG:root:Running through columns: 25.46172.4636.57
DEBUG:root:Running through columns: 25.49172.0036.57
DEBUG:root:Running through columns: 25.53171.5437.02
DEBUG:root:Running through columns: 25.56171.5437.02
DEBUG:root:Running through columns: 25.59171.5437.47
DEBUG:root:Running through columns: 25.63171.0937.47
DEBUG:root:Running through columns: 25.66171.0937.92
DEBUG:root:Running through columns: 25.69170.6337.92
DEBUG:root:Running through columns: 25.73171.0938.82
DEBUG:root:Running through columns: 25.76171.0938.82
DEBUG:root:Running through columns: 25.79170.6338.82
DEBUG:root:Running through columns: 25.83170.6339.28
DEBUG:root:Running through columns: 25.86170.6339.73
DEBUG:root:Running through columns: 25.89170.6340.18
DEBUG:root:Running through columns: 25.93169.7240.63
DEBUG:root:Running through columns: 25.96169.7240.63
DEBUG:root:Running through columns: 25.99169.7240.63
DEBUG:root:Running through columns: 26.03169.2641.08
DEBUG:root:Running through columns: 26.06168.8141.08
DEBUG:root:Running through columns: 26.09168.3541.53
DEBUG:root:Running through columns: 26.13167.8941.98
DEBUG:root:Running through columns: 26.16167.4441.98
DEBUG:root:Running through columns: 26.19166.9842.44
DEBUG:root:Running through columns: 26.23166.9842.44
DEBUG:root:Running through columns: 26.26166.0742.89
DEBUG:root:Running through columns: 26.29166.0743.34
DEBUG:root:Running through columns: 26.33165.1643.79
DEBUG:root:Running through columns: 26.36165.1643.79
DEBUG:root:Running through columns: 26.39164.2443.79
DEBUG:root:Running through columns: 26.43164.2444.24
DEBUG:root:Running through columns: 26.46163.3344.69
DEBUG:root:Running through columns: 26.49162.8844.69
DEBUG:root:Running through columns: 26.53161.5145.14
DEBUG:root:Running through columns: 26.56161.5145.14
DEBUG:root:Running through columns: 26.59161.0545.60
DEBUG:root:Running through columns: 26.63160.1445.60
DEBUG:root:Running through columns: 26.66159.2346.05
DEBUG:root:Running through columns: 26.69158.7746.05
DEBUG:root:Running through columns: 26.73157.4046.50
DEBUG:root:Running through columns: 26.76156.4946.95
DEBUG:root:Running through columns: 26.79156.4946.95
DEBUG:root:Running through columns: 26.83156.0346.95
DEBUG:root:Running through columns: 26.86155.1246.95
DEBUG:root:Running through columns: 26.89154.2147.40
DEBUG:root:Running through columns: 26.93153.2947.40
DEBUG:root:Running through columns: 26.96152.3847.85
DEBUG:root:Running through columns: 26.99152.8447.85
DEBUG:root:Running through columns: 27.03151.9347.85
DEBUG:root:Running through columns: 27.06151.4748.30
DEBUG:root:Running through columns: 27.09150.5648.30
DEBUG:root:Running through columns: 27.13149.1948.76
DEBUG:root:Running through columns: 27.16148.7348.76
DEBUG:root:Running through columns: 27.19148.7348.76
DEBUG:root:Running through columns: 27.23148.2849.21
DEBUG:root:Running through columns: 27.26147.8249.21
DEBUG:root:Running through columns: 27.29146.9149.66
DEBUG:root:Running through columns: 27.33145.9950.11
DEBUG:root:Running through columns: 27.36145.5450.56
DEBUG:root:Running through columns: 27.39145.5450.56
DEBUG:root:Running through columns: 27.43145.0850.56
DEBUG:root:Running through columns: 27.46144.6351.01
DEBUG:root:Running through columns: 27.49144.1751.46
DEBUG:root:Running through columns: 27.53142.8051.92
DEBUG:root:Running through columns: 27.56142.3452.37
DEBUG:root:Running through columns: 27.59142.3452.37
DEBUG:root:Running through columns: 27.63141.8952.82
DEBUG:root:Running through columns: 27.66141.4353.27
DEBUG:root:Running through columns: 27.69140.9853.72
DEBUG:root:Running through columns: 27.73140.0654.62
DEBUG:root:Running through columns: 27.76139.1555.08
DEBUG:root:Running through columns: 27.79139.1555.08
DEBUG:root:Running through columns: 27.83139.1555.08
DEBUG:root:Running through columns: 27.86138.6955.53
DEBUG:root:Running through columns: 27.89138.2455.98
DEBUG:root:Running through columns: 27.93137.7856.88
DEBUG:root:Running through columns: 27.96137.3357.33
DEBUG:root:Running through columns: 27.99137.3357.33
DEBUG:root:Running through columns: 28.03136.8757.78
DEBUG:root:Running through columns: 28.06136.8758.69
DEBUG:root:Running through columns: 28.09136.4158.69
DEBUG:root:Running through columns: 28.13135.5060.04
DEBUG:root:Running through columns: 28.16135.5060.49
DEBUG:root:Running through columns: 28.19135.5060.49
DEBUG:root:Running through columns: 28.23135.0560.94
DEBUG:root:Running through columns: 28.26135.0561.40
DEBUG:root:Running through columns: 28.29134.5961.85
DEBUG:root:Running through columns: 28.33134.1362.30
DEBUG:root:Running through columns: 28.36133.6863.20
DEBUG:root:Running through columns: 28.40133.6863.20
DEBUG:root:Running through columns: 28.43133.6863.65
DEBUG:root:Running through columns: 28.46133.2264.10
DEBUG:root:Running through columns: 28.50133.2264.10
DEBUG:root:Running through columns: 28.53132.7665.01
DEBUG:root:Running through columns: 28.56133.2265.01
DEBUG:root:Running through columns: 28.60133.2265.01
DEBUG:root:Running through columns: 28.63133.2265.46
DEBUG:root:Running through columns: 28.66133.2265.91
DEBUG:root:Running through columns: 28.70132.7666.36
DEBUG:root:Running through columns: 28.73132.7666.81
DEBUG:root:Running through columns: 28.76132.7667.27
DEBUG:root:Running through columns: 28.80132.7667.27
DEBUG:root:Running through columns: 28.83132.7667.72
DEBUG:root:Running through columns: 28.86132.7668.17
DEBUG:root:Running through columns: 28.90132.3168.62
DEBUG:root:Running through columns: 28.93132.7669.07
DEBUG:root:Running through columns: 28.96132.3169.52
DEBUG:root:Running through columns: 29.00132.3169.52
DEBUG:root:Running through columns: 29.03132.3169.97
DEBUG:root:Running through columns: 29.06132.3169.97
DEBUG:root:Running through columns: 29.10132.3170.43
DEBUG:root:Running through columns: 29.13132.3171.78
DEBUG:root:Running through columns: 29.16132.3172.23
DEBUG:root:Running through columns: 29.20132.3172.23
DEBUG:root:Running through columns: 29.23132.3172.23
DEBUG:root:Running through columns: 29.26131.8573.13
DEBUG:root:Running through columns: 29.30131.8573.59
DEBUG:root:Running through columns: 29.33131.4074.94
DEBUG:root:Running through columns: 29.36131.4075.84
DEBUG:root:Running through columns: 29.40131.4075.84
DEBUG:root:Running through columns: 29.43130.9477.20
DEBUG:root:Running through columns: 29.46130.4878.10
DEBUG:root:Running through columns: 29.50130.4879.00
DEBUG:root:Running through columns: 29.53130.0379.45
DEBUG:root:Running through columns: 29.56130.0380.36
DEBUG:root:Running through columns: 29.60130.0380.36
DEBUG:root:Running through columns: 29.63129.5780.81
DEBUG:root:Running through columns: 29.66129.1182.16
DEBUG:root:Running through columns: 29.70129.1183.07
DEBUG:root:Running through columns: 29.73128.6683.97
DEBUG:root:Running through columns: 29.76128.2085.32
DEBUG:root:Running through columns: 29.80128.2085.32
DEBUG:root:Running through columns: 29.83128.2085.77
DEBUG:root:Running through columns: 29.86127.7586.68
DEBUG:root:Running through columns: 29.90127.2987.13
DEBUG:root:Running through columns: 29.93126.8388.93
DEBUG:root:Running through columns: 29.96126.3889.84
DEBUG:root:Running through columns: 30.00126.3889.84
DEBUG:root:Running through columns: 30.03126.3890.29
DEBUG:root:Running through columns: 30.06125.9291.19
DEBUG:root:Running through columns: 30.10125.4692.09
DEBUG:root:Running through columns: 30.13125.0193.45
DEBUG:root:Running through columns: 30.16124.5593.90
DEBUG:root:Running through columns: 30.20124.5593.90
DEBUG:root:Running through columns: 30.23124.1094.35
DEBUG:root:Running through columns: 30.26124.1094.80
DEBUG:root:Running through columns: 30.30123.6495.25
DEBUG:root:Running through columns: 30.33122.7396.61
DEBUG:root:Running through columns: 30.36122.2797.06
DEBUG:root:Running through columns: 30.40122.2797.06
DEBUG:root:Running through columns: 30.43121.8197.96
DEBUG:root:Running through columns: 30.46121.3698.41
DEBUG:root:Running through columns: 30.50120.9099.32
DEBUG:root:Running through columns: 30.53120.45100.67
DEBUG:root:Running through columns: 30.56120.45101.12
DEBUG:root:Running through columns: 30.60120.45101.12
DEBUG:root:Running through columns: 30.63119.99101.57
DEBUG:root:Running through columns: 30.66119.99102.03
DEBUG:root:Running through columns: 30.70119.99102.48
DEBUG:root:Running through columns: 30.73119.53103.38
DEBUG:root:Running through columns: 30.76119.53104.73
DEBUG:root:Running through columns: 30.80119.53104.73
DEBUG:root:Running through columns: 30.83119.53105.19
DEBUG:root:Running through columns: 30.86119.08105.64
DEBUG:root:Running through columns: 30.90119.08106.54
DEBUG:root:Running through columns: 30.93118.62107.90
DEBUG:root:Running through columns: 30.96118.62108.35
DEBUG:root:Running through columns: 31.00118.62108.35
DEBUG:root:Running through columns: 31.03118.62109.25
DEBUG:root:Running through columns: 31.06118.62109.70
DEBUG:root:Running through columns: 31.10118.62110.60
DEBUG:root:Running through columns: 31.13118.62112.41
DEBUG:root:Running through columns: 31.16118.16113.31
DEBUG:root:Running through columns: 31.20118.16113.31
DEBUG:root:Running through columns: 31.23118.16113.76
DEBUG:root:Running through columns: 31.26118.62114.22
DEBUG:root:Running through columns: 31.30118.62115.57
DEBUG:root:Running through columns: 31.33118.62117.38
DEBUG:root:Running through columns: 31.36118.62118.28
DEBUG:root:Running through columns: 31.40118.62118.28
DEBUG:root:Running through columns: 31.43118.62119.18
DEBUG:root:Running through columns: 31.46119.08120.08
DEBUG:root:Running through columns: 31.50119.08120.99
DEBUG:root:Running through columns: 31.53119.08122.34
DEBUG:root:Running through columns: 31.56119.08123.24
DEBUG:root:Running through columns: 31.60119.08123.24
DEBUG:root:Running through columns: 31.63119.08124.15
DEBUG:root:Running through columns: 31.66119.08124.60
DEBUG:root:Running through columns: 31.70119.08125.50
DEBUG:root:Running through columns: 31.73119.08126.40
DEBUG:root:Running through columns: 31.77119.08126.86
DEBUG:root:Running through columns: 31.80119.08126.86
DEBUG:root:Running through columns: 31.83119.08127.76
DEBUG:root:Running through columns: 31.87119.53127.76
DEBUG:root:Running through columns: 31.90119.53128.21
DEBUG:root:Running through columns: 31.93119.99129.11
DEBUG:root:Running through columns: 31.97119.99129.56
DEBUG:root:Running through columns: 32.00119.99129.56
DEBUG:root:Running through columns: 32.03120.45129.56
DEBUG:root:Running through columns: 32.07120.45130.02
DEBUG:root:Running through columns: 32.10120.90130.47
DEBUG:root:Running through columns: 32.13121.36131.37
DEBUG:root:Running through columns: 32.17121.36131.82
DEBUG:root:Running through columns: 32.20121.81132.27
DEBUG:root:Running through columns: 32.23121.81132.27
DEBUG:root:Running through columns: 32.27122.27132.27
DEBUG:root:Running through columns: 32.30122.27132.72
DEBUG:root:Running through columns: 32.33123.18133.63
DEBUG:root:Running through columns: 32.37123.18133.63
DEBUG:root:Running through columns: 32.40123.18133.63
DEBUG:root:Running through columns: 32.43123.18133.63
DEBUG:root:Running through columns: 32.47123.64134.08
DEBUG:root:Running through columns: 32.50123.64134.53
DEBUG:root:Running through columns: 32.53124.55135.43
DEBUG:root:Running through columns: 32.57125.01135.88
DEBUG:root:Running through columns: 32.60125.46135.88
DEBUG:root:Running through columns: 32.63125.46135.88
DEBUG:root:Running through columns: 32.67125.92136.34
DEBUG:root:Running through columns: 32.70125.92136.79
DEBUG:root:Running through columns: 32.73126.83137.24
DEBUG:root:Running through columns: 32.77127.29137.69
DEBUG:root:Running through columns: 32.80128.20137.69
DEBUG:root:Running through columns: 32.83128.20137.69
DEBUG:root:Running through columns: 32.87128.66138.14
DEBUG:root:Running through columns: 32.90129.11138.59
DEBUG:root:Running through columns: 32.93130.48139.50
DEBUG:root:Running through columns: 32.97130.94139.50
DEBUG:root:Running through columns: 33.00130.94139.95
DEBUG:root:Running through columns: 33.03130.94139.95
DEBUG:root:Running through columns: 33.07131.85140.40
DEBUG:root:Running through columns: 33.10132.31140.85
DEBUG:root:Running through columns: 33.13133.68141.30
DEBUG:root:Running through columns: 33.17134.13141.75
DEBUG:root:Running through columns: 33.20135.05142.20
DEBUG:root:Running through columns: 33.23135.05142.20
DEBUG:root:Running through columns: 33.27135.50142.66
DEBUG:root:Running through columns: 33.30135.96143.11
DEBUG:root:Running through columns: 33.33137.33144.46
DEBUG:root:Running through columns: 33.37138.24145.36
DEBUG:root:Running through columns: 33.40138.69145.82
DEBUG:root:Running through columns: 33.43138.69145.82
DEBUG:root:Running through columns: 33.47139.15146.27
DEBUG:root:Running through columns: 33.50140.06147.17
DEBUG:root:Running through columns: 33.53140.98148.07
DEBUG:root:Running through columns: 33.57141.89148.98
DEBUG:root:Running through columns: 33.60142.34149.88
DEBUG:root:Running through columns: 33.63142.34149.88
DEBUG:root:Running through columns: 33.67142.80150.33
DEBUG:root:Running through columns: 33.70143.26151.23
DEBUG:root:Running through columns: 33.73144.63152.59
DEBUG:root:Running through columns: 33.77145.08153.04
DEBUG:root:Running through columns: 33.80145.99153.94
DEBUG:root:Running through columns: 33.83145.99153.94
DEBUG:root:Running through columns: 33.87146.45154.85
DEBUG:root:Running through columns: 33.90147.36155.75
DEBUG:root:Running through columns: 33.93148.73156.65
DEBUG:root:Running through columns: 33.97149.19157.55
DEBUG:root:Running through columns: 34.00150.10158.01
DEBUG:root:Running through columns: 34.03150.10158.01
DEBUG:root:Running through columns: 34.07150.56158.91
DEBUG:root:Running through columns: 34.10151.47159.36
DEBUG:root:Running through columns: 34.13152.84161.17
DEBUG:root:Running through columns: 34.17153.75162.07
DEBUG:root:Running through columns: 34.20154.21162.97
DEBUG:root:Running through columns: 34.23154.21162.97
DEBUG:root:Running through columns: 34.27155.12163.87
DEBUG:root:Running through columns: 34.30155.58164.33
DEBUG:root:Running through columns: 34.33157.40166.13
DEBUG:root:Running through columns: 34.37158.31167.49
DEBUG:root:Running through columns: 34.40158.77168.39
DEBUG:root:Running through columns: 34.43158.77168.39
DEBUG:root:Running through columns: 34.47159.68169.29
DEBUG:root:Running through columns: 34.50160.59170.19
DEBUG:root:Running through columns: 34.53161.96171.55
DEBUG:root:Running through columns: 34.57162.88172.90
DEBUG:root:Running through columns: 34.60163.33173.81
DEBUG:root:Running through columns: 34.63163.33173.81
DEBUG:root:Running through columns: 34.67164.24174.71
DEBUG:root:Running through columns: 34.70164.70175.61
DEBUG:root:Running through columns: 34.73166.07177.87
DEBUG:root:Running through columns: 34.77166.53178.77
DEBUG:root:Running through columns: 34.80166.98179.22
DEBUG:root:Running through columns: 34.83166.98179.22
DEBUG:root:Running through columns: 34.87167.89180.13
DEBUG:root:Running through columns: 34.90168.35181.03
DEBUG:root:Running through columns: 34.93169.72183.29
DEBUG:root:Running through columns: 34.97170.18184.19
DEBUG:root:Running through columns: 35.00170.63184.64
DEBUG:root:Running through columns: 35.03170.63184.64
DEBUG:root:Running through columns: 35.07171.09185.54
DEBUG:root:Running through columns: 35.10171.54186.45
DEBUG:root:Running through columns: 35.14172.46187.80
DEBUG:root:Running through columns: 35.17172.91188.25
DEBUG:root:Running through columns: 35.20173.37188.70
DEBUG:root:Running through columns: 35.24173.37188.70
DEBUG:root:Running through columns: 35.27174.28189.15
DEBUG:root:Running through columns: 35.30174.74189.61
DEBUG:root:Running through columns: 35.34175.65190.51
DEBUG:root:Running through columns: 35.37175.65190.96
DEBUG:root:Running through columns: 35.40176.11191.41
DEBUG:root:Running through columns: 35.44176.11191.41
DEBUG:root:Running through columns: 35.47176.56191.41
DEBUG:root:Running through columns: 35.50177.02191.86
DEBUG:root:Running through columns: 35.54177.93192.31
DEBUG:root:Running through columns: 35.57178.84192.31
DEBUG:root:Running through columns: 35.60178.84192.31
DEBUG:root:Running through columns: 35.64178.84192.31
DEBUG:root:Running through columns: 35.67179.76192.77
DEBUG:root:Running through columns: 35.70180.21192.77
DEBUG:root:Running through columns: 35.74180.67192.77
DEBUG:root:Running through columns: 35.77181.12193.22
DEBUG:root:Running through columns: 35.80181.58193.22
DEBUG:root:Running through columns: 35.84181.58193.22
DEBUG:root:Running through columns: 35.87181.58193.22
DEBUG:root:Running through columns: 35.90182.04193.22
DEBUG:root:Running through columns: 35.94182.95193.22
DEBUG:root:Running through columns: 35.97182.95193.22
DEBUG:root:Running through columns: 36.00183.41193.22
DEBUG:root:Running through columns: 36.04183.41193.22
DEBUG:root:Running through columns: 36.07183.86193.22
DEBUG:root:Running through columns: 36.10183.86193.22
DEBUG:root:Running through columns: 36.14184.77193.22
DEBUG:root:Running through columns: 36.17185.23193.22
DEBUG:root:Running through columns: 36.20185.69193.22
DEBUG:root:Running through columns: 36.24185.69193.22
DEBUG:root:Running through columns: 36.27185.69193.22
DEBUG:root:Running through columns: 36.30186.14193.22
DEBUG:root:Running through columns: 36.34186.60192.77
DEBUG:root:Running through columns: 36.37187.06192.77
DEBUG:root:Running through columns: 36.40187.51192.77
DEBUG:root:Running through columns: 36.44187.51192.77
DEBUG:root:Running through columns: 36.47187.51192.77
DEBUG:root:Running through columns: 36.50187.97192.77
DEBUG:root:Running through columns: 36.54187.97192.77
DEBUG:root:Running through columns: 36.57188.42192.31
DEBUG:root:Running through columns: 36.60188.88192.31
DEBUG:root:Running through columns: 36.64188.88192.31
DEBUG:root:Running through columns: 36.67188.88192.31
DEBUG:root:Running through columns: 36.70189.34192.31
DEBUG:root:Running through columns: 36.74190.25191.86
DEBUG:root:Running through columns: 36.77190.71191.41
DEBUG:root:Running through columns: 36.80191.16191.41
DEBUG:root:Running through columns: 36.84191.16191.41
DEBUG:root:Running through columns: 36.87191.16191.41
DEBUG:root:Running through columns: 36.90191.62190.96
DEBUG:root:Running through columns: 36.94192.53190.96
DEBUG:root:Running through columns: 36.97192.99190.51
DEBUG:root:Running through columns: 37.00193.44190.51
DEBUG:root:Running through columns: 37.04193.44190.51
DEBUG:root:Running through columns: 37.07193.90190.06
DEBUG:root:Running through columns: 37.10194.36190.06
DEBUG:root:Running through columns: 37.14195.72189.61
DEBUG:root:Running through columns: 37.17196.18189.15
DEBUG:root:Running through columns: 37.20196.64189.15
DEBUG:root:Running through columns: 37.24196.64189.15
DEBUG:root:Running through columns: 37.27197.55188.70
DEBUG:root:Running through columns: 37.30198.01188.70
DEBUG:root:Running through columns: 37.34198.92188.25
DEBUG:root:Running through columns: 37.37199.83187.80
DEBUG:root:Running through columns: 37.40200.29187.35
DEBUG:root:Running through columns: 37.44200.74186.90
DEBUG:root:Running through columns: 37.47200.74186.90
DEBUG:root:Running through columns: 37.50201.66186.90
DEBUG:root:Running through columns: 37.54203.02185.99
DEBUG:root:Running through columns: 37.57203.48185.99
DEBUG:root:Running through columns: 37.60204.39185.54
DEBUG:root:Running through columns: 37.64204.85185.09
DEBUG:root:Running through columns: 37.67204.85185.09
DEBUG:root:Running through columns: 37.70205.76185.09
DEBUG:root:Running through columns: 37.74206.67184.19
DEBUG:root:Running through columns: 37.77207.59184.19
DEBUG:root:Running through columns: 37.80208.50183.74
DEBUG:root:Running through columns: 37.84208.95183.29
DEBUG:root:Running through columns: 37.87208.95183.29
DEBUG:root:Running through columns: 37.90209.41182.83
DEBUG:root:Running through columns: 37.94211.69181.93
DEBUG:root:Running through columns: 37.97212.15181.48
DEBUG:root:Running through columns: 38.00212.60181.48
DEBUG:root:Running through columns: 38.04213.52181.03
DEBUG:root:Running through columns: 38.07213.52181.03
DEBUG:root:Running through columns: 38.10213.97180.58
DEBUG:root:Running through columns: 38.14215.80180.13
DEBUG:root:Running through columns: 38.17216.25179.67
DEBUG:root:Running through columns: 38.20216.71179.67
DEBUG:root:Running through columns: 38.24217.62179.22
DEBUG:root:Running through columns: 38.27217.62179.22
DEBUG:root:Running through columns: 38.30218.08179.22
DEBUG:root:Running through columns: 38.34219.45178.77
DEBUG:root:Running through columns: 38.37219.90178.32
DEBUG:root:Running through columns: 38.41220.36178.32
DEBUG:root:Running through columns: 38.44221.27177.87
DEBUG:root:Running through columns: 38.47221.27177.87
DEBUG:root:Running through columns: 38.51221.73177.87
DEBUG:root:Running through columns: 38.54223.55176.97
DEBUG:root:Running through columns: 38.57224.01176.51
DEBUG:root:Running through columns: 38.61224.47176.06
DEBUG:root:Running through columns: 38.64224.92175.61
DEBUG:root:Running through columns: 38.67224.92175.61
DEBUG:root:Running through columns: 38.71225.84175.16
DEBUG:root:Running through columns: 38.74226.75173.81
DEBUG:root:Running through columns: 38.77227.66173.35
DEBUG:root:Running through columns: 38.81228.12172.90
DEBUG:root:Running through columns: 38.84228.57172.00
DEBUG:root:Running through columns: 38.87228.57172.00
DEBUG:root:Running through columns: 38.91229.03171.55
DEBUG:root:Running through columns: 38.94230.85169.74
DEBUG:root:Running through columns: 38.97231.31168.84
DEBUG:root:Running through columns: 39.01231.77168.84
DEBUG:root:Running through columns: 39.04232.68167.49
DEBUG:root:Running through columns: 39.07232.68167.49
DEBUG:root:Running through columns: 39.11233.59166.58
DEBUG:root:Running through columns: 39.14234.50165.68
DEBUG:root:Running through columns: 39.17234.96164.78
DEBUG:root:Running through columns: 39.21235.87163.87
DEBUG:root:Running through columns: 39.24236.33163.42
DEBUG:root:Running through columns: 39.27236.33163.42
DEBUG:root:Running through columns: 39.31237.24162.52
DEBUG:root:Running through columns: 39.34238.61161.17
DEBUG:root:Running through columns: 39.37239.07160.71
DEBUG:root:Running through columns: 39.41239.52160.26
DEBUG:root:Running through columns: 39.44239.98159.36
DEBUG:root:Running through columns: 39.47239.98159.36
DEBUG:root:Running through columns: 39.51240.89158.91
DEBUG:root:Running through columns: 39.54241.80158.01
DEBUG:root:Running through columns: 39.57242.72157.55
DEBUG:root:Running through columns: 39.61243.63156.65
DEBUG:root:Running through columns: 39.64244.08156.20
DEBUG:root:Running through columns: 39.67244.08156.20
DEBUG:root:Running through columns: 39.71244.54155.75
DEBUG:root:Running through columns: 39.74245.45155.30
DEBUG:root:Running through columns: 39.77246.37154.39
DEBUG:root:Running through columns: 39.81246.82154.39
DEBUG:root:Running through columns: 39.84247.28153.94
DEBUG:root:Running through columns: 39.87247.28153.94
DEBUG:root:Running through columns: 39.91248.19153.49
DEBUG:root:Running through columns: 39.94249.10152.59
DEBUG:root:Running through columns: 39.97249.56152.14
DEBUG:root:Running through columns: 40.01250.47151.69
DEBUG:root:Running through columns: 40.04250.47151.69
DEBUG:root:Running through columns: 40.07250.47151.69
DEBUG:root:Running through columns: 40.11251.38151.23
DEBUG:root:Running through columns: 40.14252.30150.33
DEBUG:root:Running through columns: 40.17252.75150.33
DEBUG:root:Running through columns: 40.21253.21149.88
DEBUG:root:Running through columns: 40.24253.67149.43
DEBUG:root:Running through columns: 40.27253.67149.43
DEBUG:root:Running through columns: 40.31254.12149.43
DEBUG:root:Running through columns: 40.34255.03148.52
DEBUG:root:Running through columns: 40.37255.95148.52
DEBUG:root:Running through columns: 40.41256.40148.07
DEBUG:root:Running through columns: 40.44256.86147.62
DEBUG:root:Running through columns: 40.47256.86147.62
DEBUG:root:Running through columns: 40.51257.32147.17
DEBUG:root:Running through columns: 40.54258.23146.72
DEBUG:root:Running through columns: 40.57258.23146.72
DEBUG:root:Running through columns: 40.61258.68146.27
DEBUG:root:Running through columns: 40.64259.14145.82
DEBUG:root:Running through columns: 40.67259.14145.82
DEBUG:root:Running through columns: 40.71259.60145.82
DEBUG:root:Running through columns: 40.74260.05145.36
DEBUG:root:Running through columns: 40.77260.51145.36
DEBUG:root:Running through columns: 40.81260.51144.91
DEBUG:root:Running through columns: 40.84260.97144.46
DEBUG:root:Running through columns: 40.87260.97144.46
DEBUG:root:Running through columns: 40.91261.42144.46
DEBUG:root:Running through columns: 40.94262.33143.56
DEBUG:root:Running through columns: 40.97262.33143.56
DEBUG:root:Running through columns: 41.01262.79143.11
DEBUG:root:Running through columns: 41.04262.79143.11
DEBUG:root:Running through columns: 41.07262.79143.11
DEBUG:root:Running through columns: 41.11263.25142.66
DEBUG:root:Running through columns: 41.14264.16142.20
DEBUG:root:Running through columns: 41.17264.16142.20
DEBUG:root:Running through columns: 41.21264.62141.75
DEBUG:root:Running through columns: 41.24265.07141.30
DEBUG:root:Running through columns: 41.27265.07141.30
DEBUG:root:Running through columns: 41.31265.53140.85
DEBUG:root:Running through columns: 41.34265.98140.40
DEBUG:root:Running through columns: 41.37266.44140.40
DEBUG:root:Running through columns: 41.41266.90139.95
DEBUG:root:Running through columns: 41.44266.90139.95
DEBUG:root:Running through columns: 41.47266.90139.95
DEBUG:root:Running through columns: 41.51267.35139.50
DEBUG:root:Running through columns: 41.54267.35139.04
DEBUG:root:Running through columns: 41.57267.81138.59
DEBUG:root:Running through columns: 41.61268.27138.14
DEBUG:root:Running through columns: 41.64268.27138.14
DEBUG:root:Running through columns: 41.67268.27138.14
DEBUG:root:Running through columns: 41.71268.27137.24
DEBUG:root:Running through columns: 41.74268.72136.34
DEBUG:root:Running through columns: 41.78269.18136.34
DEBUG:root:Running through columns: 41.81269.18135.43
DEBUG:root:Running through columns: 41.84269.18134.98
DEBUG:root:Running through columns: 41.88269.18134.98
DEBUG:root:Running through columns: 41.91269.63134.53
DEBUG:root:Running through columns: 41.94269.63133.18
DEBUG:root:Running through columns: 41.98270.09132.27
DEBUG:root:Running through columns: 42.01270.09131.82
DEBUG:root:Running through columns: 42.04270.09130.92
DEBUG:root:Running through columns: 42.08270.09130.92
DEBUG:root:Running through columns: 42.11270.55130.47
DEBUG:root:Running through columns: 42.14270.55129.11
DEBUG:root:Running through columns: 42.18271.00128.66
DEBUG:root:Running through columns: 42.21271.00127.76
DEBUG:root:Running through columns: 42.24271.00127.31
DEBUG:root:Running through columns: 42.28271.00127.31
DEBUG:root:Running through columns: 42.31271.46126.86
DEBUG:root:Running through columns: 42.34271.46125.50
DEBUG:root:Running through columns: 42.38271.92124.60
DEBUG:root:Running through columns: 42.41271.92124.60
DEBUG:root:Running through columns: 42.44271.92124.15
DEBUG:root:Running through columns: 42.48271.92124.15
DEBUG:root:Running through columns: 42.51271.92123.70
DEBUG:root:Running through columns: 42.54272.83122.34
DEBUG:root:Running through columns: 42.58272.83121.44
DEBUG:root:Running through columns: 42.61273.28120.99
DEBUG:root:Running through columns: 42.64273.28120.08
DEBUG:root:Running through columns: 42.68273.28120.08
DEBUG:root:Running through columns: 42.71273.74119.63
DEBUG:root:Running through columns: 42.74274.20118.28
DEBUG:root:Running through columns: 42.78274.20118.28
DEBUG:root:Running through columns: 42.81274.20117.83
DEBUG:root:Running through columns: 42.84274.20117.38
DEBUG:root:Running through columns: 42.88274.20116.92
DEBUG:root:Running through columns: 42.91274.20116.92
DEBUG:root:Running through columns: 42.94274.20116.02
DEBUG:root:Running through columns: 42.98274.20116.02
DEBUG:root:Running through columns: 43.01274.20115.57
DEBUG:root:Running through columns: 43.04274.20115.12
DEBUG:root:Running through columns: 43.08274.20115.12
DEBUG:root:Running through columns: 43.11274.20115.12
DEBUG:root:Running through columns: 43.14274.20114.67
DEBUG:root:Running through columns: 43.18274.20114.22
DEBUG:root:Running through columns: 43.21274.20114.22
DEBUG:root:Running through columns: 43.24273.74113.76
DEBUG:root:Running through columns: 43.28274.20113.31
DEBUG:root:Running through columns: 43.31274.20113.31
DEBUG:root:Running through columns: 43.34273.74112.86
DEBUG:root:Running through columns: 43.38273.74112.86
DEBUG:root:Running through columns: 43.41273.74112.86
DEBUG:root:Running through columns: 43.44273.28112.41
DEBUG:root:Running through columns: 43.48273.28112.41
DEBUG:root:Running through columns: 43.51273.28112.41
DEBUG:root:Running through columns: 43.54273.28111.96
DEBUG:root:Running through columns: 43.58273.28111.96
DEBUG:root:Running through columns: 43.61273.28111.51
DEBUG:root:Running through columns: 43.64273.28111.51
DEBUG:root:Running through columns: 43.68273.28111.06
DEBUG:root:Running through columns: 43.71273.28111.06
DEBUG:root:Running through columns: 43.74273.28110.15
DEBUG:root:Running through columns: 43.78273.28110.15
DEBUG:root:Running through columns: 43.81273.28109.70
DEBUG:root:Running through columns: 43.84273.28109.25
DEBUG:root:Running through columns: 43.88273.28108.80
DEBUG:root:Running through columns: 43.91273.28108.80
DEBUG:root:Running through columns: 43.94272.83108.35
DEBUG:root:Running through columns: 43.98272.83108.35
DEBUG:root:Running through columns: 44.01272.83108.80
DEBUG:root:Running through columns: 44.04272.83108.80
DEBUG:root:Running through columns: 44.08272.83107.90
DEBUG:root:Running through columns: 44.11272.83107.90
DEBUG:root:Running through columns: 44.14272.83107.44
DEBUG:root:Running through columns: 44.18272.83107.44
DEBUG:root:Running through columns: 44.21272.83107.44
DEBUG:root:Running through columns: 44.24272.37106.99
DEBUG:root:Running through columns: 44.28272.37106.99
DEBUG:root:Running through columns: 44.31272.37106.99
DEBUG:root:Running through columns: 44.34271.92106.09
DEBUG:root:Running through columns: 44.38271.92105.64
DEBUG:root:Running through columns: 44.41271.46105.64
DEBUG:root:Running through columns: 44.44271.46105.19
DEBUG:root:Running through columns: 44.48271.00104.73
DEBUG:root:Running through columns: 44.51271.00104.73
DEBUG:root:Running through columns: 44.54270.55103.38
DEBUG:root:Running through columns: 44.58270.09102.93
DEBUG:root:Running through columns: 44.61270.09102.48
DEBUG:root:Running through columns: 44.64269.63101.57
DEBUG:root:Running through columns: 44.68269.18101.57
DEBUG:root:Running through columns: 44.71269.18101.57
DEBUG:root:Running through columns: 44.74268.72100.22
DEBUG:root:Running through columns: 44.78268.2799.77
DEBUG:root:Running through columns: 44.81268.2798.87
DEBUG:root:Running through columns: 44.84267.8198.41
DEBUG:root:Running through columns: 44.88267.3597.51
DEBUG:root:Running through columns: 44.91267.3597.51
DEBUG:root:Running through columns: 44.94266.9096.16
DEBUG:root:Running through columns: 44.98266.4495.71
DEBUG:root:Running through columns: 45.01265.9895.25
DEBUG:root:Running through columns: 45.05265.9894.35
DEBUG:root:Running through columns: 45.08265.5393.45
DEBUG:root:Running through columns: 45.11265.5393.45
DEBUG:root:Running through columns: 45.15265.0792.09
DEBUG:root:Running through columns: 45.18264.6291.19
DEBUG:root:Running through columns: 45.21264.1690.74
DEBUG:root:Running through columns: 45.25264.1690.29
DEBUG:root:Running through columns: 45.28263.7089.39
DEBUG:root:Running through columns: 45.31263.7089.39
DEBUG:root:Running through columns: 45.35263.2588.03
DEBUG:root:Running through columns: 45.38262.7987.58
DEBUG:root:Running through columns: 45.41262.7987.13
DEBUG:root:Running through columns: 45.45262.3386.68
DEBUG:root:Running through columns: 45.48262.3385.77
DEBUG:root:Running through columns: 45.51262.3385.77
DEBUG:root:Running through columns: 45.55261.4284.42
DEBUG:root:Running through columns: 45.58260.9783.97
DEBUG:root:Running through columns: 45.61260.5183.07
DEBUG:root:Running through columns: 45.65260.0582.16
DEBUG:root:Running through columns: 45.68259.6081.71
DEBUG:root:Running through columns: 45.71259.6081.71
DEBUG:root:Running through columns: 45.75258.6879.91
DEBUG:root:Running through columns: 45.78258.6879.45
DEBUG:root:Running through columns: 45.81258.2379.00
DEBUG:root:Running through columns: 45.85257.7778.10
DEBUG:root:Running through columns: 45.88257.3277.20
DEBUG:root:Running through columns: 45.91257.3277.20
DEBUG:root:Running through columns: 45.95256.4075.84
DEBUG:root:Running through columns: 45.98255.9575.39
DEBUG:root:Running through columns: 46.01255.4974.49
DEBUG:root:Running through columns: 46.05255.0374.04
DEBUG:root:Running through columns: 46.08254.5873.13
DEBUG:root:Running through columns: 46.11254.5873.13
DEBUG:root:Running through columns: 46.15254.1271.78
DEBUG:root:Running through columns: 46.18253.6771.33
DEBUG:root:Running through columns: 46.21253.2170.43
DEBUG:root:Running through columns: 46.25252.7569.97
DEBUG:root:Running through columns: 46.28252.7569.52
DEBUG:root:Running through columns: 46.31252.7569.52
DEBUG:root:Running through columns: 46.35251.8468.17
DEBUG:root:Running through columns: 46.38251.3867.27
DEBUG:root:Running through columns: 46.41250.9366.81
DEBUG:root:Running through columns: 46.45250.4765.91
DEBUG:root:Running through columns: 46.48250.0265.46
DEBUG:root:Running through columns: 46.51250.0265.46
DEBUG:root:Running through columns: 46.55249.1065.01
DEBUG:root:Running through columns: 46.58249.1064.56
DEBUG:root:Running through columns: 46.61248.6564.10
DEBUG:root:Running through columns: 46.65248.1963.65
DEBUG:root:Running through columns: 46.68247.2863.65
DEBUG:root:Running through columns: 46.71247.2863.65
DEBUG:root:Running through columns: 46.75246.3762.75
DEBUG:root:Running through columns: 46.78245.4562.75
DEBUG:root:Running through columns: 46.81245.0062.30
DEBUG:root:Running through columns: 46.85244.5462.30
DEBUG:root:Running through columns: 46.88243.6361.85
DEBUG:root:Running through columns: 46.91243.6361.85
DEBUG:root:Running through columns: 46.95242.2661.85
DEBUG:root:Running through columns: 46.98241.3561.85
DEBUG:root:Running through columns: 47.01240.8961.85
DEBUG:root:Running through columns: 47.05239.9861.85
DEBUG:root:Running through columns: 47.08239.5261.40
DEBUG:root:Running through columns: 47.11239.5261.40
DEBUG:root:Running through columns: 47.15237.7061.40
DEBUG:root:Running through columns: 47.18236.7961.40
DEBUG:root:Running through columns: 47.21235.8761.40
DEBUG:root:Running through columns: 47.25234.9661.40
DEBUG:root:Running through columns: 47.28234.0561.40
DEBUG:root:Running through columns: 47.31234.0561.40
DEBUG:root:Running through columns: 47.35232.2261.40
DEBUG:root:Running through columns: 47.38231.3161.85
DEBUG:root:Running through columns: 47.41230.4061.85
DEBUG:root:Running through columns: 47.45229.4961.85
DEBUG:root:Running through columns: 47.48228.1261.85
DEBUG:root:Running through columns: 47.51228.1261.85
DEBUG:root:Running through columns: 47.55226.7561.85
DEBUG:root:Running through columns: 47.58225.3861.85
DEBUG:root:Running through columns: 47.61224.9262.30
DEBUG:root:Running through columns: 47.65223.5562.30
DEBUG:root:Running through columns: 47.68222.6462.30
DEBUG:root:Running through columns: 47.71222.6462.30
DEBUG:root:Running through columns: 47.75220.3662.30
DEBUG:root:Running through columns: 47.78219.4562.30
DEBUG:root:Running through columns: 47.81218.5462.75
DEBUG:root:Running through columns: 47.85217.6262.75
DEBUG:root:Running through columns: 47.88216.2562.75
DEBUG:root:Running through columns: 47.91216.2562.75
DEBUG:root:Running through columns: 47.95214.4362.75
DEBUG:root:Running through columns: 47.98213.0663.20
DEBUG:root:Running through columns: 48.01212.1563.20
DEBUG:root:Running through columns: 48.05210.7863.20
DEBUG:root:Running through columns: 48.08209.8763.20
DEBUG:root:Running through columns: 48.11208.0463.20
DEBUG:root:Running through columns: 48.15208.0463.20
DEBUG:root:Running through columns: 48.18206.6763.20
DEBUG:root:Running through columns: 48.21205.7663.20
DEBUG:root:Running through columns: 48.25204.3963.20
DEBUG:root:Running through columns: 48.28203.0263.65
DEBUG:root:Running through columns: 48.31201.2063.65
DEBUG:root:Running through columns: 48.35201.2063.65
DEBUG:root:Running through columns: 48.38200.2963.65
DEBUG:root:Running through columns: 48.42199.3763.65
DEBUG:root:Running through columns: 48.45198.9263.65
DEBUG:root:Running through columns: 48.48197.5564.10
DEBUG:root:Running through columns: 48.52195.7264.56
DEBUG:root:Running through columns: 48.55195.7264.56
DEBUG:root:Running through columns: 48.58194.8164.56
DEBUG:root:Running through columns: 48.62193.9064.56
DEBUG:root:Running through columns: 48.65192.5365.01
DEBUG:root:Running through columns: 48.68192.0765.46
DEBUG:root:Running through columns: 48.72190.2566.36
DEBUG:root:Running through columns: 48.75190.2566.36
DEBUG:root:Running through columns: 48.78189.3467.27
DEBUG:root:Running through columns: 48.82188.4267.72
DEBUG:root:Running through columns: 48.85187.5168.17
DEBUG:root:Running through columns: 48.88186.6068.62
DEBUG:root:Running through columns: 48.92185.2369.97
DEBUG:root:Running through columns: 48.95185.2369.97
DEBUG:root:Running through columns: 48.98184.7770.43
DEBUG:root:Running through columns: 49.02184.3271.33
DEBUG:root:Running through columns: 49.05183.4172.23
DEBUG:root:Running through columns: 49.08182.4973.13
DEBUG:root:Running through columns: 49.12181.1274.94
DEBUG:root:Running through columns: 49.15181.1274.94
DEBUG:root:Running through columns: 49.18180.6776.29
DEBUG:root:Running through columns: 49.22179.7676.29
DEBUG:root:Running through columns: 49.25179.3077.20
DEBUG:root:Running through columns: 49.28178.8478.10
DEBUG:root:Running through columns: 49.32177.4779.45
DEBUG:root:Running through columns: 49.35177.4779.45
DEBUG:root:Running through columns: 49.38176.5680.81
DEBUG:root:Running through columns: 49.42175.6581.71
DEBUG:root:Running through columns: 49.45175.1982.61
DEBUG:root:Running through columns: 49.48174.2883.07
DEBUG:root:Running through columns: 49.52173.3784.42
DEBUG:root:Running through columns: 49.55173.3784.42
DEBUG:root:Running through columns: 49.58172.4685.32
DEBUG:root:Running through columns: 49.62172.0086.23
DEBUG:root:Running through columns: 49.65171.5486.68
DEBUG:root:Running through columns: 49.68170.6387.13
DEBUG:root:Running through columns: 49.72169.2688.48
DEBUG:root:Running through columns: 49.75169.2688.48
DEBUG:root:Running through columns: 49.78168.3588.93
DEBUG:root:Running through columns: 49.82167.8989.84
DEBUG:root:Running through columns: 49.85166.9890.74
DEBUG:root:Running through columns: 49.88166.5391.19
DEBUG:root:Running through columns: 49.92165.1692.55
DEBUG:root:Running through columns: 49.95165.1692.55
DEBUG:root:Running through columns: 49.98164.7093.00
DEBUG:root:Running through columns: 50.02164.7093.90
DEBUG:root:Running through columns: 50.05164.2494.80
DEBUG:root:Running through columns: 50.08163.7995.25
DEBUG:root:Running through columns: 50.12163.3396.61
DEBUG:root:Running through columns: 50.15163.3396.61
DEBUG:root:Running through columns: 50.18162.8897.51
DEBUG:root:Running through columns: 50.22162.8898.41
DEBUG:root:Running through columns: 50.25162.4299.32
DEBUG:root:Running through columns: 50.28162.4299.77
DEBUG:root:Running through columns: 50.32161.96101.12
DEBUG:root:Running through columns: 50.35161.96101.12
DEBUG:root:Running through columns: 50.38161.96101.57
DEBUG:root:Running through columns: 50.42161.96102.48
DEBUG:root:Running through columns: 50.45161.96103.38
DEBUG:root:Running through columns: 50.48161.51103.83
DEBUG:root:Running through columns: 50.52161.51105.64
DEBUG:root:Running through columns: 50.55161.51105.64
DEBUG:root:Running through columns: 50.58161.51106.54
DEBUG:root:Running through columns: 50.62161.51106.99
DEBUG:root:Running through columns: 50.65161.51107.90
DEBUG:root:Running through columns: 50.68161.51108.80
DEBUG:root:Running through columns: 50.72161.96110.15
DEBUG:root:Running through columns: 50.75161.96110.15
DEBUG:root:Running through columns: 50.78161.96111.06
DEBUG:root:Running through columns: 50.82161.96111.51
DEBUG:root:Running through columns: 50.85162.42112.41
DEBUG:root:Running through columns: 50.88162.42113.31
DEBUG:root:Running through columns: 50.92162.42115.12
DEBUG:root:Running through columns: 50.95162.42115.12
DEBUG:root:Running through columns: 50.98162.88115.57
DEBUG:root:Running through columns: 51.02162.88116.47
DEBUG:root:Running through columns: 51.05162.88117.38
DEBUG:root:Running through columns: 51.08162.88118.28
DEBUG:root:Running through columns: 51.12162.88119.63
DEBUG:root:Running through columns: 51.15162.88119.63
DEBUG:root:Running through columns: 51.18162.88120.54
DEBUG:root:Running through columns: 51.22162.88120.99
DEBUG:root:Running through columns: 51.25162.88121.44
DEBUG:root:Running through columns: 51.28162.88122.34
DEBUG:root:Running through columns: 51.32162.88123.24
DEBUG:root:Running through columns: 51.35162.88123.24
DEBUG:root:Running through columns: 51.38162.88124.15
DEBUG:root:Running through columns: 51.42162.88124.60
DEBUG:root:Running through columns: 51.45162.88125.50
DEBUG:root:Running through columns: 51.48162.88125.95
DEBUG:root:Running through columns: 51.52162.88127.31
DEBUG:root:Running through columns: 51.55162.88127.31
DEBUG:root:Running through columns: 51.58162.88127.76
DEBUG:root:Running through columns: 51.62162.88128.66
DEBUG:root:Running through columns: 51.65162.88129.11
DEBUG:root:Running through columns: 51.68162.88130.02
DEBUG:root:Running through columns: 51.72162.88131.37
DEBUG:root:Running through columns: 51.75162.88131.37
DEBUG:root:Running through columns: 51.79162.88131.82
DEBUG:root:Running through columns: 51.82162.88132.27
DEBUG:root:Running through columns: 51.85163.33133.18
DEBUG:root:Running through columns: 51.89163.33133.63
DEBUG:root:Running through columns: 51.92163.79135.43
DEBUG:root:Goal position set manually: 0,0
DEBUG:root:Maze centre set manually: 0,0
DEBUG:root:Maze diameter set manually: 300
DEBUG:root:Calculating search strategies
